2024-01-08 13:18:28.395 [info] Log level: Info
2024-01-08 13:18:28.396 [info] Validating found git in: "git"
2024-01-08 13:18:28.396 [info] Using git "2.43.0" from "git"
2024-01-08 13:18:28.396 [info] > git rev-parse --show-toplevel [25ms]
2024-01-08 13:18:28.396 [info] > git rev-parse --git-dir --git-common-dir [18ms]
2024-01-08 13:18:28.396 [info] Open repository: /home/neutron/Documents/spacestuff/git/instrument-magnitude
2024-01-08 13:18:28.451 [info] > git config --get commit.template [38ms]
2024-01-08 13:18:28.495 [info] > git for-each-ref --format=%(refname)%00%(upstream:short)%00%(objectname)%00%(upstream:track)%00%(upstream:remotename)%00%(upstream:remoteref) refs/heads/main refs/remotes/main [21ms]
2024-01-08 13:18:28.691 [info] > git status -z -uall [19ms]
2024-01-08 13:18:28.729 [info] > git config --get commit.template [9ms]
2024-01-08 13:18:28.793 [info] > git for-each-ref --format=%(refname)%00%(upstream:short)%00%(objectname)%00%(upstream:track)%00%(upstream:remotename)%00%(upstream:remoteref) refs/heads/main refs/remotes/main [3ms]
2024-01-08 13:18:28.849 [info] > git status -z -uall [1ms]
2024-01-08 13:18:28.914 [info] > git show --textconv :main.py [7ms]
2024-01-08 13:18:28.915 [info] > git ls-files --stage -- /home/neutron/Documents/spacestuff/git/instrument-magnitude/main.py [2ms]
2024-01-08 13:18:28.923 [info] > git cat-file -s e863cd36eccbd0c04502b82610458f2a6068604b [2ms]
2024-01-08 13:18:28.979 [info] > git check-ignore -v -z --stdin [19ms]
2024-01-08 13:18:29.746 [info] > git ls-files --stage -- /home/neutron/Documents/spacestuff/git/instrument-magnitude/main.py [2ms]
2024-01-08 13:18:29.759 [info] > git cat-file -s e863cd36eccbd0c04502b82610458f2a6068604b [3ms]
2024-01-08 13:18:29.776 [info] > git show --textconv :main.py [4ms]
2024-01-08 13:18:30.047 [info] > git merge-base refs/heads/main refs/remotes/origin/main [1ms]
2024-01-08 13:18:30.060 [info] > git rev-list --count --left-right refs/heads/main...refs/remotes/origin/main [5ms]
2024-01-08 13:18:32.078 [info] > git fetch [3694ms]
2024-01-08 13:18:32.099 [info] > git config --get commit.template [10ms]
2024-01-08 13:18:32.099 [info] > git for-each-ref --format=%(refname)%00%(upstream:short)%00%(objectname)%00%(upstream:track)%00%(upstream:remotename)%00%(upstream:remoteref) refs/heads/main refs/remotes/main [1ms]
2024-01-08 13:18:32.112 [info] > git status -z -uall [2ms]
2024-01-08 13:18:33.168 [info] > git config --get commit.template [8ms]
2024-01-08 13:18:33.168 [info] > git for-each-ref --format=%(refname)%00%(upstream:short)%00%(objectname)%00%(upstream:track)%00%(upstream:remotename)%00%(upstream:remoteref) refs/heads/main refs/remotes/main [1ms]
2024-01-08 13:18:33.187 [info] > git status -z -uall [11ms]
2024-01-08 13:18:33.266 [info] > git ls-files --stage -- /home/neutron/Documents/spacestuff/git/instrument-magnitude/main.py [3ms]
2024-01-08 13:18:33.283 [info] > git cat-file -s e863cd36eccbd0c04502b82610458f2a6068604b [3ms]
2024-01-08 13:18:33.309 [info] > git show --textconv :main.py [3ms]
2024-01-08 13:25:34.134 [info] > git fetch [187ms]
2024-01-08 13:25:34.156 [info] > git config --get commit.template [12ms]
2024-01-08 13:25:34.157 [info] > git for-each-ref --format=%(refname)%00%(upstream:short)%00%(objectname)%00%(upstream:track)%00%(upstream:remotename)%00%(upstream:remoteref) refs/heads/main refs/remotes/main [2ms]
2024-01-08 13:25:34.172 [info] > git status -z -uall [2ms]
2024-01-08 13:29:30.842 [info] > git config --get commit.template [12ms]
2024-01-08 13:29:30.842 [info] > git for-each-ref --format=%(refname)%00%(upstream:short)%00%(objectname)%00%(upstream:track)%00%(upstream:remotename)%00%(upstream:remoteref) refs/heads/main refs/remotes/main [2ms]
2024-01-08 13:29:30.853 [info] > git status -z -uall [2ms]
2024-01-08 13:29:30.905 [info] > git ls-files --stage -- /home/neutron/Documents/spacestuff/git/instrument-magnitude/main.py [2ms]
2024-01-08 13:29:30.915 [info] > git cat-file -s e863cd36eccbd0c04502b82610458f2a6068604b [1ms]
2024-01-08 13:29:30.928 [info] > git show --textconv :main.py [2ms]
2024-01-08 13:29:31.004 [info] > git fetch [190ms]
2024-01-08 13:29:31.025 [info] > git config --get commit.template [11ms]
2024-01-08 13:29:31.027 [info] > git for-each-ref --format=%(refname)%00%(upstream:short)%00%(objectname)%00%(upstream:track)%00%(upstream:remotename)%00%(upstream:remoteref) refs/heads/main refs/remotes/main [3ms]
2024-01-08 13:29:31.040 [info] > git status -z -uall [2ms]
2024-01-08 13:30:05.919 [info] > git config --get commit.template [20ms]
2024-01-08 13:30:05.934 [info] > git ls-files --stage -- /home/neutron/Documents/spacestuff/git/instrument-magnitude/main.py [17ms]
2024-01-08 13:30:05.946 [info] > git for-each-ref --format=%(refname)%00%(upstream:short)%00%(objectname)%00%(upstream:track)%00%(upstream:remotename)%00%(upstream:remoteref) refs/heads/main refs/remotes/main [14ms]
2024-01-08 13:30:05.947 [info] > git cat-file -s e863cd36eccbd0c04502b82610458f2a6068604b [3ms]
2024-01-08 13:30:05.971 [info] > git status -z -uall [10ms]
2024-01-08 13:30:05.975 [info] > git show --textconv :main.py [5ms]
2024-01-08 13:35:57.215 [info] > git fetch [188ms]
2024-01-08 13:35:57.230 [info] > git config --get commit.template [7ms]
2024-01-08 13:35:57.231 [info] > git for-each-ref --format=%(refname)%00%(upstream:short)%00%(objectname)%00%(upstream:track)%00%(upstream:remotename)%00%(upstream:remoteref) refs/heads/main refs/remotes/main [2ms]
2024-01-08 13:35:57.239 [info] > git status -z -uall [2ms]
2024-01-08 13:35:58.352 [info] > git config --get commit.template [1ms]
2024-01-08 13:35:58.362 [info] > git for-each-ref --format=%(refname)%00%(upstream:short)%00%(objectname)%00%(upstream:track)%00%(upstream:remotename)%00%(upstream:remoteref) refs/heads/main refs/remotes/main [2ms]
2024-01-08 13:35:58.372 [info] > git status -z -uall [2ms]
2024-01-08 13:35:58.453 [info] > git ls-files --stage -- /home/neutron/Documents/spacestuff/git/instrument-magnitude/main.py [1ms]
2024-01-08 13:35:58.463 [info] > git cat-file -s e863cd36eccbd0c04502b82610458f2a6068604b [2ms]
2024-01-08 13:35:58.474 [info] > git show --textconv :main.py [1ms]
2024-01-08 13:37:13.141 [info] > git check-ignore -v -z --stdin [3ms]
2024-01-08 13:37:14.456 [info] > git show --textconv :main.py [9ms]
2024-01-08 13:37:14.458 [info] > git ls-files --stage -- /home/neutron/Documents/spacestuff/git/instrument-magnitude/main.py [1ms]
2024-01-08 13:37:14.466 [info] > git cat-file -s e863cd36eccbd0c04502b82610458f2a6068604b [2ms]
2024-01-08 13:40:39.136 [info] > git fetch [179ms]
2024-01-08 13:40:39.153 [info] > git config --get commit.template [8ms]
2024-01-08 13:40:39.154 [info] > git for-each-ref --format=%(refname)%00%(upstream:short)%00%(objectname)%00%(upstream:track)%00%(upstream:remotename)%00%(upstream:remoteref) refs/heads/main refs/remotes/main [1ms]
2024-01-08 13:40:39.165 [info] > git status -z -uall [2ms]
2024-01-08 13:40:40.282 [info] > git config --get commit.template [9ms]
2024-01-08 13:40:40.283 [info] > git for-each-ref --format=%(refname)%00%(upstream:short)%00%(objectname)%00%(upstream:track)%00%(upstream:remotename)%00%(upstream:remoteref) refs/heads/main refs/remotes/main [2ms]
2024-01-08 13:40:40.294 [info] > git status -z -uall [2ms]
2024-01-08 13:40:40.373 [info] > git ls-files --stage -- /home/neutron/Documents/spacestuff/git/instrument-magnitude/main.py [2ms]
2024-01-08 13:40:40.383 [info] > git cat-file -s e863cd36eccbd0c04502b82610458f2a6068604b [2ms]
2024-01-08 13:40:40.395 [info] > git show --textconv :main.py [2ms]
2024-01-08 15:19:31.933 [info] > git fetch [174ms]
