2024-01-21 14:15:26.949 [info] Added views:workbench.panel.markers.view in workbench.panel.markers
2024-01-21 14:15:26.949 [info] Added views:terminal in terminal
2024-01-21 14:15:26.949 [info] Added views:outline in workbench.view.explorer
2024-01-21 14:15:26.949 [info] Added views:workbench.scm in workbench.view.scm
2024-01-21 14:15:26.949 [info] Added views:workbench.view.search in workbench.view.search
2024-01-21 14:15:26.949 [info] Added views:workbench.panel.output in workbench.views.service.panel.2370aed2-384e-457a-b7b8-729fddeb515f
2024-01-21 14:15:26.949 [info] Added views:timeline in workbench.view.explorer
2024-01-21 14:15:26.949 [info] Added views:workbench.explorer.emptyView in workbench.view.explorer
2024-01-21 14:15:27.254 [info] Added views:gitlens.views.home,gitlens.views.drafts,gitlens.views.workspaces,gitlens.views.account in workbench.view.extension.gitlens
2024-01-21 14:15:27.255 [info] Added views:gitlens.views.commitDetails,gitlens.views.lineHistory,gitlens.views.fileHistory,gitlens.views.searchAndCompare in workbench.view.extension.gitlensInspect
2024-01-21 14:15:27.256 [info] Added views:gitlens.views.commits,gitlens.views.branches,gitlens.views.remotes,gitlens.views.stashes,gitlens.views.tags,gitlens.views.contributors in workbench.view.scm
2024-01-21 14:15:27.430 [info] Added views:workbench.debug.variablesView,workbench.debug.watchExpressionsView,workbench.debug.callStackView,workbench.debug.breakPointsView in workbench.view.debug
2024-01-21 14:15:27.486 [info] Added views:~remote.forwardedPorts in ~remote.forwardedPortsContainer
2024-01-21 14:15:27.603 [info] Added views:workbench.panel.repl.view in workbench.panel.repl
2024-01-21 14:15:27.604 [info] Removed views:workbench.debug.breakPointsView,workbench.debug.callStackView,workbench.debug.watchExpressionsView,workbench.debug.variablesView from workbench.view.debug
2024-01-21 14:15:27.605 [info] Added views:workbench.debug.welcome in workbench.view.debug
2024-01-21 14:15:28.128 [info] Removed views:gitlens.views.searchAndCompare,gitlens.views.fileHistory,gitlens.views.lineHistory,gitlens.views.commitDetails from workbench.view.extension.gitlensInspect
2024-01-21 14:15:28.130 [info] Removed views:gitlens.views.contributors,gitlens.views.tags,gitlens.views.stashes,gitlens.views.remotes,gitlens.views.branches,gitlens.views.commits from workbench.view.scm
2024-01-21 14:15:55.339 [info] Added views:workbench.panel.markers.view in workbench.panel.markers
2024-01-21 14:15:55.339 [info] Added views:terminal in terminal
2024-01-21 14:15:55.339 [info] Added views:outline in workbench.view.explorer
2024-01-21 14:15:55.339 [info] Added views:workbench.scm in workbench.view.scm
2024-01-21 14:15:55.339 [info] Added views:workbench.view.search in workbench.view.search
2024-01-21 14:15:55.339 [info] Added views:workbench.panel.output in workbench.views.service.panel.2370aed2-384e-457a-b7b8-729fddeb515f
2024-01-21 14:15:55.339 [info] Added views:timeline in workbench.view.explorer
2024-01-21 14:15:55.339 [info] Added views:workbench.explorer.fileView in workbench.view.explorer
2024-01-21 14:15:55.588 [info] Added views:gitlens.views.home,gitlens.views.drafts,gitlens.views.workspaces,gitlens.views.account in workbench.view.extension.gitlens
2024-01-21 14:15:55.589 [info] Added views:gitlens.views.commitDetails,gitlens.views.lineHistory,gitlens.views.fileHistory,gitlens.views.searchAndCompare in workbench.view.extension.gitlensInspect
2024-01-21 14:15:55.590 [info] Added views:gitlens.views.commits,gitlens.views.branches,gitlens.views.remotes,gitlens.views.stashes,gitlens.views.tags,gitlens.views.contributors in workbench.view.scm
2024-01-21 14:15:55.781 [info] Added views:workbench.debug.variablesView,workbench.debug.watchExpressionsView,workbench.debug.callStackView,workbench.debug.breakPointsView in workbench.view.debug
2024-01-21 14:15:55.819 [info] Added views:~remote.forwardedPorts in ~remote.forwardedPortsContainer
2024-01-21 14:15:55.992 [info] Added views:workbench.panel.repl.view in workbench.panel.repl
2024-01-21 14:15:55.995 [info] Removed views:workbench.debug.breakPointsView,workbench.debug.callStackView,workbench.debug.watchExpressionsView,workbench.debug.variablesView from workbench.view.debug
2024-01-21 14:15:55.995 [info] Added views:workbench.debug.welcome in workbench.view.debug
2024-01-21 14:15:56.254 [info] Removed views:gitlens.views.workspaces,gitlens.views.drafts from workbench.view.extension.gitlens
2024-01-21 14:15:56.259 [info] Removed views:gitlens.views.searchAndCompare,gitlens.views.fileHistory,gitlens.views.lineHistory,gitlens.views.commitDetails from workbench.view.extension.gitlensInspect
2024-01-21 14:15:56.260 [info] Removed views:gitlens.views.contributors,gitlens.views.tags,gitlens.views.stashes,gitlens.views.remotes,gitlens.views.branches,gitlens.views.commits from workbench.view.scm
2024-01-21 14:15:58.744 [info] Added views:gitlens.views.drafts,gitlens.views.workspaces in workbench.view.extension.gitlens
2024-01-21 14:15:58.746 [info] Added views:gitlens.views.graph,gitlens.views.graphDetails in workbench.view.extension.gitlensPanel
2024-01-21 14:15:58.748 [info] Added views:gitlens.views.commitDetails,gitlens.views.lineHistory,gitlens.views.fileHistory,gitlens.views.timeline,gitlens.views.searchAndCompare in workbench.view.extension.gitlensInspect
2024-01-21 14:15:58.749 [info] Added views:gitlens.views.commits,gitlens.views.branches,gitlens.views.remotes,gitlens.views.stashes,gitlens.views.tags,gitlens.views.worktrees,gitlens.views.contributors in workbench.view.scm
2024-01-21 14:16:36.550 [info] Added views:workbench.views.extensions.installed,workbench.views.extensions.popular,extensions.recommendedList in workbench.view.extensions
2024-01-21 14:16:36.554 [info] Removed views:workbench.views.extensions.popular from workbench.view.extensions
2024-01-21 14:16:57.842 [info] Added views:workbench.panel.markers.view in workbench.panel.markers
2024-01-21 14:16:57.842 [info] Added views:terminal in terminal
2024-01-21 14:16:57.842 [info] Added views:outline in workbench.view.explorer
2024-01-21 14:16:57.842 [info] Added views:workbench.scm in workbench.view.scm
2024-01-21 14:16:57.842 [info] Added views:workbench.view.search in workbench.view.search
2024-01-21 14:16:57.842 [info] Added views:workbench.panel.output in workbench.views.service.panel.2370aed2-384e-457a-b7b8-729fddeb515f
2024-01-21 14:16:57.842 [info] Added views:timeline in workbench.view.explorer
2024-01-21 14:16:57.842 [info] Added views:workbench.explorer.fileView in workbench.view.explorer
2024-01-21 14:16:57.959 [info] Added views:workbench.debug.welcome in workbench.view.debug
2024-01-21 14:16:58.484 [info] Added views:workbench.panel.repl.view in workbench.panel.repl
2024-01-21 14:16:58.724 [info] Added views:workbench.views.extensions.installed,extensions.recommendedList in workbench.view.extensions
2024-01-21 14:16:58.726 [info] Added views:~remote.forwardedPorts in ~remote.forwardedPortsContainer
