2024-01-05 14:07:46.805 [info] Reading sessions from keychain...
2024-01-05 14:07:46.805 [info] Getting sessions for all scopes...
2024-01-05 14:07:46.805 [info] Getting sessions for all scopes...
2024-01-05 14:07:46.805 [info] Got stored sessions!
2024-01-05 14:07:46.805 [info] Got 1 verified sessions.
2024-01-05 14:07:46.805 [info] Got 1 sessions for ...
2024-01-05 14:07:46.805 [info] Got 1 sessions for ...
2024-01-05 14:07:46.805 [info] Getting sessions for read:user,repo,user:email,workflow...
2024-01-05 14:07:46.805 [info] Got 1 sessions for read:user,repo,user:email,workflow...
2024-01-05 14:07:47.054 [info] Getting sessions for read:user,repo,user:email,workflow...
2024-01-05 14:07:47.054 [info] Got 1 sessions for read:user,repo,user:email,workflow...
2024-01-05 14:08:54.146 [info] Reading sessions from keychain...
2024-01-05 14:08:54.146 [info] Getting sessions for all scopes...
2024-01-05 14:08:54.146 [info] Getting sessions for all scopes...
2024-01-05 14:08:54.146 [info] Got stored sessions!
2024-01-05 14:08:54.146 [info] Got 1 verified sessions.
2024-01-05 14:08:54.146 [info] Got 1 sessions for ...
2024-01-05 14:08:54.146 [info] Got 1 sessions for ...
2024-01-05 14:08:54.146 [info] Getting sessions for read:user,repo,user:email,workflow...
2024-01-05 14:08:54.146 [info] Got 1 sessions for read:user,repo,user:email,workflow...
2024-01-05 14:08:54.396 [info] Getting sessions for read:user,repo,user:email,workflow...
2024-01-05 14:08:54.396 [info] Got 1 sessions for read:user,repo,user:email,workflow...
