2024-01-04 18:56:13.078 [info] Log level: Info
2024-01-04 18:56:13.078 [info] Validating found git in: "git"
2024-01-04 18:56:13.078 [info] Using git "2.43.0" from "git"
2024-01-04 18:56:13.078 [info] > git rev-parse --show-toplevel [65ms]
2024-01-04 18:56:13.079 [info] > git rev-parse --git-dir --git-common-dir [18ms]
2024-01-04 18:56:13.079 [info] Open repository: /home/neutron/Documents/spacestuff/git/instrument-magnitude
2024-01-04 18:56:13.114 [info] > git config --get commit.template [26ms]
2024-01-04 18:56:13.160 [info] > git for-each-ref --format=%(refname)%00%(upstream:short)%00%(objectname)%00%(upstream:track)%00%(upstream:remotename)%00%(upstream:remoteref) refs/heads/main refs/remotes/main [24ms]
2024-01-04 18:56:13.308 [info] > git fetch [234ms]
2024-01-04 18:56:13.364 [info] > git show --textconv :main.py [17ms]
2024-01-04 18:56:13.365 [info] > git config --get commit.template [37ms]
2024-01-04 18:56:13.378 [info] > git ls-files --stage -- /home/neutron/Documents/spacestuff/git/instrument-magnitude/main.py [23ms]
2024-01-04 18:56:13.439 [info] > git for-each-ref --format=%(refname)%00%(upstream:short)%00%(objectname)%00%(upstream:track)%00%(upstream:remotename)%00%(upstream:remoteref) refs/heads/main refs/remotes/main [42ms]
2024-01-04 18:56:13.439 [info] > git config --get commit.template [48ms]
2024-01-04 18:56:13.439 [info] > git cat-file -s e863cd36eccbd0c04502b82610458f2a6068604b [55ms]
2024-01-04 18:56:13.506 [info] > git for-each-ref --format=%(refname)%00%(upstream:short)%00%(objectname)%00%(upstream:track)%00%(upstream:remotename)%00%(upstream:remoteref) refs/heads/main refs/remotes/main [4ms]
2024-01-04 18:56:13.521 [info] > git status -z -uall [4ms]
2024-01-04 18:56:13.621 [info] > git check-ignore -v -z --stdin [11ms]
2024-01-04 18:56:44.075 [info] > git ls-files --stage -- /home/neutron/Documents/spacestuff/git/instrument-magnitude/main.py [2ms]
2024-01-04 18:56:44.093 [info] > git cat-file -s e863cd36eccbd0c04502b82610458f2a6068604b [2ms]
2024-01-04 18:56:44.117 [info] > git show --textconv :main.py [4ms]
2024-01-04 18:56:47.288 [info] > git config --get commit.template [10ms]
2024-01-04 18:56:47.289 [info] > git for-each-ref --format=%(refname)%00%(upstream:short)%00%(objectname)%00%(upstream:track)%00%(upstream:remotename)%00%(upstream:remoteref) refs/heads/main refs/remotes/main [2ms]
2024-01-04 18:56:47.300 [info] > git status -z -uall [2ms]
2024-01-04 18:56:53.153 [info] Log level: Info
2024-01-04 18:56:53.153 [info] Validating found git in: "git"
2024-01-04 18:56:53.153 [info] Using git "2.43.0" from "git"
2024-01-04 18:56:53.153 [info] > git rev-parse --show-toplevel [55ms]
2024-01-04 18:56:53.176 [info] > git rev-parse --git-dir --git-common-dir [16ms]
2024-01-04 18:56:53.195 [info] Open repository: /home/neutron/Documents/spacestuff/git/instrument-magnitude
2024-01-04 18:56:53.225 [info] > git config --get commit.template [21ms]
2024-01-04 18:56:53.257 [info] > git for-each-ref --format=%(refname)%00%(upstream:short)%00%(objectname)%00%(upstream:track)%00%(upstream:remotename)%00%(upstream:remoteref) refs/heads/main refs/remotes/main [16ms]
2024-01-04 18:56:53.421 [info] > git status -z -uall [142ms]
2024-01-04 18:56:53.421 [info] > git fetch [227ms]
2024-01-04 18:56:53.450 [info] > git config --get commit.template [8ms]
2024-01-04 18:56:53.453 [info] > git config --get commit.template [5ms]
2024-01-04 18:56:53.547 [info] > git for-each-ref --format=%(refname)%00%(upstream:short)%00%(objectname)%00%(upstream:track)%00%(upstream:remotename)%00%(upstream:remoteref) refs/heads/main refs/remotes/main [30ms]
2024-01-04 18:56:53.548 [info] > git for-each-ref --format=%(refname)%00%(upstream:short)%00%(objectname)%00%(upstream:track)%00%(upstream:remotename)%00%(upstream:remoteref) refs/heads/main refs/remotes/main [38ms]
2024-01-04 18:56:53.624 [info] > git status -z -uall [54ms]
2024-01-04 18:56:53.652 [info] > git show --textconv :main.py [9ms]
2024-01-04 18:56:53.653 [info] > git ls-files --stage -- /home/neutron/Documents/spacestuff/git/instrument-magnitude/main.py [2ms]
2024-01-04 18:56:53.669 [info] > git cat-file -s e863cd36eccbd0c04502b82610458f2a6068604b [9ms]
2024-01-04 18:56:53.735 [info] > git check-ignore -v -z --stdin [1ms]
2024-01-04 18:56:54.563 [info] > git ls-files --stage -- /home/neutron/Documents/spacestuff/git/instrument-magnitude/main.py [1ms]
2024-01-04 18:56:54.571 [info] > git cat-file -s e863cd36eccbd0c04502b82610458f2a6068604b [1ms]
2024-01-04 18:56:54.582 [info] > git show --textconv :main.py [2ms]
2024-01-04 18:57:13.609 [info] > git check-ignore -v -z --stdin [2ms]
2024-01-04 19:02:44.854 [info] > git fetch [139ms]
2024-01-04 19:02:44.871 [info] > git config --get commit.template [8ms]
2024-01-04 19:02:44.872 [info] > git for-each-ref --format=%(refname)%00%(upstream:short)%00%(objectname)%00%(upstream:track)%00%(upstream:remotename)%00%(upstream:remoteref) refs/heads/main refs/remotes/main [2ms]
2024-01-04 19:02:44.882 [info] > git status -z -uall [2ms]
2024-01-04 19:03:03.826 [info] > git config --get commit.template [4ms]
2024-01-04 19:03:03.862 [info] > git ls-files --stage -- /home/neutron/Documents/spacestuff/git/instrument-magnitude/main.py [17ms]
2024-01-04 19:03:03.876 [info] > git for-each-ref --format=%(refname)%00%(upstream:short)%00%(objectname)%00%(upstream:track)%00%(upstream:remotename)%00%(upstream:remoteref) refs/heads/main refs/remotes/main [16ms]
2024-01-04 19:03:03.877 [info] > git cat-file -s e863cd36eccbd0c04502b82610458f2a6068604b [3ms]
2024-01-04 19:03:03.903 [info] > git status -z -uall [13ms]
2024-01-04 19:03:03.907 [info] > git show --textconv :main.py [5ms]
2024-01-04 19:06:34.436 [info] > git fetch [143ms]
2024-01-04 19:06:34.454 [info] > git config --get commit.template [7ms]
2024-01-04 19:06:34.454 [info] > git for-each-ref --format=%(refname)%00%(upstream:short)%00%(objectname)%00%(upstream:track)%00%(upstream:remotename)%00%(upstream:remoteref) refs/heads/main refs/remotes/main [1ms]
2024-01-04 19:06:34.466 [info] > git status -z -uall [4ms]
2024-01-04 19:06:43.225 [info] > git config --get commit.template [18ms]
2024-01-04 19:06:43.236 [info] > git ls-files --stage -- /home/neutron/Documents/spacestuff/git/instrument-magnitude/main.py [13ms]
2024-01-04 19:06:43.245 [info] > git for-each-ref --format=%(refname)%00%(upstream:short)%00%(objectname)%00%(upstream:track)%00%(upstream:remotename)%00%(upstream:remoteref) refs/heads/main refs/remotes/main [10ms]
2024-01-04 19:06:43.246 [info] > git cat-file -s e863cd36eccbd0c04502b82610458f2a6068604b [2ms]
2024-01-04 19:06:43.263 [info] > git status -z -uall [8ms]
2024-01-04 19:06:43.266 [info] > git show --textconv :main.py [4ms]
2024-01-04 19:11:20.035 [info] > git fetch [146ms]
2024-01-04 19:11:20.056 [info] > git config --get commit.template [10ms]
2024-01-04 19:11:20.056 [info] > git for-each-ref --format=%(refname)%00%(upstream:short)%00%(objectname)%00%(upstream:track)%00%(upstream:remotename)%00%(upstream:remoteref) refs/heads/main refs/remotes/main [1ms]
2024-01-04 19:11:20.070 [info] > git status -z -uall [2ms]
2024-01-04 19:11:32.749 [info] > git config --get commit.template [21ms]
2024-01-04 19:11:32.764 [info] > git ls-files --stage -- /home/neutron/Documents/spacestuff/git/instrument-magnitude/main.py [17ms]
2024-01-04 19:11:32.777 [info] > git for-each-ref --format=%(refname)%00%(upstream:short)%00%(objectname)%00%(upstream:track)%00%(upstream:remotename)%00%(upstream:remoteref) refs/heads/main refs/remotes/main [14ms]
2024-01-04 19:11:32.777 [info] > git cat-file -s e863cd36eccbd0c04502b82610458f2a6068604b [1ms]
2024-01-04 19:11:32.798 [info] > git status -z -uall [11ms]
2024-01-04 19:11:32.803 [info] > git show --textconv :main.py [6ms]
2024-01-04 19:14:45.503 [info] > git fetch [146ms]
2024-01-04 19:14:45.520 [info] > git config --get commit.template [8ms]
2024-01-04 19:14:45.521 [info] > git for-each-ref --format=%(refname)%00%(upstream:short)%00%(objectname)%00%(upstream:track)%00%(upstream:remotename)%00%(upstream:remoteref) refs/heads/main refs/remotes/main [1ms]
2024-01-04 19:14:45.531 [info] > git status -z -uall [2ms]
2024-01-04 19:14:46.650 [info] > git config --get commit.template [9ms]
2024-01-04 19:14:46.651 [info] > git for-each-ref --format=%(refname)%00%(upstream:short)%00%(objectname)%00%(upstream:track)%00%(upstream:remotename)%00%(upstream:remoteref) refs/heads/main refs/remotes/main [2ms]
2024-01-04 19:14:46.661 [info] > git status -z -uall [2ms]
2024-01-04 19:14:46.743 [info] > git ls-files --stage -- /home/neutron/Documents/spacestuff/git/instrument-magnitude/main.py [2ms]
2024-01-04 19:14:46.752 [info] > git cat-file -s e863cd36eccbd0c04502b82610458f2a6068604b [2ms]
2024-01-04 19:14:46.763 [info] > git show --textconv :main.py [2ms]
2024-01-04 19:17:54.958 [info] > git fetch [141ms]
2024-01-04 19:17:54.975 [info] > git config --get commit.template [8ms]
2024-01-04 19:17:54.976 [info] > git for-each-ref --format=%(refname)%00%(upstream:short)%00%(objectname)%00%(upstream:track)%00%(upstream:remotename)%00%(upstream:remoteref) refs/heads/main refs/remotes/main [2ms]
2024-01-04 19:17:54.985 [info] > git status -z -uall [2ms]
2024-01-04 19:17:56.093 [info] > git config --get commit.template [9ms]
2024-01-04 19:17:56.094 [info] > git for-each-ref --format=%(refname)%00%(upstream:short)%00%(objectname)%00%(upstream:track)%00%(upstream:remotename)%00%(upstream:remoteref) refs/heads/main refs/remotes/main [2ms]
2024-01-04 19:17:56.106 [info] > git status -z -uall [2ms]
2024-01-04 19:17:56.185 [info] > git ls-files --stage -- /home/neutron/Documents/spacestuff/git/instrument-magnitude/main.py [1ms]
2024-01-04 19:17:56.195 [info] > git cat-file -s e863cd36eccbd0c04502b82610458f2a6068604b [1ms]
2024-01-04 19:17:56.207 [info] > git show --textconv :main.py [2ms]
2024-01-04 19:20:55.140 [info] > git fetch [143ms]
2024-01-04 19:20:55.150 [info] > git config --get commit.template [1ms]
2024-01-04 19:20:55.160 [info] > git for-each-ref --format=%(refname)%00%(upstream:short)%00%(objectname)%00%(upstream:track)%00%(upstream:remotename)%00%(upstream:remoteref) refs/heads/main refs/remotes/main [1ms]
2024-01-04 19:20:55.170 [info] > git status -z -uall [2ms]
2024-01-04 19:20:56.289 [info] > git config --get commit.template [9ms]
2024-01-04 19:20:56.289 [info] > git for-each-ref --format=%(refname)%00%(upstream:short)%00%(objectname)%00%(upstream:track)%00%(upstream:remotename)%00%(upstream:remoteref) refs/heads/main refs/remotes/main [2ms]
2024-01-04 19:20:56.299 [info] > git status -z -uall [1ms]
2024-01-04 19:20:56.379 [info] > git ls-files --stage -- /home/neutron/Documents/spacestuff/git/instrument-magnitude/main.py [1ms]
2024-01-04 19:20:56.389 [info] > git cat-file -s e863cd36eccbd0c04502b82610458f2a6068604b [1ms]
2024-01-04 19:20:56.401 [info] > git show --textconv :main.py [2ms]
2024-01-04 19:26:19.067 [info] > git fetch [177ms]
2024-01-04 19:26:19.084 [info] > git config --get commit.template [8ms]
2024-01-04 19:26:19.085 [info] > git for-each-ref --format=%(refname)%00%(upstream:short)%00%(objectname)%00%(upstream:track)%00%(upstream:remotename)%00%(upstream:remoteref) refs/heads/main refs/remotes/main [2ms]
2024-01-04 19:26:19.096 [info] > git status -z -uall [3ms]
2024-01-04 19:42:22.848 [info] > git config --get commit.template [20ms]
2024-01-04 19:42:22.849 [info] > git ls-files --stage -- /home/neutron/Documents/spacestuff/git/instrument-magnitude/main.py [3ms]
2024-01-04 19:42:22.876 [info] > git cat-file -s e863cd36eccbd0c04502b82610458f2a6068604b [14ms]
2024-01-04 19:42:22.879 [info] > git for-each-ref --format=%(refname)%00%(upstream:short)%00%(objectname)%00%(upstream:track)%00%(upstream:remotename)%00%(upstream:remoteref) refs/heads/main refs/remotes/main [4ms]
2024-01-04 19:42:22.902 [info] > git status -z -uall [10ms]
2024-01-04 19:42:22.904 [info] > git show --textconv :main.py [3ms]
2024-01-04 19:42:22.951 [info] > git fetch [138ms]
2024-01-04 19:42:22.967 [info] > git config --get commit.template [8ms]
2024-01-04 19:42:22.968 [info] > git for-each-ref --format=%(refname)%00%(upstream:short)%00%(objectname)%00%(upstream:track)%00%(upstream:remotename)%00%(upstream:remoteref) refs/heads/main refs/remotes/main [2ms]
2024-01-04 19:42:22.977 [info] > git status -z -uall [1ms]
2024-01-04 19:42:24.516 [info] > git ls-files --stage -- /home/neutron/Documents/spacestuff/git/instrument-magnitude/main.py [2ms]
2024-01-04 19:42:24.532 [info] > git cat-file -s e863cd36eccbd0c04502b82610458f2a6068604b [2ms]
2024-01-04 19:42:24.550 [info] > git show --textconv :main.py [2ms]
2024-01-04 19:43:39.125 [info] > git config --get commit.template [3ms]
2024-01-04 19:43:39.141 [info] > git for-each-ref --format=%(refname)%00%(upstream:short)%00%(objectname)%00%(upstream:track)%00%(upstream:remotename)%00%(upstream:remoteref) refs/heads/main refs/remotes/main [3ms]
2024-01-04 19:43:39.156 [info] > git status -z -uall [3ms]
2024-01-04 19:49:22.150 [info] > git fetch [161ms]
2024-01-04 19:49:22.167 [info] > git config --get commit.template [8ms]
2024-01-04 19:49:22.168 [info] > git for-each-ref --format=%(refname)%00%(upstream:short)%00%(objectname)%00%(upstream:track)%00%(upstream:remotename)%00%(upstream:remoteref) refs/heads/main refs/remotes/main [1ms]
2024-01-04 19:49:22.178 [info] > git status -z -uall [2ms]
2024-01-04 19:49:23.297 [info] > git config --get commit.template [9ms]
2024-01-04 19:49:23.298 [info] > git for-each-ref --format=%(refname)%00%(upstream:short)%00%(objectname)%00%(upstream:track)%00%(upstream:remotename)%00%(upstream:remoteref) refs/heads/main refs/remotes/main [2ms]
2024-01-04 19:49:23.309 [info] > git status -z -uall [2ms]
2024-01-04 19:49:23.390 [info] > git ls-files --stage -- /home/neutron/Documents/spacestuff/git/instrument-magnitude/main.py [2ms]
2024-01-04 19:49:23.398 [info] > git cat-file -s e863cd36eccbd0c04502b82610458f2a6068604b [1ms]
2024-01-04 19:49:23.411 [info] > git show --textconv :main.py [3ms]
2024-01-04 19:57:16.933 [info] > git fetch [153ms]
2024-01-04 19:57:16.959 [info] > git config --get commit.template [13ms]
2024-01-04 19:57:16.960 [info] > git for-each-ref --format=%(refname)%00%(upstream:short)%00%(objectname)%00%(upstream:track)%00%(upstream:remotename)%00%(upstream:remoteref) refs/heads/main refs/remotes/main [2ms]
2024-01-04 19:57:16.972 [info] > git status -z -uall [2ms]
