2024-01-04 13:21:01.073 [info] Log level: Info
2024-01-04 13:21:01.073 [info] Validating found git in: "git"
2024-01-04 13:21:01.073 [info] Using git "2.43.0" from "git"
2024-01-04 13:21:01.073 [info] > git rev-parse --show-toplevel [21ms]
2024-01-04 13:21:01.073 [info] > git rev-parse --git-dir --git-common-dir [16ms]
2024-01-04 13:21:01.073 [info] Open repository: /home/neutron/Documents/spacestuff/git/instrument-magnitude
2024-01-04 13:21:01.086 [info] > git config --get commit.template [27ms]
2024-01-04 13:21:01.314 [info] > git for-each-ref --format=%(refname)%00%(upstream:short)%00%(objectname)%00%(upstream:track)%00%(upstream:remotename)%00%(upstream:remoteref) refs/heads/main refs/remotes/main [203ms]
2024-01-04 13:21:01.315 [info] > git fetch [268ms]
2024-01-04 13:21:01.347 [info] > git config --get commit.template [24ms]
2024-01-04 13:21:01.388 [info] > git show --textconv :main.py [23ms]
2024-01-04 13:21:01.408 [info] > git for-each-ref --format=%(refname)%00%(upstream:short)%00%(objectname)%00%(upstream:track)%00%(upstream:remotename)%00%(upstream:remoteref) refs/heads/main refs/remotes/main [30ms]
2024-01-04 13:21:01.409 [info] > git ls-files --stage -- /home/neutron/Documents/spacestuff/git/instrument-magnitude/main.py [37ms]
2024-01-04 13:21:01.430 [info] > git cat-file -s e863cd36eccbd0c04502b82610458f2a6068604b [15ms]
2024-01-04 13:21:01.431 [info] > git config --get commit.template [36ms]
2024-01-04 13:21:01.493 [info] > git for-each-ref --format=%(refname)%00%(upstream:short)%00%(objectname)%00%(upstream:track)%00%(upstream:remotename)%00%(upstream:remoteref) refs/heads/main refs/remotes/main [3ms]
2024-01-04 13:21:01.556 [info] > git status -z -uall [8ms]
2024-01-04 13:21:01.581 [info] > git check-ignore -v -z --stdin [1ms]
2024-01-04 13:21:02.461 [info] > git ls-files --stage -- /home/neutron/Documents/spacestuff/git/instrument-magnitude/main.py [2ms]
2024-01-04 13:21:02.472 [info] > git cat-file -s e863cd36eccbd0c04502b82610458f2a6068604b [2ms]
2024-01-04 13:21:02.486 [info] > git show --textconv :main.py [2ms]
2024-01-04 13:21:38.815 [info] Log level: Info
2024-01-04 13:21:38.815 [info] Validating found git in: "git"
2024-01-04 13:21:38.815 [info] Using git "2.43.0" from "git"
2024-01-04 13:21:38.815 [info] > git rev-parse --show-toplevel [23ms]
2024-01-04 13:21:38.837 [info] > git rev-parse --git-dir --git-common-dir [16ms]
2024-01-04 13:21:38.862 [info] Open repository: /home/neutron/Documents/spacestuff/git/instrument-magnitude
2024-01-04 13:21:38.890 [info] > git config --get commit.template [19ms]
2024-01-04 13:21:38.913 [info] > git for-each-ref --format=%(refname)%00%(upstream:short)%00%(objectname)%00%(upstream:track)%00%(upstream:remotename)%00%(upstream:remoteref) refs/heads/main refs/remotes/main [9ms]
2024-01-04 13:21:38.951 [info] > git status -z -uall [10ms]
2024-01-04 13:21:38.985 [info] > git config --get commit.template [12ms]
2024-01-04 13:21:38.985 [info] > git fetch [124ms]
2024-01-04 13:21:39.183 [info] > git config --get commit.template [58ms]
2024-01-04 13:21:39.195 [info] > git for-each-ref --format=%(refname)%00%(upstream:short)%00%(objectname)%00%(upstream:track)%00%(upstream:remotename)%00%(upstream:remoteref) refs/heads/main refs/remotes/main [13ms]
2024-01-04 13:21:39.222 [info] > git show --textconv :main.py [8ms]
2024-01-04 13:21:39.223 [info] > git for-each-ref --format=%(refname)%00%(upstream:short)%00%(objectname)%00%(upstream:track)%00%(upstream:remotename)%00%(upstream:remoteref) refs/heads/main refs/remotes/main [17ms]
2024-01-04 13:21:39.235 [info] > git ls-files --stage -- /home/neutron/Documents/spacestuff/git/instrument-magnitude/main.py [14ms]
2024-01-04 13:21:39.300 [info] > git cat-file -s e863cd36eccbd0c04502b82610458f2a6068604b [59ms]
2024-01-04 13:21:39.317 [info] > git status -z -uall [9ms]
2024-01-04 13:21:39.392 [info] > git check-ignore -v -z --stdin [1ms]
2024-01-04 13:21:40.306 [info] > git ls-files --stage -- /home/neutron/Documents/spacestuff/git/instrument-magnitude/main.py [2ms]
2024-01-04 13:21:40.315 [info] > git cat-file -s e863cd36eccbd0c04502b82610458f2a6068604b [1ms]
2024-01-04 13:21:40.327 [info] > git show --textconv :main.py [2ms]
2024-01-04 13:24:39.458 [info] > git fetch [124ms]
2024-01-04 13:24:39.477 [info] > git config --get commit.template [9ms]
2024-01-04 13:24:39.477 [info] > git for-each-ref --format=%(refname)%00%(upstream:short)%00%(objectname)%00%(upstream:track)%00%(upstream:remotename)%00%(upstream:remoteref) refs/heads/main refs/remotes/main [1ms]
2024-01-04 13:24:39.487 [info] > git status -z -uall [2ms]
2024-01-04 13:24:40.607 [info] > git config --get commit.template [10ms]
2024-01-04 13:24:40.608 [info] > git for-each-ref --format=%(refname)%00%(upstream:short)%00%(objectname)%00%(upstream:track)%00%(upstream:remotename)%00%(upstream:remoteref) refs/heads/main refs/remotes/main [2ms]
2024-01-04 13:24:40.619 [info] > git status -z -uall [2ms]
2024-01-04 13:24:40.698 [info] > git ls-files --stage -- /home/neutron/Documents/spacestuff/git/instrument-magnitude/main.py [1ms]
2024-01-04 13:24:40.707 [info] > git cat-file -s e863cd36eccbd0c04502b82610458f2a6068604b [1ms]
2024-01-04 13:24:40.720 [info] > git show --textconv :main.py [3ms]
2024-01-04 13:27:40.174 [info] > git fetch [671ms]
2024-01-04 13:27:40.191 [info] > git config --get commit.template [9ms]
2024-01-04 13:27:40.192 [info] > git for-each-ref --format=%(refname)%00%(upstream:short)%00%(objectname)%00%(upstream:track)%00%(upstream:remotename)%00%(upstream:remoteref) refs/heads/main refs/remotes/main [2ms]
2024-01-04 13:27:40.202 [info] > git status -z -uall [2ms]
2024-01-04 13:27:41.269 [info] > git config --get commit.template [9ms]
2024-01-04 13:27:41.270 [info] > git for-each-ref --format=%(refname)%00%(upstream:short)%00%(objectname)%00%(upstream:track)%00%(upstream:remotename)%00%(upstream:remoteref) refs/heads/main refs/remotes/main [2ms]
2024-01-04 13:27:41.279 [info] > git status -z -uall [1ms]
2024-01-04 13:27:41.362 [info] > git ls-files --stage -- /home/neutron/Documents/spacestuff/git/instrument-magnitude/main.py [2ms]
2024-01-04 13:27:41.371 [info] > git cat-file -s e863cd36eccbd0c04502b82610458f2a6068604b [2ms]
2024-01-04 13:27:41.381 [info] > git show --textconv :main.py [2ms]
2024-01-04 13:33:08.237 [info] > git fetch [174ms]
2024-01-04 13:33:08.251 [info] > git config --get commit.template [7ms]
2024-01-04 13:33:08.252 [info] > git for-each-ref --format=%(refname)%00%(upstream:short)%00%(objectname)%00%(upstream:track)%00%(upstream:remotename)%00%(upstream:remoteref) refs/heads/main refs/remotes/main [1ms]
2024-01-04 13:33:08.261 [info] > git status -z -uall [2ms]
2024-01-04 13:33:09.396 [info] > git config --get commit.template [16ms]
2024-01-04 13:33:09.397 [info] > git for-each-ref --format=%(refname)%00%(upstream:short)%00%(objectname)%00%(upstream:track)%00%(upstream:remotename)%00%(upstream:remoteref) refs/heads/main refs/remotes/main [3ms]
2024-01-04 13:33:09.411 [info] > git status -z -uall [3ms]
2024-01-04 13:33:09.477 [info] > git ls-files --stage -- /home/neutron/Documents/spacestuff/git/instrument-magnitude/main.py [3ms]
2024-01-04 13:33:09.490 [info] > git cat-file -s e863cd36eccbd0c04502b82610458f2a6068604b [2ms]
2024-01-04 13:33:09.503 [info] > git show --textconv :main.py [2ms]
2024-01-04 13:57:21.855 [info] > git fetch [136ms]
2024-01-04 13:57:21.876 [info] > git config --get commit.template [11ms]
2024-01-04 13:57:21.877 [info] > git for-each-ref --format=%(refname)%00%(upstream:short)%00%(objectname)%00%(upstream:track)%00%(upstream:remotename)%00%(upstream:remoteref) refs/heads/main refs/remotes/main [2ms]
2024-01-04 13:57:21.889 [info] > git status -z -uall [2ms]
2024-01-04 13:57:23.002 [info] > git config --get commit.template [8ms]
2024-01-04 13:57:23.003 [info] > git for-each-ref --format=%(refname)%00%(upstream:short)%00%(objectname)%00%(upstream:track)%00%(upstream:remotename)%00%(upstream:remoteref) refs/heads/main refs/remotes/main [2ms]
2024-01-04 13:57:23.018 [info] > git status -z -uall [3ms]
2024-01-04 14:13:01.451 [info] > git ls-files --stage -- /home/neutron/Documents/spacestuff/git/instrument-magnitude/main.py [1ms]
2024-01-04 14:13:01.460 [info] > git cat-file -s e863cd36eccbd0c04502b82610458f2a6068604b [1ms]
2024-01-04 14:13:01.472 [info] > git show --textconv :main.py [2ms]
2024-01-04 14:13:01.554 [info] > git fetch [112ms]
2024-01-04 14:13:01.571 [info] > git config --get commit.template [8ms]
2024-01-04 14:13:01.572 [info] > git for-each-ref --format=%(refname)%00%(upstream:short)%00%(objectname)%00%(upstream:track)%00%(upstream:remotename)%00%(upstream:remoteref) refs/heads/main refs/remotes/main [1ms]
2024-01-04 14:13:01.583 [info] > git status -z -uall [3ms]
2024-01-04 14:13:07.421 [info] > git ls-files --stage -- /home/neutron/Documents/spacestuff/git/instrument-magnitude/main.py [2ms]
2024-01-04 14:13:07.430 [info] > git config --get commit.template [19ms]
2024-01-04 14:13:07.437 [info] > git cat-file -s e863cd36eccbd0c04502b82610458f2a6068604b [8ms]
2024-01-04 14:13:07.438 [info] > git for-each-ref --format=%(refname)%00%(upstream:short)%00%(objectname)%00%(upstream:track)%00%(upstream:remotename)%00%(upstream:remoteref) refs/heads/main refs/remotes/main [2ms]
2024-01-04 14:13:07.455 [info] > git show --textconv :main.py [9ms]
2024-01-04 14:13:07.457 [info] > git status -z -uall [2ms]
