2024-01-12 14:00:04.229 [info] Extension host with pid 945464 started
2024-01-12 14:00:04.229 [info] Skipping acquiring lock for /home/neutron/.config/Code - OSS/User/workspaceStorage/8c39811a2dd1f9b192e0d838bac7edb9.
2024-01-12 14:00:04.253 [info] ExtensionService#_doActivateExtension vscode.emmet, startup: false, activationEvent: 'onLanguage'
2024-01-12 14:00:04.280 [info] ExtensionService#_doActivateExtension ms-python.python, startup: false, activationEvent: 'onLanguage:python'
2024-01-12 14:00:04.772 [info] ExtensionService#_doActivateExtension vscode.git-base, startup: true, activationEvent: '*', root cause: vscode.git
2024-01-12 14:00:04.780 [info] ExtensionService#_doActivateExtension KnisterPeter.vscode-github, startup: true, activationEvent: '*'
2024-01-12 14:00:05.153 [info] ExtensionService#_doActivateExtension vscode.git, startup: true, activationEvent: '*'
2024-01-12 14:00:05.235 [info] ExtensionService#_doActivateExtension vscode.github, startup: true, activationEvent: '*'
2024-01-12 14:00:05.367 [info] Eager extensions activated
2024-01-12 14:00:05.421 [info] ExtensionService#_doActivateExtension vscode.debug-auto-launch, startup: false, activationEvent: 'onStartupFinished'
2024-01-12 14:00:05.426 [info] ExtensionService#_doActivateExtension vscode.merge-conflict, startup: false, activationEvent: 'onStartupFinished'
2024-01-12 14:00:05.455 [info] ExtensionService#_doActivateExtension Catppuccin.catppuccin-vsc, startup: false, activationEvent: 'onStartupFinished'
2024-01-12 14:00:05.609 [info] ExtensionService#_doActivateExtension vscode.json-language-features, startup: false, activationEvent: 'onLanguage:jsonc'
2024-01-12 14:00:05.680 [info] ExtensionService#_doActivateExtension vscode.typescript-language-features, startup: false, activationEvent: 'onLanguage:jsonc'
2024-01-12 14:00:05.912 [info] ExtensionService#_doActivateExtension vscode.github-authentication, startup: false, activationEvent: 'onAuthenticationRequest:github'
2024-01-12 14:00:06.148 [error] Error: Extension 'ms-python.python' CANNOT use API proposal: testObserver.
Its package.json#enabledApiProposals-property declares:  but NOT testObserver.
 The missing proposal MUST be added and you must start in extension development mode or use the following command line switch: --enable-proposed-api ms-python.python
	at v (/usr/lib/code/out/vs/workbench/api/node/extensionHostProcess.js:138:48007)
	at get testResults [as testResults] (/usr/lib/code/out/vs/workbench/api/node/extensionHostProcess.js:158:23805)
	at T.activate (/home/neutron/.vscode-oss/extensions/ms-python.python-2023.20.0-universal/out/client/extension.js:2:791840)
	at /home/neutron/.vscode-oss/extensions/ms-python.python-2023.20.0-universal/out/client/extension.js:2:2386
	at Array.map (<anonymous>)
	at g.activateWorkspace (/home/neutron/.vscode-oss/extensions/ms-python.python-2023.20.0-universal/out/client/extension.js:2:2376)
2024-01-12 14:17:10.407 [info] Extension host terminating: renderer closed the MessagePort
2024-01-12 14:17:10.427 [error] Canceled: Canceled
	at new g (/usr/lib/code/out/vs/workbench/api/node/extensionHostProcess.js:141:110274)
	at l.U (/usr/lib/code/out/vs/workbench/api/node/extensionHostProcess.js:150:10866)
	at P.<computed>.j.charCodeAt.P.<computed> (/usr/lib/code/out/vs/workbench/api/node/extensionHostProcess.js:150:8317)
	at d.g (/usr/lib/code/out/vs/workbench/api/node/extensionHostProcess.js:141:139555)
	at d.executeCommand (/usr/lib/code/out/vs/workbench/api/node/extensionHostProcess.js:141:138993)
	at p.registerCommand.description (/usr/lib/code/out/vs/workbench/api/node/extensionHostProcess.js:141:138317)
	at d.h (/usr/lib/code/out/vs/workbench/api/node/extensionHostProcess.js:141:140094)
	at d.g (/usr/lib/code/out/vs/workbench/api/node/extensionHostProcess.js:141:139086)
	at d.executeCommand (/usr/lib/code/out/vs/workbench/api/node/extensionHostProcess.js:141:138993)
	at Object.executeCommand (/usr/lib/code/out/vs/workbench/api/node/extensionHostProcess.js:158:21333)
	at f.I [as value] (/usr/lib/code/extensions/git/dist/main.js:2:924696)
	at n.y (/usr/lib/code/out/vs/workbench/api/node/extensionHostProcess.js:80:1902)
	at n.z (/usr/lib/code/out/vs/workbench/api/node/extensionHostProcess.js:80:1972)
	at n.fire (/usr/lib/code/out/vs/workbench/api/node/extensionHostProcess.js:80:2188)
	at Object.m [as dispose] (/usr/lib/code/extensions/git/dist/main.js:2:940613)
	at /usr/lib/code/extensions/git/dist/main.js:2:945566
	at Array.forEach (<anonymous>)
	at p.dispose (/usr/lib/code/extensions/git/dist/main.js:2:945552)
	at u.<anonymous> (/usr/lib/code/out/vs/workbench/api/node/extensionHostProcess.js:137:3620)
	at u.dispose (/usr/lib/code/out/vs/workbench/api/node/extensionHostProcess.js:137:3717)
	at u.<anonymous> (/usr/lib/code/extensions/git/dist/main.js:2:926708)
	at u.dispose (/usr/lib/code/out/vs/workbench/api/node/extensionHostProcess.js:137:3717)
	at s (/usr/lib/code/out/vs/workbench/api/node/extensionHostProcess.js:30:754)
	at f.cb (/usr/lib/code/out/vs/workbench/api/node/extensionHostProcess.js:154:9873)
	at /usr/lib/code/out/vs/workbench/api/node/extensionHostProcess.js:154:7808
	at Array.map (<anonymous>)
	at f.Y (/usr/lib/code/out/vs/workbench/api/node/extensionHostProcess.js:154:7795)
	at f.terminate (/usr/lib/code/out/vs/workbench/api/node/extensionHostProcess.js:154:8068)
	at s.terminate (/usr/lib/code/out/vs/workbench/api/node/extensionHostProcess.js:158:1513)
	at a (/usr/lib/code/out/vs/workbench/api/node/extensionHostProcess.js:171:9802)
	at MessagePortMain.<anonymous> (/usr/lib/code/out/vs/workbench/api/node/extensionHostProcess.js:171:6227)
	at MessagePortMain.emit (node:events:513:28)
	at MessagePortMain._internalPort.emit (node:electron/js2c/utility_init:2:367) setContext undefined
2024-01-12 14:17:10.429 [error] Canceled: Canceled
	at new g (/usr/lib/code/out/vs/workbench/api/node/extensionHostProcess.js:141:110274)
	at l.U (/usr/lib/code/out/vs/workbench/api/node/extensionHostProcess.js:150:10866)
	at P.<computed>.j.charCodeAt.P.<computed> (/usr/lib/code/out/vs/workbench/api/node/extensionHostProcess.js:150:8317)
	at d.g (/usr/lib/code/out/vs/workbench/api/node/extensionHostProcess.js:141:139555)
	at d.executeCommand (/usr/lib/code/out/vs/workbench/api/node/extensionHostProcess.js:141:138993)
	at p.registerCommand.description (/usr/lib/code/out/vs/workbench/api/node/extensionHostProcess.js:141:138317)
	at d.h (/usr/lib/code/out/vs/workbench/api/node/extensionHostProcess.js:141:140094)
	at d.g (/usr/lib/code/out/vs/workbench/api/node/extensionHostProcess.js:141:139086)
	at d.executeCommand (/usr/lib/code/out/vs/workbench/api/node/extensionHostProcess.js:141:138993)
	at Object.executeCommand (/usr/lib/code/out/vs/workbench/api/node/extensionHostProcess.js:158:21333)
	at set b [as b] (/usr/lib/code/extensions/github/dist/extension.js:2:322364)
	at /usr/lib/code/extensions/github/dist/extension.js:2:323005
	at f.value (/usr/lib/code/extensions/git/dist/main.js:2:1016450)
	at n.y (/usr/lib/code/out/vs/workbench/api/node/extensionHostProcess.js:80:1902)
	at n.z (/usr/lib/code/out/vs/workbench/api/node/extensionHostProcess.js:80:1972)
	at n.fire (/usr/lib/code/out/vs/workbench/api/node/extensionHostProcess.js:80:2188)
	at Object.m [as dispose] (/usr/lib/code/extensions/git/dist/main.js:2:940613)
	at /usr/lib/code/extensions/git/dist/main.js:2:945566
	at Array.forEach (<anonymous>)
	at p.dispose (/usr/lib/code/extensions/git/dist/main.js:2:945552)
	at u.<anonymous> (/usr/lib/code/out/vs/workbench/api/node/extensionHostProcess.js:137:3620)
	at u.dispose (/usr/lib/code/out/vs/workbench/api/node/extensionHostProcess.js:137:3717)
	at u.<anonymous> (/usr/lib/code/extensions/git/dist/main.js:2:926708)
	at u.dispose (/usr/lib/code/out/vs/workbench/api/node/extensionHostProcess.js:137:3717)
	at s (/usr/lib/code/out/vs/workbench/api/node/extensionHostProcess.js:30:754)
	at f.cb (/usr/lib/code/out/vs/workbench/api/node/extensionHostProcess.js:154:9873)
	at /usr/lib/code/out/vs/workbench/api/node/extensionHostProcess.js:154:7808
	at Array.map (<anonymous>)
	at f.Y (/usr/lib/code/out/vs/workbench/api/node/extensionHostProcess.js:154:7795)
	at f.terminate (/usr/lib/code/out/vs/workbench/api/node/extensionHostProcess.js:154:8068)
	at s.terminate (/usr/lib/code/out/vs/workbench/api/node/extensionHostProcess.js:158:1513)
	at a (/usr/lib/code/out/vs/workbench/api/node/extensionHostProcess.js:171:9802)
	at MessagePortMain.<anonymous> (/usr/lib/code/out/vs/workbench/api/node/extensionHostProcess.js:171:6227)
	at MessagePortMain.emit (node:events:513:28)
	at MessagePortMain._internalPort.emit (node:electron/js2c/utility_init:2:367) setContext undefined
2024-01-12 14:17:10.438 [info] Extension host with pid 945464 exiting with code 0
2024-01-12 14:17:12.335 [info] Extension host with pid 973268 started
2024-01-12 14:17:12.335 [info] Skipping acquiring lock for /home/neutron/.config/Code - OSS/User/workspaceStorage/8c39811a2dd1f9b192e0d838bac7edb9.
2024-01-12 14:17:12.355 [info] ExtensionService#_doActivateExtension vscode.emmet, startup: false, activationEvent: 'onLanguage'
2024-01-12 14:17:12.374 [info] ExtensionService#_doActivateExtension ms-python.python, startup: false, activationEvent: 'onLanguage:python'
2024-01-12 14:17:12.747 [info] ExtensionService#_doActivateExtension vscode.git-base, startup: true, activationEvent: '*', root cause: vscode.git
2024-01-12 14:17:12.750 [info] ExtensionService#_doActivateExtension KnisterPeter.vscode-github, startup: true, activationEvent: '*'
2024-01-12 14:17:12.936 [info] ExtensionService#_doActivateExtension vscode.git, startup: true, activationEvent: '*'
2024-01-12 14:17:13.016 [info] ExtensionService#_doActivateExtension vscode.github, startup: true, activationEvent: '*'
2024-01-12 14:17:13.120 [info] Eager extensions activated
2024-01-12 14:17:13.170 [info] ExtensionService#_doActivateExtension vscode.debug-auto-launch, startup: false, activationEvent: 'onStartupFinished'
2024-01-12 14:17:13.174 [info] ExtensionService#_doActivateExtension vscode.merge-conflict, startup: false, activationEvent: 'onStartupFinished'
2024-01-12 14:17:13.194 [info] ExtensionService#_doActivateExtension Catppuccin.catppuccin-vsc, startup: false, activationEvent: 'onStartupFinished'
2024-01-12 14:17:13.382 [info] ExtensionService#_doActivateExtension vscode.json-language-features, startup: false, activationEvent: 'onLanguage:jsonc'
2024-01-12 14:17:13.443 [info] ExtensionService#_doActivateExtension vscode.typescript-language-features, startup: false, activationEvent: 'onLanguage:jsonc'
2024-01-12 14:17:13.517 [info] ExtensionService#_doActivateExtension vscode.github-authentication, startup: false, activationEvent: 'onAuthenticationRequest:github'
2024-01-12 14:17:14.084 [error] Error: Extension 'ms-python.python' CANNOT use API proposal: testObserver.
Its package.json#enabledApiProposals-property declares:  but NOT testObserver.
 The missing proposal MUST be added and you must start in extension development mode or use the following command line switch: --enable-proposed-api ms-python.python
	at v (/usr/lib/code/out/vs/workbench/api/node/extensionHostProcess.js:138:48007)
	at get testResults [as testResults] (/usr/lib/code/out/vs/workbench/api/node/extensionHostProcess.js:158:23805)
	at w.activate (/home/neutron/.vscode-oss/extensions/ms-python.python-2023.22.1-universal/out/client/extension.js:2:795716)
	at /home/neutron/.vscode-oss/extensions/ms-python.python-2023.22.1-universal/out/client/extension.js:2:2455
	at Array.map (<anonymous>)
	at g.activateWorkspace (/home/neutron/.vscode-oss/extensions/ms-python.python-2023.22.1-universal/out/client/extension.js:2:2445)
2024-01-12 14:17:14.172 [error] [ms-python.python] provider FAILED
2024-01-12 14:17:14.172 [error] Error: jedi.api.environment.InvalidPythonEnvironment: bin/python seems to be missing.
	at /home/neutron/.vscode-oss/extensions/ms-python.python-2023.22.1-universal/out/client/extension.js:2:2339625
	at re (/home/neutron/.vscode-oss/extensions/ms-python.python-2023.22.1-universal/out/client/extension.js:2:2339919)
	at /home/neutron/.vscode-oss/extensions/ms-python.python-2023.22.1-universal/out/client/extension.js:2:2334703
	at Immediate.<anonymous> (/home/neutron/.vscode-oss/extensions/ms-python.python-2023.22.1-universal/out/client/extension.js:2:2334723)
	at process.processImmediate (node:internal/timers:476:21)
2024-01-12 14:17:14.326 [error] [ms-python.python] provider FAILED
2024-01-12 14:17:14.326 [error] Error: jedi.api.environment.InvalidPythonEnvironment: bin/python seems to be missing.
	at /home/neutron/.vscode-oss/extensions/ms-python.python-2023.22.1-universal/out/client/extension.js:2:2339625
	at re (/home/neutron/.vscode-oss/extensions/ms-python.python-2023.22.1-universal/out/client/extension.js:2:2339919)
	at /home/neutron/.vscode-oss/extensions/ms-python.python-2023.22.1-universal/out/client/extension.js:2:2334703
	at Immediate.<anonymous> (/home/neutron/.vscode-oss/extensions/ms-python.python-2023.22.1-universal/out/client/extension.js:2:2334723)
	at process.processImmediate (node:internal/timers:476:21)
2024-01-12 14:17:14.331 [error] [ms-python.python] provider FAILED
2024-01-12 14:17:14.331 [error] Error: jedi.api.environment.InvalidPythonEnvironment: bin/python seems to be missing.
	at /home/neutron/.vscode-oss/extensions/ms-python.python-2023.22.1-universal/out/client/extension.js:2:2339625
	at re (/home/neutron/.vscode-oss/extensions/ms-python.python-2023.22.1-universal/out/client/extension.js:2:2339919)
	at /home/neutron/.vscode-oss/extensions/ms-python.python-2023.22.1-universal/out/client/extension.js:2:2334703
	at Immediate.<anonymous> (/home/neutron/.vscode-oss/extensions/ms-python.python-2023.22.1-universal/out/client/extension.js:2:2334723)
	at process.processImmediate (node:internal/timers:476:21)
2024-01-12 14:19:32.373 [error] [ms-python.python] provider FAILED
2024-01-12 14:19:32.373 [error] Error: jedi.api.environment.InvalidPythonEnvironment: bin/python seems to be missing.
	at /home/neutron/.vscode-oss/extensions/ms-python.python-2023.22.1-universal/out/client/extension.js:2:2339625
	at re (/home/neutron/.vscode-oss/extensions/ms-python.python-2023.22.1-universal/out/client/extension.js:2:2339919)
	at /home/neutron/.vscode-oss/extensions/ms-python.python-2023.22.1-universal/out/client/extension.js:2:2334703
	at Immediate.<anonymous> (/home/neutron/.vscode-oss/extensions/ms-python.python-2023.22.1-universal/out/client/extension.js:2:2334723)
	at process.processImmediate (node:internal/timers:476:21)
2024-01-12 14:21:15.993 [error] [ms-python.python] provider FAILED
2024-01-12 14:21:15.993 [error] Error: jedi.api.environment.InvalidPythonEnvironment: bin/python seems to be missing.
	at /home/neutron/.vscode-oss/extensions/ms-python.python-2023.22.1-universal/out/client/extension.js:2:2339625
	at re (/home/neutron/.vscode-oss/extensions/ms-python.python-2023.22.1-universal/out/client/extension.js:2:2339919)
	at /home/neutron/.vscode-oss/extensions/ms-python.python-2023.22.1-universal/out/client/extension.js:2:2334703
	at Immediate.<anonymous> (/home/neutron/.vscode-oss/extensions/ms-python.python-2023.22.1-universal/out/client/extension.js:2:2334723)
	at process.processImmediate (node:internal/timers:476:21)
2024-01-12 14:22:54.815 [error] [ms-python.python] provider FAILED
2024-01-12 14:22:54.815 [error] Error: jedi.api.environment.InvalidPythonEnvironment: bin/python seems to be missing.
	at /home/neutron/.vscode-oss/extensions/ms-python.python-2023.22.1-universal/out/client/extension.js:2:2339625
	at re (/home/neutron/.vscode-oss/extensions/ms-python.python-2023.22.1-universal/out/client/extension.js:2:2339919)
	at /home/neutron/.vscode-oss/extensions/ms-python.python-2023.22.1-universal/out/client/extension.js:2:2334703
	at Immediate.<anonymous> (/home/neutron/.vscode-oss/extensions/ms-python.python-2023.22.1-universal/out/client/extension.js:2:2334723)
	at process.processImmediate (node:internal/timers:476:21)
2024-01-12 14:40:27.590 [error] [ms-python.python] provider FAILED
2024-01-12 14:40:27.590 [error] Error: jedi.api.environment.InvalidPythonEnvironment: bin/python seems to be missing.
	at /home/neutron/.vscode-oss/extensions/ms-python.python-2023.22.1-universal/out/client/extension.js:2:2339625
	at re (/home/neutron/.vscode-oss/extensions/ms-python.python-2023.22.1-universal/out/client/extension.js:2:2339919)
	at /home/neutron/.vscode-oss/extensions/ms-python.python-2023.22.1-universal/out/client/extension.js:2:2334703
	at Immediate.<anonymous> (/home/neutron/.vscode-oss/extensions/ms-python.python-2023.22.1-universal/out/client/extension.js:2:2334723)
	at process.processImmediate (node:internal/timers:476:21)
2024-01-12 16:53:45.269 [info] Extension host terminating: renderer closed the MessagePort
2024-01-12 16:53:45.291 [error] Canceled: Canceled
	at new g (/usr/lib/code/out/vs/workbench/api/node/extensionHostProcess.js:141:110274)
	at l.U (/usr/lib/code/out/vs/workbench/api/node/extensionHostProcess.js:150:10866)
	at P.<computed>.j.charCodeAt.P.<computed> (/usr/lib/code/out/vs/workbench/api/node/extensionHostProcess.js:150:8317)
	at d.g (/usr/lib/code/out/vs/workbench/api/node/extensionHostProcess.js:141:139555)
	at d.executeCommand (/usr/lib/code/out/vs/workbench/api/node/extensionHostProcess.js:141:138993)
	at p.registerCommand.description (/usr/lib/code/out/vs/workbench/api/node/extensionHostProcess.js:141:138317)
	at d.h (/usr/lib/code/out/vs/workbench/api/node/extensionHostProcess.js:141:140094)
	at d.g (/usr/lib/code/out/vs/workbench/api/node/extensionHostProcess.js:141:139086)
	at d.executeCommand (/usr/lib/code/out/vs/workbench/api/node/extensionHostProcess.js:141:138993)
	at Object.executeCommand (/usr/lib/code/out/vs/workbench/api/node/extensionHostProcess.js:158:21333)
	at f.I [as value] (/usr/lib/code/extensions/git/dist/main.js:2:924696)
	at n.y (/usr/lib/code/out/vs/workbench/api/node/extensionHostProcess.js:80:1902)
	at n.z (/usr/lib/code/out/vs/workbench/api/node/extensionHostProcess.js:80:1972)
	at n.fire (/usr/lib/code/out/vs/workbench/api/node/extensionHostProcess.js:80:2188)
	at Object.m [as dispose] (/usr/lib/code/extensions/git/dist/main.js:2:940613)
	at /usr/lib/code/extensions/git/dist/main.js:2:945566
	at Array.forEach (<anonymous>)
	at p.dispose (/usr/lib/code/extensions/git/dist/main.js:2:945552)
	at u.<anonymous> (/usr/lib/code/out/vs/workbench/api/node/extensionHostProcess.js:137:3620)
	at u.dispose (/usr/lib/code/out/vs/workbench/api/node/extensionHostProcess.js:137:3717)
	at u.<anonymous> (/usr/lib/code/extensions/git/dist/main.js:2:926708)
	at u.dispose (/usr/lib/code/out/vs/workbench/api/node/extensionHostProcess.js:137:3717)
	at s (/usr/lib/code/out/vs/workbench/api/node/extensionHostProcess.js:30:754)
	at f.cb (/usr/lib/code/out/vs/workbench/api/node/extensionHostProcess.js:154:9873)
	at /usr/lib/code/out/vs/workbench/api/node/extensionHostProcess.js:154:7808
	at Array.map (<anonymous>)
	at f.Y (/usr/lib/code/out/vs/workbench/api/node/extensionHostProcess.js:154:7795)
	at f.terminate (/usr/lib/code/out/vs/workbench/api/node/extensionHostProcess.js:154:8068)
	at s.terminate (/usr/lib/code/out/vs/workbench/api/node/extensionHostProcess.js:158:1513)
	at a (/usr/lib/code/out/vs/workbench/api/node/extensionHostProcess.js:171:9802)
	at MessagePortMain.<anonymous> (/usr/lib/code/out/vs/workbench/api/node/extensionHostProcess.js:171:6227)
	at MessagePortMain.emit (node:events:513:28)
	at MessagePortMain._internalPort.emit (node:electron/js2c/utility_init:2:367) setContext undefined
2024-01-12 16:53:45.292 [error] Canceled: Canceled
	at new g (/usr/lib/code/out/vs/workbench/api/node/extensionHostProcess.js:141:110274)
	at l.U (/usr/lib/code/out/vs/workbench/api/node/extensionHostProcess.js:150:10866)
	at P.<computed>.j.charCodeAt.P.<computed> (/usr/lib/code/out/vs/workbench/api/node/extensionHostProcess.js:150:8317)
	at d.g (/usr/lib/code/out/vs/workbench/api/node/extensionHostProcess.js:141:139555)
	at d.executeCommand (/usr/lib/code/out/vs/workbench/api/node/extensionHostProcess.js:141:138993)
	at p.registerCommand.description (/usr/lib/code/out/vs/workbench/api/node/extensionHostProcess.js:141:138317)
	at d.h (/usr/lib/code/out/vs/workbench/api/node/extensionHostProcess.js:141:140094)
	at d.g (/usr/lib/code/out/vs/workbench/api/node/extensionHostProcess.js:141:139086)
	at d.executeCommand (/usr/lib/code/out/vs/workbench/api/node/extensionHostProcess.js:141:138993)
	at Object.executeCommand (/usr/lib/code/out/vs/workbench/api/node/extensionHostProcess.js:158:21333)
	at set b [as b] (/usr/lib/code/extensions/github/dist/extension.js:2:322364)
	at /usr/lib/code/extensions/github/dist/extension.js:2:323005
	at f.value (/usr/lib/code/extensions/git/dist/main.js:2:1016450)
	at n.y (/usr/lib/code/out/vs/workbench/api/node/extensionHostProcess.js:80:1902)
	at n.z (/usr/lib/code/out/vs/workbench/api/node/extensionHostProcess.js:80:1972)
	at n.fire (/usr/lib/code/out/vs/workbench/api/node/extensionHostProcess.js:80:2188)
	at Object.m [as dispose] (/usr/lib/code/extensions/git/dist/main.js:2:940613)
	at /usr/lib/code/extensions/git/dist/main.js:2:945566
	at Array.forEach (<anonymous>)
	at p.dispose (/usr/lib/code/extensions/git/dist/main.js:2:945552)
	at u.<anonymous> (/usr/lib/code/out/vs/workbench/api/node/extensionHostProcess.js:137:3620)
	at u.dispose (/usr/lib/code/out/vs/workbench/api/node/extensionHostProcess.js:137:3717)
	at u.<anonymous> (/usr/lib/code/extensions/git/dist/main.js:2:926708)
	at u.dispose (/usr/lib/code/out/vs/workbench/api/node/extensionHostProcess.js:137:3717)
	at s (/usr/lib/code/out/vs/workbench/api/node/extensionHostProcess.js:30:754)
	at f.cb (/usr/lib/code/out/vs/workbench/api/node/extensionHostProcess.js:154:9873)
	at /usr/lib/code/out/vs/workbench/api/node/extensionHostProcess.js:154:7808
	at Array.map (<anonymous>)
	at f.Y (/usr/lib/code/out/vs/workbench/api/node/extensionHostProcess.js:154:7795)
	at f.terminate (/usr/lib/code/out/vs/workbench/api/node/extensionHostProcess.js:154:8068)
	at s.terminate (/usr/lib/code/out/vs/workbench/api/node/extensionHostProcess.js:158:1513)
	at a (/usr/lib/code/out/vs/workbench/api/node/extensionHostProcess.js:171:9802)
	at MessagePortMain.<anonymous> (/usr/lib/code/out/vs/workbench/api/node/extensionHostProcess.js:171:6227)
	at MessagePortMain.emit (node:events:513:28)
	at MessagePortMain._internalPort.emit (node:electron/js2c/utility_init:2:367) setContext undefined
2024-01-12 16:53:45.300 [info] Extension host with pid 973268 exiting with code 0
