2024-01-04 13:21:01.563 [info] Reading sessions from keychain...
2024-01-04 13:21:01.563 [info] Getting sessions for all scopes...
2024-01-04 13:21:01.563 [info] Got stored sessions!
2024-01-04 13:21:01.563 [info] Got 1 verified sessions.
2024-01-04 13:21:01.563 [info] Got 1 sessions for ...
2024-01-04 13:21:01.563 [info] Getting sessions for read:user,repo,user:email,workflow...
2024-01-04 13:21:01.563 [info] Got 1 sessions for read:user,repo,user:email,workflow...
2024-01-04 13:21:01.563 [info] Getting sessions for all scopes...
2024-01-04 13:21:01.563 [info] Got 1 sessions for ...
2024-01-04 13:21:01.807 [info] Getting sessions for read:user,repo,user:email,workflow...
2024-01-04 13:21:01.807 [info] Got 1 sessions for read:user,repo,user:email,workflow...
2024-01-04 13:21:39.256 [info] Reading sessions from keychain...
2024-01-04 13:21:39.256 [info] Getting sessions for all scopes...
2024-01-04 13:21:39.256 [info] Getting sessions for all scopes...
2024-01-04 13:21:39.256 [info] Getting sessions for read:user,repo,user:email,workflow...
2024-01-04 13:21:39.256 [info] Got stored sessions!
2024-01-04 13:21:39.256 [info] Got 1 verified sessions.
2024-01-04 13:21:39.256 [info] Got 1 sessions for ...
2024-01-04 13:21:39.256 [info] Got 1 sessions for ...
2024-01-04 13:21:39.256 [info] Got 1 sessions for read:user,repo,user:email,workflow...
2024-01-04 13:21:39.588 [info] Getting sessions for read:user,repo,user:email,workflow...
2024-01-04 13:21:39.588 [info] Got 1 sessions for read:user,repo,user:email,workflow...
