2024-01-12 14:00:06.044 [info] Reading sessions from keychain...
2024-01-12 14:00:06.044 [info] Getting sessions for all scopes...
2024-01-12 14:00:06.044 [info] Getting sessions for all scopes...
2024-01-12 14:00:06.044 [info] Got stored sessions!
2024-01-12 14:00:06.044 [info] Got 1 verified sessions.
2024-01-12 14:00:06.044 [info] Got 1 sessions for ...
2024-01-12 14:00:06.044 [info] Got 1 sessions for ...
2024-01-12 14:00:06.044 [info] Getting sessions for read:user,repo,user:email,workflow...
2024-01-12 14:00:06.044 [info] Got 1 sessions for read:user,repo,user:email,workflow...
2024-01-12 14:00:06.248 [info] Getting sessions for read:user,repo,user:email,workflow...
2024-01-12 14:00:06.248 [info] Got 1 sessions for read:user,repo,user:email,workflow...
2024-01-12 14:17:13.635 [info] Reading sessions from keychain...
2024-01-12 14:17:13.635 [info] Getting sessions for all scopes...
2024-01-12 14:17:13.635 [info] Got stored sessions!
2024-01-12 14:17:13.635 [info] Got 1 verified sessions.
2024-01-12 14:17:13.635 [info] Got 1 sessions for ...
2024-01-12 14:17:13.635 [info] Getting sessions for read:user,repo,user:email,workflow...
2024-01-12 14:17:13.635 [info] Got 1 sessions for read:user,repo,user:email,workflow...
2024-01-12 14:17:13.635 [info] Getting sessions for all scopes...
2024-01-12 14:17:13.635 [info] Got 1 sessions for ...
2024-01-12 14:17:13.952 [info] Getting sessions for read:user,repo,user:email,workflow...
2024-01-12 14:17:13.953 [info] Got 1 sessions for read:user,repo,user:email,workflow...
