2024-01-04 18:56:11.352 [info] Added views:workbench.panel.markers.view in workbench.panel.markers
2024-01-04 18:56:11.352 [info] Added views:terminal in terminal
2024-01-04 18:56:11.352 [info] Added views:outline in workbench.view.explorer
2024-01-04 18:56:11.352 [info] Added views:workbench.scm in workbench.view.scm
2024-01-04 18:56:11.352 [info] Added views:workbench.view.search in workbench.view.search
2024-01-04 18:56:11.352 [info] Added views:workbench.panel.output in workbench.views.service.panel.2370aed2-384e-457a-b7b8-729fddeb515f
2024-01-04 18:56:11.352 [info] Added views:timeline in workbench.view.explorer
2024-01-04 18:56:11.352 [info] Added views:workbench.explorer.fileView in workbench.view.explorer
2024-01-04 18:56:11.661 [info] Added views:workbench.debug.welcome in workbench.view.debug
2024-01-04 18:56:12.118 [info] Added views:workbench.panel.repl.view in workbench.panel.repl
2024-01-04 18:56:12.384 [info] Added views:~remote.forwardedPorts in ~remote.forwardedPortsContainer
2024-01-04 18:56:12.497 [info] Added views:workbench.view.testing in workbench.view.extension.test
2024-01-04 18:56:48.780 [info] Added views:workbench.views.extensions.installed,workbench.views.extensions.popular,extensions.recommendedList in workbench.view.extensions
2024-01-04 18:56:48.783 [info] Removed views:workbench.views.extensions.popular from workbench.view.extensions
2024-01-04 18:56:50.327 [info] Removed views:workbench.view.testing from workbench.view.extension.test
2024-01-04 18:56:51.599 [info] Added views:workbench.panel.markers.view in workbench.panel.markers
2024-01-04 18:56:51.599 [info] Added views:terminal in terminal
2024-01-04 18:56:51.599 [info] Added views:outline in workbench.view.explorer
2024-01-04 18:56:51.599 [info] Added views:workbench.scm in workbench.view.scm
2024-01-04 18:56:51.599 [info] Added views:workbench.view.search in workbench.view.search
2024-01-04 18:56:51.599 [info] Added views:workbench.panel.output in workbench.views.service.panel.2370aed2-384e-457a-b7b8-729fddeb515f
2024-01-04 18:56:51.599 [info] Added views:timeline in workbench.view.explorer
2024-01-04 18:56:51.599 [info] Added views:workbench.explorer.fileView in workbench.view.explorer
2024-01-04 18:56:51.741 [info] Added views:workbench.debug.welcome in workbench.view.debug
2024-01-04 18:56:52.319 [info] Added views:workbench.panel.repl.view in workbench.panel.repl
2024-01-04 18:56:52.525 [info] Added views:workbench.views.extensions.installed,extensions.recommendedList in workbench.view.extensions
2024-01-04 18:56:52.526 [info] Added views:~remote.forwardedPorts in ~remote.forwardedPortsContainer
2024-01-04 18:56:52.669 [info] Added views:workbench.view.testing in workbench.view.extension.test
2024-01-04 19:57:18.048 [info] Removed views:workbench.view.testing from workbench.view.extension.test
