2023-11-25 22:55:09 Loading main app package /usr/lib/obsidian/obsidian.asar
2023-11-25 22:55:09 Checking for update using Github
2023-11-25 22:55:09 Success.
2023-11-25 22:55:09 Latest version is 1.4.16
2023-11-25 22:55:09 App is up to date.
2023-11-25 22:58:32 Loading main app package /usr/lib/obsidian/obsidian.asar
2023-11-25 22:58:32 Checking for update using Github
2023-11-25 22:58:32 Success.
2023-11-25 22:58:32 Latest version is 1.4.16
2023-11-25 22:58:32 App is up to date.
2023-11-25 23:50:35 Loading main app package /usr/lib/obsidian/obsidian.asar
2023-11-25 23:50:35 Checking for update using Github
2023-11-25 23:50:35 Success.
2023-11-25 23:50:35 Latest version is 1.4.16
2023-11-25 23:50:35 App is up to date.
2023-11-26 00:02:42 Loading main app package /usr/lib/obsidian/obsidian.asar
2023-11-26 00:02:42 Checking for update using Github
2023-11-26 00:02:42 Success.
2023-11-26 00:02:42 Latest version is 1.4.16
2023-11-26 00:02:42 App is up to date.
2023-11-26 00:03:09 Loading main app package /usr/lib/obsidian/obsidian.asar
2023-11-26 00:03:09 Checking for update using Github
2023-11-26 00:03:09 Success.
2023-11-26 00:03:09 Latest version is 1.4.16
2023-11-26 00:03:09 App is up to date.
2023-11-26 16:02:53 Loading main app package /usr/lib/obsidian/obsidian.asar
2023-11-26 16:02:53 Checking for update using Github
2023-11-26 16:02:53 Success.
2023-11-26 16:02:53 Latest version is 1.4.16
2023-11-26 16:02:53 App is up to date.
2023-11-26 16:12:56 Loading main app package /usr/lib/obsidian/obsidian.asar
2023-11-26 16:12:56 Checking for update using Github
2023-11-26 16:12:56 Success.
2023-11-26 16:12:56 Latest version is 1.4.16
2023-11-26 16:12:56 App is up to date.
2023-11-26 17:38:02 Checking for update using Github
2023-11-26 17:38:02 Success.
2023-11-26 17:38:02 Latest version is 1.4.16
2023-11-26 17:38:02 App is up to date.
2023-11-26 18:38:02 Checking for update using Github
2023-11-26 18:38:02 Success.
2023-11-26 18:38:02 Latest version is 1.4.16
2023-11-26 18:38:02 App is up to date.
2023-11-26 19:38:02 Checking for update using Github
2023-11-26 19:38:02 Success.
2023-11-26 19:38:02 Latest version is 1.4.16
2023-11-26 19:38:02 App is up to date.
2023-11-26 20:38:02 Checking for update using Github
2023-11-26 20:38:02 Success.
2023-11-26 20:38:02 Latest version is 1.4.16
2023-11-26 20:38:02 App is up to date.
2023-11-26 23:24:17 Checking for update using Github
2023-11-26 23:24:17 Success.
2023-11-26 23:24:17 Latest version is 1.4.16
2023-11-26 23:24:17 App is up to date.
2023-11-27 00:24:17 Checking for update using Github
2023-11-27 00:24:17 Success.
2023-11-27 00:24:17 Latest version is 1.4.16
2023-11-27 00:24:17 App is up to date.
2023-11-27 02:19:16 Loading main app package /usr/lib/obsidian/obsidian.asar
2023-11-27 02:19:16 Checking for update using Github
2023-11-27 02:19:16 Success.
2023-11-27 02:19:16 Latest version is 1.4.16
2023-11-27 02:19:16 App is up to date.
2023-11-27 03:19:16 Checking for update using Github
2023-11-27 03:19:16 Success.
2023-11-27 03:19:16 Latest version is 1.4.16
2023-11-27 03:19:16 App is up to date.
2023-11-27 12:21:18 Loading main app package /usr/lib/obsidian/obsidian.asar
2023-11-27 12:21:18 Checking for update using Github
2023-11-27 12:21:18 Success.
2023-11-27 12:21:18 Latest version is 1.4.16
2023-11-27 12:21:18 App is up to date.
2023-11-27 13:21:18 Checking for update using Github
2023-11-27 13:21:18 Success.
2023-11-27 13:21:18 Latest version is 1.4.16
2023-11-27 13:21:18 App is up to date.
2023-11-27 23:45:22 Checking for update using Github
2023-11-27 23:45:22 Success.
2023-11-27 23:45:22 Latest version is 1.4.16
2023-11-27 23:45:22 App is up to date.
2023-11-28 00:45:22 Checking for update using Github
2023-11-28 00:45:22 Success.
2023-11-28 00:45:22 Latest version is 1.4.16
2023-11-28 00:45:22 App is up to date.
2023-11-28 01:45:22 Checking for update using Github
2023-11-28 01:45:22 Success.
2023-11-28 01:45:22 Latest version is 1.4.16
2023-11-28 01:45:22 App is up to date.
2023-11-28 02:45:22 Checking for update using Github
2023-11-28 02:45:23 Success.
2023-11-28 02:45:23 Latest version is 1.4.16
2023-11-28 02:45:23 App is up to date.
2023-11-28 15:04:56 Checking for update using Github
2023-11-28 15:04:56 Success.
2023-11-28 15:04:56 Latest version is 1.4.16
2023-11-28 15:04:56 App is up to date.
2023-11-28 16:04:56 Checking for update using Github
2023-11-28 16:04:56 Success.
2023-11-28 16:04:56 Latest version is 1.4.16
2023-11-28 16:04:56 App is up to date.
2023-11-29 03:09:13 Loading main app package /usr/lib/obsidian/obsidian.asar
2023-11-29 03:09:13 Checking for update using Github
2023-11-29 03:09:13 Success.
2023-11-29 03:09:13 Latest version is 1.4.16
2023-11-29 03:09:13 App is up to date.
2023-11-29 04:09:13 Checking for update using Github
2023-11-29 04:09:13 Success.
2023-11-29 04:09:13 Latest version is 1.4.16
2023-11-29 04:09:13 App is up to date.
2023-12-02 18:52:51 Loading main app package /usr/lib/obsidian/obsidian.asar
2023-12-02 18:52:51 Checking for update using Github
2023-12-02 18:52:51 Success.
2023-12-02 18:52:51 Latest version is 1.4.16
2023-12-02 18:52:51 App is up to date.
2023-12-02 19:52:51 Checking for update using Github
2023-12-02 19:52:51 Success.
2023-12-02 19:52:51 Latest version is 1.4.16
2023-12-02 19:52:51 App is up to date.
2023-12-02 20:52:51 Checking for update using Github
2023-12-02 20:52:51 Success.
2023-12-02 20:52:51 Latest version is 1.4.16
2023-12-02 20:52:51 App is up to date.
2023-12-02 22:03:25 Checking for update using Github
2023-12-02 22:03:25 Success.
2023-12-02 22:03:25 Latest version is 1.4.16
2023-12-02 22:03:25 App is up to date.
2023-12-02 23:29:23 Checking for update using Github
2023-12-02 23:29:23 Success.
2023-12-02 23:29:23 Latest version is 1.4.16
2023-12-02 23:29:23 App is up to date.
2023-12-03 04:06:45 Checking for update using Github
2023-12-03 04:06:45 Success.
2023-12-03 04:06:45 Latest version is 1.4.16
2023-12-03 04:06:45 App is up to date.
2023-12-03 14:58:16 Loading main app package /usr/lib/obsidian/obsidian.asar
2023-12-03 14:58:16 Checking for update using Github
2023-12-03 14:58:16 Success.
2023-12-03 14:58:16 Latest version is 1.4.16
2023-12-03 14:58:16 App is up to date.
2023-12-03 15:58:16 Checking for update using Github
2023-12-03 15:58:16 Success.
2023-12-03 15:58:16 Latest version is 1.4.16
2023-12-03 15:58:16 App is up to date.
2023-12-03 16:58:16 Checking for update using Github
2023-12-03 16:58:17 Success.
2023-12-03 16:58:17 Latest version is 1.4.16
2023-12-03 16:58:17 App is up to date.
2023-12-03 17:58:16 Checking for update using Github
2023-12-03 17:58:17 Success.
2023-12-03 17:58:17 Latest version is 1.4.16
2023-12-03 17:58:17 App is up to date.
2023-12-03 22:56:48 Checking for update using Github
2023-12-03 22:56:49 Success.
2023-12-03 22:56:49 Latest version is 1.4.16
2023-12-03 22:56:49 App is up to date.
2023-12-03 23:56:49 Checking for update using Github
2023-12-03 23:56:49 Success.
2023-12-03 23:56:49 Latest version is 1.4.16
2023-12-03 23:56:49 App is up to date.
2023-12-04 00:56:49 Checking for update using Github
2023-12-04 00:56:49 Success.
2023-12-04 00:56:49 Latest version is 1.4.16
2023-12-04 00:56:49 App is up to date.
2023-12-04 01:56:49 Checking for update using Github
2023-12-04 01:56:49 Success.
2023-12-04 01:56:49 Latest version is 1.4.16
2023-12-04 01:56:49 App is up to date.
2023-12-05 00:02:43 Loading main app package /usr/lib/obsidian/obsidian.asar
2023-12-05 00:02:43 Checking for update using Github
2023-12-05 00:02:43 Success.
2023-12-05 00:02:43 Latest version is 1.4.16
2023-12-05 00:02:43 App is up to date.
2023-12-05 01:31:01 Loading main app package /usr/lib/obsidian/obsidian.asar
2023-12-05 01:31:02 Checking for update using Github
2023-12-05 01:31:02 Success.
2023-12-05 01:31:02 Latest version is 1.4.16
2023-12-05 01:31:02 App is up to date.
2023-12-08 20:48:10 Loading main app package /usr/lib/obsidian/obsidian.asar
2023-12-08 20:48:10 Checking for update using Github
2023-12-08 20:48:10 Success.
2023-12-08 20:48:10 Latest version is 1.4.16
2023-12-08 20:48:10 App is up to date.
2023-12-08 21:48:10 Checking for update using Github
2023-12-08 21:48:10 Success.
2023-12-08 21:48:10 Latest version is 1.4.16
2023-12-08 21:48:10 App is up to date.
2023-12-08 22:48:10 Checking for update using Github
2023-12-08 22:48:10 Success.
2023-12-08 22:48:10 Latest version is 1.4.16
2023-12-08 22:48:10 App is up to date.
2023-12-10 14:20:55 Loading main app package /usr/lib/obsidian/obsidian.asar
2023-12-10 14:20:55 Checking for update using Github
2023-12-10 14:20:55 Success.
2023-12-10 14:20:55 Latest version is 1.4.16
2023-12-10 14:20:55 App is up to date.
2023-12-10 15:20:55 Checking for update using Github
2023-12-10 15:20:55 Success.
2023-12-10 15:20:55 Latest version is 1.4.16
2023-12-10 15:20:55 App is up to date.
2023-12-10 16:20:55 Checking for update using Github
2023-12-10 16:20:55 Success.
2023-12-10 16:20:55 Latest version is 1.4.16
2023-12-10 16:20:55 App is up to date.
2023-12-10 17:20:55 Checking for update using Github
2023-12-10 17:20:55 Success.
2023-12-10 17:20:55 Latest version is 1.4.16
2023-12-10 17:20:55 App is up to date.
2023-12-10 18:20:55 Checking for update using Github
2023-12-10 18:20:55 Success.
2023-12-10 18:20:55 Latest version is 1.4.16
2023-12-10 18:20:55 App is up to date.
2023-12-10 19:20:55 Checking for update using Github
2023-12-10 19:20:55 Success.
2023-12-10 19:20:55 Latest version is 1.4.16
2023-12-10 19:20:55 App is up to date.
2023-12-11 21:05:41 Loading main app package /usr/lib/obsidian/obsidian.asar
2023-12-11 21:05:41 Checking for update using Github
2023-12-11 21:05:41 Success.
2023-12-11 21:05:41 Latest version is 1.4.16
2023-12-11 21:05:41 App is up to date.
2023-12-11 22:05:41 Checking for update using Github
2023-12-11 22:05:41 Success.
2023-12-11 22:05:41 Latest version is 1.4.16
2023-12-11 22:05:41 App is up to date.
2023-12-11 23:05:41 Checking for update using Github
2023-12-11 23:05:41 Success.
2023-12-11 23:05:41 Latest version is 1.4.16
2023-12-11 23:05:41 App is up to date.
2023-12-12 00:36:43 Loading main app package /usr/lib/obsidian/obsidian.asar
2023-12-12 00:36:43 Checking for update using Github
2023-12-12 00:36:43 Success.
2023-12-12 00:36:43 Latest version is 1.4.16
2023-12-12 00:36:43 App is up to date.
2023-12-12 01:36:43 Checking for update using Github
2023-12-12 01:36:43 Success.
2023-12-12 01:36:43 Latest version is 1.4.16
2023-12-12 01:36:43 App is up to date.
2023-12-16 19:21:33 Loading main app package /usr/lib/obsidian/obsidian.asar
2023-12-16 19:21:33 Checking for update using Github
2023-12-16 19:21:33 Success.
2023-12-16 19:21:33 Latest version is 1.4.16
2023-12-16 19:21:33 App is up to date.
2023-12-16 20:21:33 Checking for update using Github
2023-12-16 20:21:33 Success.
2023-12-16 20:21:33 Latest version is 1.4.16
2023-12-16 20:21:33 App is up to date.
2023-12-17 15:09:51 Loading main app package /usr/lib/obsidian/obsidian.asar
2023-12-17 15:09:51 Checking for update using Github
2023-12-17 15:09:51 Success.
2023-12-17 15:09:51 Latest version is 1.4.16
2023-12-17 15:09:51 App is up to date.
2023-12-17 16:09:51 Checking for update using Github
2023-12-17 16:09:51 Success.
2023-12-17 16:09:51 Latest version is 1.4.16
2023-12-17 16:09:51 App is up to date.
2023-12-17 17:09:51 Checking for update using Github
2023-12-17 17:09:51 Success.
2023-12-17 17:09:51 Latest version is 1.4.16
2023-12-17 17:09:51 App is up to date.
2023-12-17 18:09:51 Checking for update using Github
2023-12-17 18:09:51 Success.
2023-12-17 18:09:51 Latest version is 1.4.16
2023-12-17 18:09:51 App is up to date.
2023-12-17 22:05:40 Loading main app package /usr/lib/obsidian/obsidian.asar
2023-12-17 22:05:41 Checking for update using Github
2023-12-17 22:05:41 Success.
2023-12-17 22:05:41 Latest version is 1.4.16
2023-12-17 22:05:41 App is up to date.
2023-12-17 23:05:40 Checking for update using Github
2023-12-17 23:05:41 Success.
2023-12-17 23:05:41 Latest version is 1.4.16
2023-12-17 23:05:41 App is up to date.
2023-12-19 00:58:25 Loading main app package /usr/lib/obsidian/obsidian.asar
2023-12-19 00:58:25 Checking for update using Github
2023-12-19 00:58:25 Success.
2023-12-19 00:58:25 Latest version is 1.4.16
2023-12-19 00:58:25 App is up to date.
2023-12-21 17:28:13 Loading main app package /usr/lib/obsidian/obsidian.asar
2023-12-21 17:28:13 Checking for update using Github
2023-12-21 17:28:13 Success.
2023-12-21 17:28:13 Latest version is 1.4.16
2023-12-21 17:28:13 App is up to date.
2024-01-04 15:33:58 Loading main app package /usr/lib/obsidian/obsidian.asar
2024-01-04 15:33:58 Checking for update using Github
2024-01-04 15:33:58 Success.
2024-01-04 15:33:58 Latest version is 1.5.3
2024-01-04 15:33:58 App is up to date.
2024-01-05 16:31:51 Loading main app package /usr/lib/obsidian/obsidian.asar
2024-01-05 16:31:52 Checking for update using Github
2024-01-05 16:31:52 Success.
2024-01-05 16:31:52 Latest version is 1.5.3
2024-01-05 16:31:52 App is up to date.
2024-01-05 17:01:23 Loading main app package /usr/lib/obsidian/obsidian.asar
2024-01-05 17:01:23 Checking for update using Github
2024-01-05 17:01:23 Success.
2024-01-05 17:01:23 Latest version is 1.5.3
2024-01-05 17:01:23 App is up to date.
2024-01-05 18:01:23 Checking for update using Github
2024-01-05 18:01:23 Success.
2024-01-05 18:01:23 Latest version is 1.5.3
2024-01-05 18:01:23 App is up to date.
2024-01-07 03:34:50 Loading main app package /usr/lib/obsidian/obsidian.asar
2024-01-07 03:34:50 Checking for update using Github
2024-01-07 03:34:50 Success.
2024-01-07 03:34:50 Latest version is 1.5.3
2024-01-07 03:34:50 App is up to date.
2024-01-07 03:56:10 Loading main app package /usr/lib/obsidian/obsidian.asar
2024-01-07 03:56:11 Checking for update using Github
2024-01-07 03:56:11 Success.
2024-01-07 03:56:11 Latest version is 1.5.3
2024-01-07 03:56:11 App is up to date.
2024-01-07 04:27:40 Loading main app package /usr/lib/obsidian/obsidian.asar
2024-01-07 04:27:40 Checking for update using Github
2024-01-07 04:27:40 Success.
2024-01-07 04:27:40 Latest version is 1.5.3
2024-01-07 04:27:40 App is up to date.
2024-01-07 20:12:18 Loading main app package /usr/lib/obsidian/obsidian.asar
2024-01-07 20:12:19 Checking for update using Github
2024-01-07 20:12:19 Success.
2024-01-07 20:12:19 Latest version is 1.5.3
2024-01-07 20:12:19 App is up to date.
2024-01-07 21:12:19 Checking for update using Github
2024-01-07 21:12:19 Success.
2024-01-07 21:12:19 Latest version is 1.5.3
2024-01-07 21:12:19 App is up to date.
2024-01-07 22:12:19 Checking for update using Github
2024-01-07 22:12:19 Success.
2024-01-07 22:12:19 Latest version is 1.5.3
2024-01-07 22:12:19 App is up to date.
2024-01-09 14:19:46 Loading main app package /usr/lib/obsidian/obsidian.asar
2024-01-09 14:19:46 Checking for update using Github
2024-01-09 14:19:46 Success.
2024-01-09 14:19:46 Latest version is 1.5.3
2024-01-09 14:19:46 App is up to date.
2024-01-09 15:19:46 Checking for update using Github
2024-01-09 15:19:46 Success.
2024-01-09 15:19:46 Latest version is 1.5.3
2024-01-09 15:19:46 App is up to date.
2024-01-09 16:19:46 Checking for update using Github
2024-01-09 16:19:46 Success.
2024-01-09 16:19:46 Latest version is 1.5.3
2024-01-09 16:19:46 App is up to date.
2024-01-09 17:19:46 Checking for update using Github
2024-01-09 17:19:46 Success.
2024-01-09 17:19:46 Latest version is 1.5.3
2024-01-09 17:19:46 App is up to date.
2024-01-09 18:19:46 Checking for update using Github
2024-01-09 18:19:46 Success.
2024-01-09 18:19:46 Latest version is 1.5.3
2024-01-09 18:19:46 App is up to date.
2024-01-11 15:09:50 Loading main app package /usr/lib/obsidian/obsidian.asar
2024-01-11 15:09:50 Checking for update using Github
2024-01-11 15:09:50 Success.
2024-01-11 15:09:50 Latest version is 1.5.3
2024-01-11 15:09:50 App is up to date.
2024-01-11 16:09:50 Checking for update using Github
2024-01-11 16:09:50 Success.
2024-01-11 16:09:50 Latest version is 1.5.3
2024-01-11 16:09:50 App is up to date.
2024-01-16 14:06:35 Loading main app package /usr/lib/obsidian/obsidian.asar
2024-01-16 14:06:35 Checking for update using Github
2024-01-16 14:06:35 Success.
2024-01-16 14:06:35 Latest version is 1.5.3
2024-01-16 14:06:35 App is up to date.
2024-01-18 14:01:39 Loading main app package /usr/lib/obsidian/obsidian.asar
2024-01-18 14:01:39 Checking for update using Github
2024-01-18 14:01:39 Success.
2024-01-18 14:01:39 Latest version is 1.5.3
2024-01-18 14:01:39 App is up to date.
2024-01-18 20:26:04 Loading main app package /usr/lib/obsidian/obsidian.asar
2024-01-18 20:26:04 Checking for update using Github
2024-01-18 20:26:04 Success.
2024-01-18 20:26:04 Latest version is 1.5.3
2024-01-18 20:26:04 App is up to date.
2024-01-18 20:42:59 Loading main app package /usr/lib/obsidian/obsidian.asar
2024-01-18 20:42:59 Checking for update using Github
2024-01-18 20:42:59 Success.
2024-01-18 20:42:59 Latest version is 1.5.3
2024-01-18 20:42:59 App is up to date.
2024-01-19 14:45:20 Loading main app package /usr/lib/obsidian/obsidian.asar
2024-01-19 14:45:20 Checking for update using Github
2024-01-19 14:45:20 Success.
2024-01-19 14:45:20 Latest version is 1.5.3
2024-01-19 14:45:20 App is up to date.
2024-01-19 15:45:20 Checking for update using Github
2024-01-19 15:45:20 Success.
2024-01-19 15:45:20 Latest version is 1.5.3
2024-01-19 15:45:20 App is up to date.
2024-01-23 14:17:58 Loading main app package /usr/lib/obsidian/obsidian.asar
2024-01-23 14:17:59 Checking for update using Github
2024-01-23 14:17:59 Success.
2024-01-23 14:17:59 Latest version is 1.5.3
2024-01-23 14:17:59 App is up to date.
2024-01-23 15:17:58 Checking for update using Github
2024-01-23 15:17:58 Success.
2024-01-23 15:17:58 Latest version is 1.5.3
2024-01-23 15:17:58 App is up to date.
2024-01-23 16:17:58 Checking for update using Github
2024-01-23 16:17:59 Success.
2024-01-23 16:17:59 Latest version is 1.5.3
2024-01-23 16:17:59 App is up to date.
2024-01-23 17:17:59 Checking for update using Github
2024-01-23 17:17:59 Success.
2024-01-23 17:17:59 Latest version is 1.5.3
2024-01-23 17:17:59 App is up to date.
2024-01-23 18:17:59 Checking for update using Github
2024-01-23 18:17:59 Success.
2024-01-23 18:17:59 Latest version is 1.5.3
2024-01-23 18:17:59 App is up to date.
2024-01-23 19:25:48 Loading main app package /usr/lib/obsidian/obsidian.asar
2024-01-23 19:25:48 Checking for update using Github
2024-01-23 19:25:48 Success.
2024-01-23 19:25:48 Latest version is 1.5.3
2024-01-23 19:25:48 App is up to date.
2024-01-23 19:59:09 Loading main app package /usr/lib/obsidian/obsidian.asar
2024-01-23 19:59:10 Checking for update using Github
2024-01-23 19:59:10 Success.
2024-01-23 19:59:10 Latest version is 1.5.3
2024-01-23 19:59:10 App is up to date.
2024-01-23 20:59:09 Checking for update using Github
2024-01-23 20:59:09 Success.
2024-01-23 20:59:09 Latest version is 1.5.3
2024-01-23 20:59:09 App is up to date.
2024-01-24 13:25:04 Loading main app package /usr/lib/obsidian/obsidian.asar
2024-01-24 13:25:05 Checking for update using Github
2024-01-24 13:25:05 Success.
2024-01-24 13:25:05 Latest version is 1.5.3
2024-01-24 13:25:05 App is up to date.
2024-01-24 13:38:07 Loading main app package /usr/lib/obsidian/obsidian.asar
2024-01-24 13:38:07 Checking for update using Github
2024-01-24 13:38:07 Success.
2024-01-24 13:38:07 Latest version is 1.5.3
2024-01-24 13:38:07 App is up to date.
2024-01-28 15:31:41 Loading main app package /usr/lib/obsidian/obsidian.asar
2024-01-28 15:31:42 Checking for update using Github
2024-01-28 15:31:42 Success.
2024-01-28 15:31:42 Latest version is 1.5.3
2024-01-28 15:31:42 App is up to date.
