2024-01-18 10:03:56.822 [info] Reading sessions from keychain...
2024-01-18 10:03:56.822 [info] Getting sessions for all scopes...
2024-01-18 10:03:56.822 [info] Got stored sessions!
2024-01-18 10:03:56.822 [info] Got 1 verified sessions.
2024-01-18 10:03:56.822 [info] Got 1 sessions for ...
2024-01-18 10:03:56.831 [info] Getting sessions for project,read:org,read:user,repo,user:email,workflow...
2024-01-18 10:03:56.832 [info] Got 0 sessions for project,read:org,read:user,repo,user:email,workflow...
2024-01-18 10:03:56.840 [info] Getting sessions for read:user,repo,user:email,workflow...
2024-01-18 10:03:56.840 [info] Got 1 sessions for read:user,repo,user:email,workflow...
2024-01-18 10:03:56.872 [info] Getting sessions for read:user,repo,user:email,workflow...
2024-01-18 10:03:56.872 [info] Got 1 sessions for read:user,repo,user:email,workflow...
2024-01-18 10:03:57.018 [info] Getting sessions for read:user,repo,user:email...
2024-01-18 10:03:57.018 [info] Got 0 sessions for read:user,repo,user:email...
2024-01-18 10:03:57.022 [info] Getting sessions for read:user,repo,user:email,workflow...
2024-01-18 10:03:57.022 [info] Got 1 sessions for read:user,repo,user:email,workflow...
2024-01-18 10:03:57.102 [info] Getting sessions for read:user,repo,user:email,workflow...
2024-01-18 10:03:57.102 [info] Got 1 sessions for read:user,repo,user:email,workflow...
2024-01-18 10:03:57.102 [info] Getting sessions for all scopes...
2024-01-18 10:03:57.102 [info] Got 1 sessions for ...
2024-01-18 10:03:57.135 [info] Getting sessions for all scopes...
2024-01-18 10:03:57.135 [info] Got 1 sessions for ...
2024-01-18 10:07:49.622 [info] Getting sessions for project,read:org,read:user,repo,user:email,workflow...
2024-01-18 10:07:49.622 [info] Got 0 sessions for project,read:org,read:user,repo,user:email,workflow...
2024-01-18 10:07:49.622 [info] Getting sessions for read:user,repo,user:email,workflow...
2024-01-18 10:07:49.622 [info] Got 1 sessions for read:user,repo,user:email,workflow...
2024-01-18 10:07:49.626 [info] Getting sessions for read:user,repo,user:email,workflow...
2024-01-18 10:07:49.627 [info] Got 1 sessions for read:user,repo,user:email,workflow...
2024-01-18 10:07:49.884 [info] Getting sessions for read:user,repo,user:email,workflow...
2024-01-18 10:07:49.884 [info] Got 1 sessions for read:user,repo,user:email,workflow...
