2024-01-21 14:15:27.595 [info] Extension host with pid 1958714 started
2024-01-21 14:15:27.606 [info] ExtensionService#_doActivateExtension vscode.git-base, startup: true, activationEvent: '*', root cause: vscode.git
2024-01-21 14:15:27.612 [info] ExtensionService#_doActivateExtension KnisterPeter.vscode-github, startup: true, activationEvent: '*'
2024-01-21 14:15:27.693 [info] ExtensionService#_doActivateExtension mhutchie.git-graph, startup: true, activationEvent: '*'
2024-01-21 14:15:27.767 [info] ExtensionService#_doActivateExtension vscode.git, startup: true, activationEvent: '*'
2024-01-21 14:15:27.851 [info] ExtensionService#_doActivateExtension vscode.github, startup: true, activationEvent: '*'
2024-01-21 14:15:27.912 [info] Eager extensions activated
2024-01-21 14:15:27.928 [info] ExtensionService#_doActivateExtension vscode.debug-auto-launch, startup: false, activationEvent: 'onStartupFinished'
2024-01-21 14:15:27.931 [info] ExtensionService#_doActivateExtension vscode.merge-conflict, startup: false, activationEvent: 'onStartupFinished'
2024-01-21 14:15:27.956 [info] ExtensionService#_doActivateExtension Catppuccin.catppuccin-vsc, startup: false, activationEvent: 'onStartupFinished'
2024-01-21 14:15:27.962 [info] ExtensionService#_doActivateExtension eamodio.gitlens, startup: false, activationEvent: 'onStartupFinished'
2024-01-21 14:15:28.114 [info] ExtensionService#_doActivateExtension waderyan.gitblame, startup: false, activationEvent: 'onStartupFinished'
2024-01-21 14:15:28.241 [info] ExtensionService#_doActivateExtension vscode.json-language-features, startup: false, activationEvent: 'onLanguage:jsonc'
2024-01-21 14:15:28.331 [info] ExtensionService#_doActivateExtension vscode.typescript-language-features, startup: false, activationEvent: 'onLanguage:jsonc'
2024-01-21 14:15:28.400 [info] ExtensionService#_doActivateExtension vscode.emmet, startup: false, activationEvent: 'onLanguage'
2024-01-21 14:15:33.067 [info] ExtensionService#_doActivateExtension vscode.github-authentication, startup: false, activationEvent: 'onAuthenticationRequest:github'
2024-01-21 14:15:54.793 [info] Extension host terminating: renderer closed the MessagePort
2024-01-21 14:15:54.834 [error] Canceled: Canceled
	at new g (/usr/lib/code/out/vs/workbench/api/node/extensionHostProcess.js:141:110274)
	at l.U (/usr/lib/code/out/vs/workbench/api/node/extensionHostProcess.js:150:10866)
	at P.<computed>.j.charCodeAt.P.<computed> (/usr/lib/code/out/vs/workbench/api/node/extensionHostProcess.js:150:8317)
	at d.g (/usr/lib/code/out/vs/workbench/api/node/extensionHostProcess.js:141:139555)
	at d.executeCommand (/usr/lib/code/out/vs/workbench/api/node/extensionHostProcess.js:141:138993)
	at p.registerCommand.description (/usr/lib/code/out/vs/workbench/api/node/extensionHostProcess.js:141:138317)
	at d.h (/usr/lib/code/out/vs/workbench/api/node/extensionHostProcess.js:141:140094)
	at d.g (/usr/lib/code/out/vs/workbench/api/node/extensionHostProcess.js:141:139086)
	at d.executeCommand (/usr/lib/code/out/vs/workbench/api/node/extensionHostProcess.js:141:138993)
	at Object.executeCommand (/usr/lib/code/out/vs/workbench/api/node/extensionHostProcess.js:158:21333)
	at w (/home/neutron/.vscode-oss/extensions/eamodio.gitlens-14.7.0-universal/dist/gitlens.js:1077:40655)
	at h (/home/neutron/.vscode-oss/extensions/eamodio.gitlens-14.7.0-universal/dist/gitlens.js:1077:45702)
	at ActionRunners._updateContextKeys (/home/neutron/.vscode-oss/extensions/eamodio.gitlens-14.7.0-universal/dist/gitlens.js:663:17573)
	at s (/home/neutron/.vscode-oss/extensions/eamodio.gitlens-14.7.0-universal/dist/gitlens.js:663:16017)
	at RegisteredActionRunner.unregister (/home/neutron/.vscode-oss/extensions/eamodio.gitlens-14.7.0-universal/dist/gitlens.js:663:16160)
	at RegisteredActionRunner.dispose (/home/neutron/.vscode-oss/extensions/eamodio.gitlens-14.7.0-universal/dist/gitlens.js:663:14813)
	at ActionRunners.dispose (/home/neutron/.vscode-oss/extensions/eamodio.gitlens-14.7.0-universal/dist/gitlens.js:663:15600)
	at /home/neutron/.vscode-oss/extensions/eamodio.gitlens-14.7.0-universal/dist/gitlens.js:1037:19287
	at Array.forEach (<anonymous>)
	at Object.dispose (/home/neutron/.vscode-oss/extensions/eamodio.gitlens-14.7.0-universal/dist/gitlens.js:1037:19269)
	at s (/usr/lib/code/out/vs/workbench/api/node/extensionHostProcess.js:30:754)
	at f.cb (/usr/lib/code/out/vs/workbench/api/node/extensionHostProcess.js:154:9873)
	at /usr/lib/code/out/vs/workbench/api/node/extensionHostProcess.js:154:7808
	at Array.map (<anonymous>)
	at f.Y (/usr/lib/code/out/vs/workbench/api/node/extensionHostProcess.js:154:7795)
	at f.terminate (/usr/lib/code/out/vs/workbench/api/node/extensionHostProcess.js:154:8068)
	at s.terminate (/usr/lib/code/out/vs/workbench/api/node/extensionHostProcess.js:158:1513)
	at a (/usr/lib/code/out/vs/workbench/api/node/extensionHostProcess.js:171:9802)
	at MessagePortMain.<anonymous> (/usr/lib/code/out/vs/workbench/api/node/extensionHostProcess.js:171:6227)
	at MessagePortMain.emit (node:events:513:28)
	at MessagePortMain._internalPort.emit (node:electron/js2c/utility_init:2:367) setContext undefined
2024-01-21 14:15:54.835 [error] Canceled: Canceled
	at new g (/usr/lib/code/out/vs/workbench/api/node/extensionHostProcess.js:141:110274)
	at l.U (/usr/lib/code/out/vs/workbench/api/node/extensionHostProcess.js:150:10866)
	at P.<computed>.j.charCodeAt.P.<computed> (/usr/lib/code/out/vs/workbench/api/node/extensionHostProcess.js:150:8317)
	at d.g (/usr/lib/code/out/vs/workbench/api/node/extensionHostProcess.js:141:139555)
	at d.executeCommand (/usr/lib/code/out/vs/workbench/api/node/extensionHostProcess.js:141:138993)
	at p.registerCommand.description (/usr/lib/code/out/vs/workbench/api/node/extensionHostProcess.js:141:138317)
	at d.h (/usr/lib/code/out/vs/workbench/api/node/extensionHostProcess.js:141:140094)
	at d.g (/usr/lib/code/out/vs/workbench/api/node/extensionHostProcess.js:141:139086)
	at d.executeCommand (/usr/lib/code/out/vs/workbench/api/node/extensionHostProcess.js:141:138993)
	at Object.executeCommand (/usr/lib/code/out/vs/workbench/api/node/extensionHostProcess.js:158:21333)
	at w (/home/neutron/.vscode-oss/extensions/eamodio.gitlens-14.7.0-universal/dist/gitlens.js:1077:40655)
	at h (/home/neutron/.vscode-oss/extensions/eamodio.gitlens-14.7.0-universal/dist/gitlens.js:1077:45702)
	at ActionRunners._updateContextKeys (/home/neutron/.vscode-oss/extensions/eamodio.gitlens-14.7.0-universal/dist/gitlens.js:663:17573)
	at s (/home/neutron/.vscode-oss/extensions/eamodio.gitlens-14.7.0-universal/dist/gitlens.js:663:16017)
	at RegisteredActionRunner.unregister (/home/neutron/.vscode-oss/extensions/eamodio.gitlens-14.7.0-universal/dist/gitlens.js:663:16160)
	at RegisteredActionRunner.dispose (/home/neutron/.vscode-oss/extensions/eamodio.gitlens-14.7.0-universal/dist/gitlens.js:663:14813)
	at ActionRunners.dispose (/home/neutron/.vscode-oss/extensions/eamodio.gitlens-14.7.0-universal/dist/gitlens.js:663:15600)
	at /home/neutron/.vscode-oss/extensions/eamodio.gitlens-14.7.0-universal/dist/gitlens.js:1037:19287
	at Array.forEach (<anonymous>)
	at Object.dispose (/home/neutron/.vscode-oss/extensions/eamodio.gitlens-14.7.0-universal/dist/gitlens.js:1037:19269)
	at s (/usr/lib/code/out/vs/workbench/api/node/extensionHostProcess.js:30:754)
	at f.cb (/usr/lib/code/out/vs/workbench/api/node/extensionHostProcess.js:154:9873)
	at /usr/lib/code/out/vs/workbench/api/node/extensionHostProcess.js:154:7808
	at Array.map (<anonymous>)
	at f.Y (/usr/lib/code/out/vs/workbench/api/node/extensionHostProcess.js:154:7795)
	at f.terminate (/usr/lib/code/out/vs/workbench/api/node/extensionHostProcess.js:154:8068)
	at s.terminate (/usr/lib/code/out/vs/workbench/api/node/extensionHostProcess.js:158:1513)
	at a (/usr/lib/code/out/vs/workbench/api/node/extensionHostProcess.js:171:9802)
	at MessagePortMain.<anonymous> (/usr/lib/code/out/vs/workbench/api/node/extensionHostProcess.js:171:6227)
	at MessagePortMain.emit (node:events:513:28)
	at MessagePortMain._internalPort.emit (node:electron/js2c/utility_init:2:367) setContext undefined
2024-01-21 14:15:54.835 [error] Canceled: Canceled
	at new g (/usr/lib/code/out/vs/workbench/api/node/extensionHostProcess.js:141:110274)
	at l.U (/usr/lib/code/out/vs/workbench/api/node/extensionHostProcess.js:150:10866)
	at P.<computed>.j.charCodeAt.P.<computed> (/usr/lib/code/out/vs/workbench/api/node/extensionHostProcess.js:150:8317)
	at d.g (/usr/lib/code/out/vs/workbench/api/node/extensionHostProcess.js:141:139555)
	at d.executeCommand (/usr/lib/code/out/vs/workbench/api/node/extensionHostProcess.js:141:138993)
	at p.registerCommand.description (/usr/lib/code/out/vs/workbench/api/node/extensionHostProcess.js:141:138317)
	at d.h (/usr/lib/code/out/vs/workbench/api/node/extensionHostProcess.js:141:140094)
	at d.g (/usr/lib/code/out/vs/workbench/api/node/extensionHostProcess.js:141:139086)
	at d.executeCommand (/usr/lib/code/out/vs/workbench/api/node/extensionHostProcess.js:141:138993)
	at Object.executeCommand (/usr/lib/code/out/vs/workbench/api/node/extensionHostProcess.js:158:21333)
	at w (/home/neutron/.vscode-oss/extensions/eamodio.gitlens-14.7.0-universal/dist/gitlens.js:1077:40655)
	at h (/home/neutron/.vscode-oss/extensions/eamodio.gitlens-14.7.0-universal/dist/gitlens.js:1077:45702)
	at ActionRunners._updateContextKeys (/home/neutron/.vscode-oss/extensions/eamodio.gitlens-14.7.0-universal/dist/gitlens.js:663:17573)
	at s (/home/neutron/.vscode-oss/extensions/eamodio.gitlens-14.7.0-universal/dist/gitlens.js:663:16017)
	at RegisteredActionRunner.unregister (/home/neutron/.vscode-oss/extensions/eamodio.gitlens-14.7.0-universal/dist/gitlens.js:663:16160)
	at RegisteredActionRunner.dispose (/home/neutron/.vscode-oss/extensions/eamodio.gitlens-14.7.0-universal/dist/gitlens.js:663:14813)
	at ActionRunners.dispose (/home/neutron/.vscode-oss/extensions/eamodio.gitlens-14.7.0-universal/dist/gitlens.js:663:15600)
	at /home/neutron/.vscode-oss/extensions/eamodio.gitlens-14.7.0-universal/dist/gitlens.js:1037:19287
	at Array.forEach (<anonymous>)
	at Object.dispose (/home/neutron/.vscode-oss/extensions/eamodio.gitlens-14.7.0-universal/dist/gitlens.js:1037:19269)
	at s (/usr/lib/code/out/vs/workbench/api/node/extensionHostProcess.js:30:754)
	at f.cb (/usr/lib/code/out/vs/workbench/api/node/extensionHostProcess.js:154:9873)
	at /usr/lib/code/out/vs/workbench/api/node/extensionHostProcess.js:154:7808
	at Array.map (<anonymous>)
	at f.Y (/usr/lib/code/out/vs/workbench/api/node/extensionHostProcess.js:154:7795)
	at f.terminate (/usr/lib/code/out/vs/workbench/api/node/extensionHostProcess.js:154:8068)
	at s.terminate (/usr/lib/code/out/vs/workbench/api/node/extensionHostProcess.js:158:1513)
	at a (/usr/lib/code/out/vs/workbench/api/node/extensionHostProcess.js:171:9802)
	at MessagePortMain.<anonymous> (/usr/lib/code/out/vs/workbench/api/node/extensionHostProcess.js:171:6227)
	at MessagePortMain.emit (node:events:513:28)
	at MessagePortMain._internalPort.emit (node:electron/js2c/utility_init:2:367) setContext undefined
2024-01-21 14:15:54.850 [info] Extension host with pid 1958714 exiting with code 0
2024-01-21 14:15:55.970 [info] Extension host with pid 1959359 started
2024-01-21 14:15:55.970 [info] Skipping acquiring lock for /home/neutron/.config/Code - OSS/User/workspaceStorage/6fb1d0dca0653dcf759c52208ea0db67.
2024-01-21 14:15:55.996 [info] ExtensionService#_doActivateExtension vscode.git-base, startup: true, activationEvent: '*'
2024-01-21 14:15:56.003 [info] ExtensionService#_doActivateExtension vscode.github, startup: true, activationEvent: '*'
2024-01-21 14:15:56.037 [info] Eager extensions activated
2024-01-21 14:15:56.077 [info] ExtensionService#_doActivateExtension vscode.debug-auto-launch, startup: false, activationEvent: 'onStartupFinished'
2024-01-21 14:15:56.079 [info] ExtensionService#_doActivateExtension vscode.merge-conflict, startup: false, activationEvent: 'onStartupFinished'
2024-01-21 14:15:56.100 [info] ExtensionService#_doActivateExtension Catppuccin.catppuccin-vsc, startup: false, activationEvent: 'onStartupFinished'
2024-01-21 14:15:56.107 [info] ExtensionService#_doActivateExtension eamodio.gitlens, startup: false, activationEvent: 'onStartupFinished'
2024-01-21 14:15:56.401 [info] ExtensionService#_doActivateExtension vscode.json-language-features, startup: false, activationEvent: 'onLanguage:jsonc'
2024-01-21 14:15:56.475 [info] ExtensionService#_doActivateExtension vscode.typescript-language-features, startup: false, activationEvent: 'onLanguage:jsonc'
2024-01-21 14:15:56.544 [info] ExtensionService#_doActivateExtension vscode.emmet, startup: false, activationEvent: 'onLanguage'
2024-01-21 14:15:59.018 [info] ExtensionService#_doActivateExtension vscode.git, startup: false, activationEvent: 'api', root cause: vscode.github
2024-01-21 14:15:59.141 [info] ExtensionService#_doActivateExtension KnisterPeter.vscode-github, startup: false, activationEvent: '*'
2024-01-21 14:15:59.280 [info] ExtensionService#_doActivateExtension mhutchie.git-graph, startup: false, activationEvent: '*'
2024-01-21 14:15:59.365 [info] ExtensionService#_doActivateExtension waderyan.gitblame, startup: false, activationEvent: 'onStartupFinished'
2024-01-21 14:15:59.712 [info] ExtensionService#_doActivateExtension vscode.github-authentication, startup: false, activationEvent: 'onAuthenticationRequest:github'
2024-01-21 14:16:19.799 [warning] TextEditor is closed/disposed
2024-01-21 14:16:45.641 [warning] TextEditor is closed/disposed
2024-01-21 14:16:56.526 [info] Extension host terminating: renderer closed the MessagePort
2024-01-21 14:16:56.561 [error] Canceled: Canceled
	at new g (/usr/lib/code/out/vs/workbench/api/node/extensionHostProcess.js:141:110274)
	at l.U (/usr/lib/code/out/vs/workbench/api/node/extensionHostProcess.js:150:10866)
	at P.<computed>.j.charCodeAt.P.<computed> (/usr/lib/code/out/vs/workbench/api/node/extensionHostProcess.js:150:8317)
	at d.g (/usr/lib/code/out/vs/workbench/api/node/extensionHostProcess.js:141:139555)
	at d.executeCommand (/usr/lib/code/out/vs/workbench/api/node/extensionHostProcess.js:141:138993)
	at p.registerCommand.description (/usr/lib/code/out/vs/workbench/api/node/extensionHostProcess.js:141:138317)
	at d.h (/usr/lib/code/out/vs/workbench/api/node/extensionHostProcess.js:141:140094)
	at d.g (/usr/lib/code/out/vs/workbench/api/node/extensionHostProcess.js:141:139086)
	at d.executeCommand (/usr/lib/code/out/vs/workbench/api/node/extensionHostProcess.js:141:138993)
	at Object.executeCommand (/usr/lib/code/out/vs/workbench/api/node/extensionHostProcess.js:158:21333)
	at f.I [as value] (/usr/lib/code/extensions/git/dist/main.js:2:924696)
	at n.y (/usr/lib/code/out/vs/workbench/api/node/extensionHostProcess.js:80:1902)
	at n.z (/usr/lib/code/out/vs/workbench/api/node/extensionHostProcess.js:80:1972)
	at n.fire (/usr/lib/code/out/vs/workbench/api/node/extensionHostProcess.js:80:2188)
	at Object.m [as dispose] (/usr/lib/code/extensions/git/dist/main.js:2:940613)
	at /usr/lib/code/extensions/git/dist/main.js:2:945566
	at Array.forEach (<anonymous>)
	at p.dispose (/usr/lib/code/extensions/git/dist/main.js:2:945552)
	at u.<anonymous> (/usr/lib/code/out/vs/workbench/api/node/extensionHostProcess.js:137:3620)
	at u.dispose (/usr/lib/code/out/vs/workbench/api/node/extensionHostProcess.js:137:3717)
	at u.<anonymous> (/usr/lib/code/extensions/git/dist/main.js:2:926708)
	at u.dispose (/usr/lib/code/out/vs/workbench/api/node/extensionHostProcess.js:137:3717)
	at s (/usr/lib/code/out/vs/workbench/api/node/extensionHostProcess.js:30:754)
	at f.cb (/usr/lib/code/out/vs/workbench/api/node/extensionHostProcess.js:154:9873)
	at /usr/lib/code/out/vs/workbench/api/node/extensionHostProcess.js:154:7808
	at Array.map (<anonymous>)
	at f.Y (/usr/lib/code/out/vs/workbench/api/node/extensionHostProcess.js:154:7795)
	at f.terminate (/usr/lib/code/out/vs/workbench/api/node/extensionHostProcess.js:154:8068)
	at s.terminate (/usr/lib/code/out/vs/workbench/api/node/extensionHostProcess.js:158:1513)
	at a (/usr/lib/code/out/vs/workbench/api/node/extensionHostProcess.js:171:9802)
	at MessagePortMain.<anonymous> (/usr/lib/code/out/vs/workbench/api/node/extensionHostProcess.js:171:6227)
	at MessagePortMain.emit (node:events:513:28)
	at MessagePortMain._internalPort.emit (node:electron/js2c/utility_init:2:367) setContext undefined
2024-01-21 14:16:56.564 [error] Canceled: Canceled
	at new g (/usr/lib/code/out/vs/workbench/api/node/extensionHostProcess.js:141:110274)
	at l.U (/usr/lib/code/out/vs/workbench/api/node/extensionHostProcess.js:150:10866)
	at P.<computed>.j.charCodeAt.P.<computed> (/usr/lib/code/out/vs/workbench/api/node/extensionHostProcess.js:150:8317)
	at d.g (/usr/lib/code/out/vs/workbench/api/node/extensionHostProcess.js:141:139555)
	at d.executeCommand (/usr/lib/code/out/vs/workbench/api/node/extensionHostProcess.js:141:138993)
	at p.registerCommand.description (/usr/lib/code/out/vs/workbench/api/node/extensionHostProcess.js:141:138317)
	at d.h (/usr/lib/code/out/vs/workbench/api/node/extensionHostProcess.js:141:140094)
	at d.g (/usr/lib/code/out/vs/workbench/api/node/extensionHostProcess.js:141:139086)
	at d.executeCommand (/usr/lib/code/out/vs/workbench/api/node/extensionHostProcess.js:141:138993)
	at Object.executeCommand (/usr/lib/code/out/vs/workbench/api/node/extensionHostProcess.js:158:21333)
	at set b [as b] (/usr/lib/code/extensions/github/dist/extension.js:2:322364)
	at /usr/lib/code/extensions/github/dist/extension.js:2:323005
	at f.value (/usr/lib/code/extensions/git/dist/main.js:2:1016450)
	at n.y (/usr/lib/code/out/vs/workbench/api/node/extensionHostProcess.js:80:1902)
	at n.z (/usr/lib/code/out/vs/workbench/api/node/extensionHostProcess.js:80:1972)
	at n.fire (/usr/lib/code/out/vs/workbench/api/node/extensionHostProcess.js:80:2188)
	at Object.m [as dispose] (/usr/lib/code/extensions/git/dist/main.js:2:940613)
	at /usr/lib/code/extensions/git/dist/main.js:2:945566
	at Array.forEach (<anonymous>)
	at p.dispose (/usr/lib/code/extensions/git/dist/main.js:2:945552)
	at u.<anonymous> (/usr/lib/code/out/vs/workbench/api/node/extensionHostProcess.js:137:3620)
	at u.dispose (/usr/lib/code/out/vs/workbench/api/node/extensionHostProcess.js:137:3717)
	at u.<anonymous> (/usr/lib/code/extensions/git/dist/main.js:2:926708)
	at u.dispose (/usr/lib/code/out/vs/workbench/api/node/extensionHostProcess.js:137:3717)
	at s (/usr/lib/code/out/vs/workbench/api/node/extensionHostProcess.js:30:754)
	at f.cb (/usr/lib/code/out/vs/workbench/api/node/extensionHostProcess.js:154:9873)
	at /usr/lib/code/out/vs/workbench/api/node/extensionHostProcess.js:154:7808
	at Array.map (<anonymous>)
	at f.Y (/usr/lib/code/out/vs/workbench/api/node/extensionHostProcess.js:154:7795)
	at f.terminate (/usr/lib/code/out/vs/workbench/api/node/extensionHostProcess.js:154:8068)
	at s.terminate (/usr/lib/code/out/vs/workbench/api/node/extensionHostProcess.js:158:1513)
	at a (/usr/lib/code/out/vs/workbench/api/node/extensionHostProcess.js:171:9802)
	at MessagePortMain.<anonymous> (/usr/lib/code/out/vs/workbench/api/node/extensionHostProcess.js:171:6227)
	at MessagePortMain.emit (node:events:513:28)
	at MessagePortMain._internalPort.emit (node:electron/js2c/utility_init:2:367) setContext undefined
2024-01-21 14:16:56.564 [error] Canceled: Canceled
	at new g (/usr/lib/code/out/vs/workbench/api/node/extensionHostProcess.js:141:110274)
	at l.U (/usr/lib/code/out/vs/workbench/api/node/extensionHostProcess.js:150:10866)
	at P.<computed>.j.charCodeAt.P.<computed> (/usr/lib/code/out/vs/workbench/api/node/extensionHostProcess.js:150:8317)
	at d.g (/usr/lib/code/out/vs/workbench/api/node/extensionHostProcess.js:141:139555)
	at d.executeCommand (/usr/lib/code/out/vs/workbench/api/node/extensionHostProcess.js:141:138993)
	at p.registerCommand.description (/usr/lib/code/out/vs/workbench/api/node/extensionHostProcess.js:141:138317)
	at d.h (/usr/lib/code/out/vs/workbench/api/node/extensionHostProcess.js:141:140094)
	at d.g (/usr/lib/code/out/vs/workbench/api/node/extensionHostProcess.js:141:139086)
	at d.executeCommand (/usr/lib/code/out/vs/workbench/api/node/extensionHostProcess.js:141:138993)
	at Object.executeCommand (/usr/lib/code/out/vs/workbench/api/node/extensionHostProcess.js:158:21333)
	at w (/home/neutron/.vscode-oss/extensions/eamodio.gitlens-14.7.0-universal/dist/gitlens.js:1077:40655)
	at h (/home/neutron/.vscode-oss/extensions/eamodio.gitlens-14.7.0-universal/dist/gitlens.js:1077:45702)
	at ActionRunners._updateContextKeys (/home/neutron/.vscode-oss/extensions/eamodio.gitlens-14.7.0-universal/dist/gitlens.js:663:17573)
	at s (/home/neutron/.vscode-oss/extensions/eamodio.gitlens-14.7.0-universal/dist/gitlens.js:663:16017)
	at RegisteredActionRunner.unregister (/home/neutron/.vscode-oss/extensions/eamodio.gitlens-14.7.0-universal/dist/gitlens.js:663:16160)
	at RegisteredActionRunner.dispose (/home/neutron/.vscode-oss/extensions/eamodio.gitlens-14.7.0-universal/dist/gitlens.js:663:14813)
	at ActionRunners.dispose (/home/neutron/.vscode-oss/extensions/eamodio.gitlens-14.7.0-universal/dist/gitlens.js:663:15600)
	at /home/neutron/.vscode-oss/extensions/eamodio.gitlens-14.7.0-universal/dist/gitlens.js:1037:19287
	at Array.forEach (<anonymous>)
	at Object.dispose (/home/neutron/.vscode-oss/extensions/eamodio.gitlens-14.7.0-universal/dist/gitlens.js:1037:19269)
	at s (/usr/lib/code/out/vs/workbench/api/node/extensionHostProcess.js:30:754)
	at f.cb (/usr/lib/code/out/vs/workbench/api/node/extensionHostProcess.js:154:9873)
	at /usr/lib/code/out/vs/workbench/api/node/extensionHostProcess.js:154:7808
	at Array.map (<anonymous>)
	at f.Y (/usr/lib/code/out/vs/workbench/api/node/extensionHostProcess.js:154:7795)
	at f.terminate (/usr/lib/code/out/vs/workbench/api/node/extensionHostProcess.js:154:8068)
	at s.terminate (/usr/lib/code/out/vs/workbench/api/node/extensionHostProcess.js:158:1513)
	at a (/usr/lib/code/out/vs/workbench/api/node/extensionHostProcess.js:171:9802)
	at MessagePortMain.<anonymous> (/usr/lib/code/out/vs/workbench/api/node/extensionHostProcess.js:171:6227)
	at MessagePortMain.emit (node:events:513:28)
	at MessagePortMain._internalPort.emit (node:electron/js2c/utility_init:2:367) setContext undefined
2024-01-21 14:16:56.565 [error] Canceled: Canceled
	at new g (/usr/lib/code/out/vs/workbench/api/node/extensionHostProcess.js:141:110274)
	at l.U (/usr/lib/code/out/vs/workbench/api/node/extensionHostProcess.js:150:10866)
	at P.<computed>.j.charCodeAt.P.<computed> (/usr/lib/code/out/vs/workbench/api/node/extensionHostProcess.js:150:8317)
	at d.g (/usr/lib/code/out/vs/workbench/api/node/extensionHostProcess.js:141:139555)
	at d.executeCommand (/usr/lib/code/out/vs/workbench/api/node/extensionHostProcess.js:141:138993)
	at p.registerCommand.description (/usr/lib/code/out/vs/workbench/api/node/extensionHostProcess.js:141:138317)
	at d.h (/usr/lib/code/out/vs/workbench/api/node/extensionHostProcess.js:141:140094)
	at d.g (/usr/lib/code/out/vs/workbench/api/node/extensionHostProcess.js:141:139086)
	at d.executeCommand (/usr/lib/code/out/vs/workbench/api/node/extensionHostProcess.js:141:138993)
	at Object.executeCommand (/usr/lib/code/out/vs/workbench/api/node/extensionHostProcess.js:158:21333)
	at w (/home/neutron/.vscode-oss/extensions/eamodio.gitlens-14.7.0-universal/dist/gitlens.js:1077:40655)
	at h (/home/neutron/.vscode-oss/extensions/eamodio.gitlens-14.7.0-universal/dist/gitlens.js:1077:45702)
	at ActionRunners._updateContextKeys (/home/neutron/.vscode-oss/extensions/eamodio.gitlens-14.7.0-universal/dist/gitlens.js:663:17573)
	at s (/home/neutron/.vscode-oss/extensions/eamodio.gitlens-14.7.0-universal/dist/gitlens.js:663:16017)
	at RegisteredActionRunner.unregister (/home/neutron/.vscode-oss/extensions/eamodio.gitlens-14.7.0-universal/dist/gitlens.js:663:16160)
	at RegisteredActionRunner.dispose (/home/neutron/.vscode-oss/extensions/eamodio.gitlens-14.7.0-universal/dist/gitlens.js:663:14813)
	at ActionRunners.dispose (/home/neutron/.vscode-oss/extensions/eamodio.gitlens-14.7.0-universal/dist/gitlens.js:663:15600)
	at /home/neutron/.vscode-oss/extensions/eamodio.gitlens-14.7.0-universal/dist/gitlens.js:1037:19287
	at Array.forEach (<anonymous>)
	at Object.dispose (/home/neutron/.vscode-oss/extensions/eamodio.gitlens-14.7.0-universal/dist/gitlens.js:1037:19269)
	at s (/usr/lib/code/out/vs/workbench/api/node/extensionHostProcess.js:30:754)
	at f.cb (/usr/lib/code/out/vs/workbench/api/node/extensionHostProcess.js:154:9873)
	at /usr/lib/code/out/vs/workbench/api/node/extensionHostProcess.js:154:7808
	at Array.map (<anonymous>)
	at f.Y (/usr/lib/code/out/vs/workbench/api/node/extensionHostProcess.js:154:7795)
	at f.terminate (/usr/lib/code/out/vs/workbench/api/node/extensionHostProcess.js:154:8068)
	at s.terminate (/usr/lib/code/out/vs/workbench/api/node/extensionHostProcess.js:158:1513)
	at a (/usr/lib/code/out/vs/workbench/api/node/extensionHostProcess.js:171:9802)
	at MessagePortMain.<anonymous> (/usr/lib/code/out/vs/workbench/api/node/extensionHostProcess.js:171:6227)
	at MessagePortMain.emit (node:events:513:28)
	at MessagePortMain._internalPort.emit (node:electron/js2c/utility_init:2:367) setContext undefined
2024-01-21 14:16:56.565 [error] Canceled: Canceled
	at new g (/usr/lib/code/out/vs/workbench/api/node/extensionHostProcess.js:141:110274)
	at l.U (/usr/lib/code/out/vs/workbench/api/node/extensionHostProcess.js:150:10866)
	at P.<computed>.j.charCodeAt.P.<computed> (/usr/lib/code/out/vs/workbench/api/node/extensionHostProcess.js:150:8317)
	at d.g (/usr/lib/code/out/vs/workbench/api/node/extensionHostProcess.js:141:139555)
	at d.executeCommand (/usr/lib/code/out/vs/workbench/api/node/extensionHostProcess.js:141:138993)
	at p.registerCommand.description (/usr/lib/code/out/vs/workbench/api/node/extensionHostProcess.js:141:138317)
	at d.h (/usr/lib/code/out/vs/workbench/api/node/extensionHostProcess.js:141:140094)
	at d.g (/usr/lib/code/out/vs/workbench/api/node/extensionHostProcess.js:141:139086)
	at d.executeCommand (/usr/lib/code/out/vs/workbench/api/node/extensionHostProcess.js:141:138993)
	at Object.executeCommand (/usr/lib/code/out/vs/workbench/api/node/extensionHostProcess.js:158:21333)
	at w (/home/neutron/.vscode-oss/extensions/eamodio.gitlens-14.7.0-universal/dist/gitlens.js:1077:40655)
	at h (/home/neutron/.vscode-oss/extensions/eamodio.gitlens-14.7.0-universal/dist/gitlens.js:1077:45702)
	at ActionRunners._updateContextKeys (/home/neutron/.vscode-oss/extensions/eamodio.gitlens-14.7.0-universal/dist/gitlens.js:663:17573)
	at s (/home/neutron/.vscode-oss/extensions/eamodio.gitlens-14.7.0-universal/dist/gitlens.js:663:16017)
	at RegisteredActionRunner.unregister (/home/neutron/.vscode-oss/extensions/eamodio.gitlens-14.7.0-universal/dist/gitlens.js:663:16160)
	at RegisteredActionRunner.dispose (/home/neutron/.vscode-oss/extensions/eamodio.gitlens-14.7.0-universal/dist/gitlens.js:663:14813)
	at ActionRunners.dispose (/home/neutron/.vscode-oss/extensions/eamodio.gitlens-14.7.0-universal/dist/gitlens.js:663:15600)
	at /home/neutron/.vscode-oss/extensions/eamodio.gitlens-14.7.0-universal/dist/gitlens.js:1037:19287
	at Array.forEach (<anonymous>)
	at Object.dispose (/home/neutron/.vscode-oss/extensions/eamodio.gitlens-14.7.0-universal/dist/gitlens.js:1037:19269)
	at s (/usr/lib/code/out/vs/workbench/api/node/extensionHostProcess.js:30:754)
	at f.cb (/usr/lib/code/out/vs/workbench/api/node/extensionHostProcess.js:154:9873)
	at /usr/lib/code/out/vs/workbench/api/node/extensionHostProcess.js:154:7808
	at Array.map (<anonymous>)
	at f.Y (/usr/lib/code/out/vs/workbench/api/node/extensionHostProcess.js:154:7795)
	at f.terminate (/usr/lib/code/out/vs/workbench/api/node/extensionHostProcess.js:154:8068)
	at s.terminate (/usr/lib/code/out/vs/workbench/api/node/extensionHostProcess.js:158:1513)
	at a (/usr/lib/code/out/vs/workbench/api/node/extensionHostProcess.js:171:9802)
	at MessagePortMain.<anonymous> (/usr/lib/code/out/vs/workbench/api/node/extensionHostProcess.js:171:6227)
	at MessagePortMain.emit (node:events:513:28)
	at MessagePortMain._internalPort.emit (node:electron/js2c/utility_init:2:367) setContext undefined
2024-01-21 14:16:56.568 [info] Extension host with pid 1959359 exiting with code 0
2024-01-21 14:16:58.456 [info] Extension host with pid 1960862 started
2024-01-21 14:16:58.456 [info] Skipping acquiring lock for /home/neutron/.config/Code - OSS/User/workspaceStorage/6fb1d0dca0653dcf759c52208ea0db67.
2024-01-21 14:16:58.483 [info] ExtensionService#_doActivateExtension vscode.emmet, startup: false, activationEvent: 'onLanguage'
2024-01-21 14:16:58.555 [info] ExtensionService#_doActivateExtension vscode.git-base, startup: true, activationEvent: '*', root cause: vscode.git
2024-01-21 14:16:58.560 [info] ExtensionService#_doActivateExtension KnisterPeter.vscode-github, startup: true, activationEvent: '*'
2024-01-21 14:16:58.684 [info] ExtensionService#_doActivateExtension vscode.git, startup: true, activationEvent: '*'
2024-01-21 14:16:58.763 [info] ExtensionService#_doActivateExtension vscode.github, startup: true, activationEvent: '*'
2024-01-21 14:16:58.862 [info] Eager extensions activated
2024-01-21 14:16:58.940 [info] ExtensionService#_doActivateExtension vscode.debug-auto-launch, startup: false, activationEvent: 'onStartupFinished'
2024-01-21 14:16:58.942 [info] ExtensionService#_doActivateExtension vscode.merge-conflict, startup: false, activationEvent: 'onStartupFinished'
2024-01-21 14:16:58.963 [info] ExtensionService#_doActivateExtension Catppuccin.catppuccin-vsc, startup: false, activationEvent: 'onStartupFinished'
2024-01-21 14:16:59.267 [info] ExtensionService#_doActivateExtension vscode.github-authentication, startup: false, activationEvent: 'onAuthenticationRequest:github'
2024-01-21 14:16:59.333 [info] ExtensionService#_doActivateExtension vscode.json-language-features, startup: false, activationEvent: 'onLanguage:jsonc'
2024-01-21 14:16:59.398 [info] ExtensionService#_doActivateExtension vscode.typescript-language-features, startup: false, activationEvent: 'onLanguage:jsonc'
2024-01-21 18:07:21.323 [info] Extension host terminating: renderer closed the MessagePort
2024-01-21 18:07:21.342 [error] Canceled: Canceled
	at new g (/usr/lib/code/out/vs/workbench/api/node/extensionHostProcess.js:141:110274)
	at l.U (/usr/lib/code/out/vs/workbench/api/node/extensionHostProcess.js:150:10866)
	at P.<computed>.j.charCodeAt.P.<computed> (/usr/lib/code/out/vs/workbench/api/node/extensionHostProcess.js:150:8317)
	at d.g (/usr/lib/code/out/vs/workbench/api/node/extensionHostProcess.js:141:139555)
	at d.executeCommand (/usr/lib/code/out/vs/workbench/api/node/extensionHostProcess.js:141:138993)
	at p.registerCommand.description (/usr/lib/code/out/vs/workbench/api/node/extensionHostProcess.js:141:138317)
	at d.h (/usr/lib/code/out/vs/workbench/api/node/extensionHostProcess.js:141:140094)
	at d.g (/usr/lib/code/out/vs/workbench/api/node/extensionHostProcess.js:141:139086)
	at d.executeCommand (/usr/lib/code/out/vs/workbench/api/node/extensionHostProcess.js:141:138993)
	at Object.executeCommand (/usr/lib/code/out/vs/workbench/api/node/extensionHostProcess.js:158:21333)
	at f.I [as value] (/usr/lib/code/extensions/git/dist/main.js:2:924696)
	at n.y (/usr/lib/code/out/vs/workbench/api/node/extensionHostProcess.js:80:1902)
	at n.z (/usr/lib/code/out/vs/workbench/api/node/extensionHostProcess.js:80:1972)
	at n.fire (/usr/lib/code/out/vs/workbench/api/node/extensionHostProcess.js:80:2188)
	at Object.m [as dispose] (/usr/lib/code/extensions/git/dist/main.js:2:940613)
	at /usr/lib/code/extensions/git/dist/main.js:2:945566
	at Array.forEach (<anonymous>)
	at p.dispose (/usr/lib/code/extensions/git/dist/main.js:2:945552)
	at u.<anonymous> (/usr/lib/code/out/vs/workbench/api/node/extensionHostProcess.js:137:3620)
	at u.dispose (/usr/lib/code/out/vs/workbench/api/node/extensionHostProcess.js:137:3717)
	at u.<anonymous> (/usr/lib/code/extensions/git/dist/main.js:2:926708)
	at u.dispose (/usr/lib/code/out/vs/workbench/api/node/extensionHostProcess.js:137:3717)
	at s (/usr/lib/code/out/vs/workbench/api/node/extensionHostProcess.js:30:754)
	at f.cb (/usr/lib/code/out/vs/workbench/api/node/extensionHostProcess.js:154:9873)
	at /usr/lib/code/out/vs/workbench/api/node/extensionHostProcess.js:154:7808
	at Array.map (<anonymous>)
	at f.Y (/usr/lib/code/out/vs/workbench/api/node/extensionHostProcess.js:154:7795)
	at f.terminate (/usr/lib/code/out/vs/workbench/api/node/extensionHostProcess.js:154:8068)
	at s.terminate (/usr/lib/code/out/vs/workbench/api/node/extensionHostProcess.js:158:1513)
	at a (/usr/lib/code/out/vs/workbench/api/node/extensionHostProcess.js:171:9802)
	at MessagePortMain.<anonymous> (/usr/lib/code/out/vs/workbench/api/node/extensionHostProcess.js:171:6227)
	at MessagePortMain.emit (node:events:513:28)
	at MessagePortMain._internalPort.emit (node:electron/js2c/utility_init:2:367) setContext undefined
2024-01-21 18:07:21.342 [error] Canceled: Canceled
	at new g (/usr/lib/code/out/vs/workbench/api/node/extensionHostProcess.js:141:110274)
	at l.U (/usr/lib/code/out/vs/workbench/api/node/extensionHostProcess.js:150:10866)
	at P.<computed>.j.charCodeAt.P.<computed> (/usr/lib/code/out/vs/workbench/api/node/extensionHostProcess.js:150:8317)
	at d.g (/usr/lib/code/out/vs/workbench/api/node/extensionHostProcess.js:141:139555)
	at d.executeCommand (/usr/lib/code/out/vs/workbench/api/node/extensionHostProcess.js:141:138993)
	at p.registerCommand.description (/usr/lib/code/out/vs/workbench/api/node/extensionHostProcess.js:141:138317)
	at d.h (/usr/lib/code/out/vs/workbench/api/node/extensionHostProcess.js:141:140094)
	at d.g (/usr/lib/code/out/vs/workbench/api/node/extensionHostProcess.js:141:139086)
	at d.executeCommand (/usr/lib/code/out/vs/workbench/api/node/extensionHostProcess.js:141:138993)
	at Object.executeCommand (/usr/lib/code/out/vs/workbench/api/node/extensionHostProcess.js:158:21333)
	at set b [as b] (/usr/lib/code/extensions/github/dist/extension.js:2:322364)
	at /usr/lib/code/extensions/github/dist/extension.js:2:323005
	at f.value (/usr/lib/code/extensions/git/dist/main.js:2:1016450)
	at n.y (/usr/lib/code/out/vs/workbench/api/node/extensionHostProcess.js:80:1902)
	at n.z (/usr/lib/code/out/vs/workbench/api/node/extensionHostProcess.js:80:1972)
	at n.fire (/usr/lib/code/out/vs/workbench/api/node/extensionHostProcess.js:80:2188)
	at Object.m [as dispose] (/usr/lib/code/extensions/git/dist/main.js:2:940613)
	at /usr/lib/code/extensions/git/dist/main.js:2:945566
	at Array.forEach (<anonymous>)
	at p.dispose (/usr/lib/code/extensions/git/dist/main.js:2:945552)
	at u.<anonymous> (/usr/lib/code/out/vs/workbench/api/node/extensionHostProcess.js:137:3620)
	at u.dispose (/usr/lib/code/out/vs/workbench/api/node/extensionHostProcess.js:137:3717)
	at u.<anonymous> (/usr/lib/code/extensions/git/dist/main.js:2:926708)
	at u.dispose (/usr/lib/code/out/vs/workbench/api/node/extensionHostProcess.js:137:3717)
	at s (/usr/lib/code/out/vs/workbench/api/node/extensionHostProcess.js:30:754)
	at f.cb (/usr/lib/code/out/vs/workbench/api/node/extensionHostProcess.js:154:9873)
	at /usr/lib/code/out/vs/workbench/api/node/extensionHostProcess.js:154:7808
	at Array.map (<anonymous>)
	at f.Y (/usr/lib/code/out/vs/workbench/api/node/extensionHostProcess.js:154:7795)
	at f.terminate (/usr/lib/code/out/vs/workbench/api/node/extensionHostProcess.js:154:8068)
	at s.terminate (/usr/lib/code/out/vs/workbench/api/node/extensionHostProcess.js:158:1513)
	at a (/usr/lib/code/out/vs/workbench/api/node/extensionHostProcess.js:171:9802)
	at MessagePortMain.<anonymous> (/usr/lib/code/out/vs/workbench/api/node/extensionHostProcess.js:171:6227)
	at MessagePortMain.emit (node:events:513:28)
	at MessagePortMain._internalPort.emit (node:electron/js2c/utility_init:2:367) setContext undefined
2024-01-21 18:07:21.343 [info] Extension host with pid 1960862 exiting with code 0
