2024-01-12 14:00:05.572 [info] Log level: Info
2024-01-12 14:00:05.572 [info] Validating found git in: "git"
2024-01-12 14:00:05.572 [info] Using git "2.43.0" from "git"
2024-01-12 14:00:05.572 [info] > git rev-parse --show-toplevel [80ms]
2024-01-12 14:00:05.572 [info] > git rev-parse --git-dir --git-common-dir [20ms]
2024-01-12 14:00:05.572 [info] Open repository: /home/neutron/Documents/spacestuff/git/instrument-magnitude
2024-01-12 14:00:05.581 [info] > git config --get commit.template [28ms]
2024-01-12 14:00:05.771 [info] > git for-each-ref --format=%(refname)%00%(upstream:short)%00%(objectname)%00%(upstream:track)%00%(upstream:remotename)%00%(upstream:remoteref) refs/heads/main refs/remotes/main [173ms]
2024-01-12 14:00:05.815 [info] > git show --textconv :main.py [16ms]
2024-01-12 14:00:05.859 [info] > git status -z -uall [35ms]
2024-01-12 14:00:05.860 [info] > git ls-files --stage -- /home/neutron/Documents/spacestuff/git/instrument-magnitude/main.py [53ms]
2024-01-12 14:00:05.898 [info] > git cat-file -s e863cd36eccbd0c04502b82610458f2a6068604b [30ms]
2024-01-12 14:00:05.902 [info] > git config --get commit.template [4ms]
2024-01-12 14:00:05.911 [info] > git for-each-ref --format=%(refname)%00%(upstream:short)%00%(objectname)%00%(upstream:track)%00%(upstream:remotename)%00%(upstream:remoteref) refs/heads/main refs/remotes/main [2ms]
2024-01-12 14:00:05.978 [info] > git status -z -uall [3ms]
2024-01-12 14:00:06.093 [info] > git check-ignore -v -z --stdin [1ms]
2024-01-12 14:00:16.223 [info] > git fetch [164ms]
2024-01-12 14:00:16.257 [info] > git config --get commit.template [18ms]
2024-01-12 14:00:16.259 [info] > git for-each-ref --format=%(refname)%00%(upstream:short)%00%(objectname)%00%(upstream:track)%00%(upstream:remotename)%00%(upstream:remoteref) refs/heads/main refs/remotes/main [4ms]
2024-01-12 14:00:16.278 [info] > git status -z -uall [4ms]
2024-01-12 14:00:18.205 [info] > git config --get commit.template [2ms]
2024-01-12 14:00:18.231 [info] > git ls-files --stage -- /home/neutron/Documents/spacestuff/git/instrument-magnitude/main.py [13ms]
2024-01-12 14:00:18.242 [info] > git for-each-ref --format=%(refname)%00%(upstream:short)%00%(objectname)%00%(upstream:track)%00%(upstream:remotename)%00%(upstream:remoteref) refs/heads/main refs/remotes/main [12ms]
2024-01-12 14:00:18.244 [info] > git cat-file -s e863cd36eccbd0c04502b82610458f2a6068604b [3ms]
2024-01-12 14:00:18.268 [info] > git status -z -uall [12ms]
2024-01-12 14:00:18.272 [info] > git show --textconv :main.py [4ms]
2024-01-12 14:05:20.331 [info] > git fetch [129ms]
2024-01-12 14:05:20.353 [info] > git config --get commit.template [10ms]
2024-01-12 14:05:20.354 [info] > git for-each-ref --format=%(refname)%00%(upstream:short)%00%(objectname)%00%(upstream:track)%00%(upstream:remotename)%00%(upstream:remoteref) refs/heads/main refs/remotes/main [3ms]
2024-01-12 14:05:20.368 [info] > git status -z -uall [2ms]
2024-01-12 14:05:21.475 [info] > git config --get commit.template [9ms]
2024-01-12 14:05:21.476 [info] > git for-each-ref --format=%(refname)%00%(upstream:short)%00%(objectname)%00%(upstream:track)%00%(upstream:remotename)%00%(upstream:remoteref) refs/heads/main refs/remotes/main [2ms]
2024-01-12 14:05:21.488 [info] > git status -z -uall [3ms]
2024-01-12 14:05:21.568 [info] > git ls-files --stage -- /home/neutron/Documents/spacestuff/git/instrument-magnitude/main.py [2ms]
2024-01-12 14:05:21.578 [info] > git cat-file -s e863cd36eccbd0c04502b82610458f2a6068604b [2ms]
2024-01-12 14:05:21.591 [info] > git show --textconv :main.py [3ms]
2024-01-12 14:08:53.773 [info] > git fetch [165ms]
2024-01-12 14:08:53.795 [info] > git config --get commit.template [11ms]
2024-01-12 14:08:53.796 [info] > git for-each-ref --format=%(refname)%00%(upstream:short)%00%(objectname)%00%(upstream:track)%00%(upstream:remotename)%00%(upstream:remoteref) refs/heads/main refs/remotes/main [3ms]
2024-01-12 14:08:53.807 [info] > git status -z -uall [2ms]
2024-01-12 14:10:11.300 [info] > git config --get commit.template [3ms]
2024-01-12 14:10:11.332 [info] > git ls-files --stage -- /home/neutron/Documents/spacestuff/git/instrument-magnitude/main.py [16ms]
2024-01-12 14:10:11.344 [info] > git for-each-ref --format=%(refname)%00%(upstream:short)%00%(objectname)%00%(upstream:track)%00%(upstream:remotename)%00%(upstream:remoteref) refs/heads/main refs/remotes/main [14ms]
2024-01-12 14:10:11.346 [info] > git cat-file -s e863cd36eccbd0c04502b82610458f2a6068604b [3ms]
2024-01-12 14:10:11.373 [info] > git status -z -uall [15ms]
2024-01-12 14:10:11.378 [info] > git show --textconv :main.py [6ms]
2024-01-12 14:14:45.843 [info] > git fetch [159ms]
2024-01-12 14:14:45.865 [info] > git config --get commit.template [12ms]
2024-01-12 14:14:45.866 [info] > git for-each-ref --format=%(refname)%00%(upstream:short)%00%(objectname)%00%(upstream:track)%00%(upstream:remotename)%00%(upstream:remoteref) refs/heads/main refs/remotes/main [2ms]
2024-01-12 14:14:45.879 [info] > git status -z -uall [3ms]
2024-01-12 14:17:07.104 [info] > git config --get commit.template [19ms]
2024-01-12 14:17:07.118 [info] > git ls-files --stage -- /home/neutron/Documents/spacestuff/git/instrument-magnitude/main.py [16ms]
2024-01-12 14:17:07.132 [info] > git for-each-ref --format=%(refname)%00%(upstream:short)%00%(objectname)%00%(upstream:track)%00%(upstream:remotename)%00%(upstream:remoteref) refs/heads/main refs/remotes/main [15ms]
2024-01-12 14:17:07.134 [info] > git cat-file -s e863cd36eccbd0c04502b82610458f2a6068604b [2ms]
2024-01-12 14:17:07.158 [info] > git status -z -uall [12ms]
2024-01-12 14:17:07.162 [info] > git show --textconv :main.py [4ms]
2024-01-12 14:17:13.229 [info] Log level: Info
2024-01-12 14:17:13.229 [info] Validating found git in: "git"
2024-01-12 14:17:13.229 [info] Using git "2.43.0" from "git"
2024-01-12 14:17:13.229 [info] > git rev-parse --show-toplevel [57ms]
2024-01-12 14:17:13.253 [info] > git rev-parse --git-dir --git-common-dir [17ms]
2024-01-12 14:17:13.264 [info] Open repository: /home/neutron/Documents/spacestuff/git/instrument-magnitude
2024-01-12 14:17:13.302 [info] > git config --get commit.template [25ms]
2024-01-12 14:17:13.337 [info] > git for-each-ref --format=%(refname)%00%(upstream:short)%00%(objectname)%00%(upstream:track)%00%(upstream:remotename)%00%(upstream:remoteref) refs/heads/main refs/remotes/main [19ms]
2024-01-12 14:17:13.357 [info] > git status -z -uall [2ms]
2024-01-12 14:17:13.374 [info] > git config --get commit.template [3ms]
2024-01-12 14:17:13.567 [info] > git for-each-ref --format=%(refname)%00%(upstream:short)%00%(objectname)%00%(upstream:track)%00%(upstream:remotename)%00%(upstream:remoteref) refs/heads/main refs/remotes/main [185ms]
2024-01-12 14:17:13.616 [info] > git status -z -uall [25ms]
2024-01-12 14:17:13.636 [info] > git show --textconv :main.py [11ms]
2024-01-12 14:17:13.636 [info] > git ls-files --stage -- /home/neutron/Documents/spacestuff/git/instrument-magnitude/main.py [3ms]
2024-01-12 14:17:13.645 [info] > git cat-file -s e863cd36eccbd0c04502b82610458f2a6068604b [2ms]
2024-01-12 14:17:13.813 [info] > git check-ignore -v -z --stdin [1ms]
2024-01-12 14:19:29.298 [info] > git fetch [106ms]
2024-01-12 14:19:29.307 [info] > git config --get commit.template [1ms]
2024-01-12 14:19:29.315 [info] > git for-each-ref --format=%(refname)%00%(upstream:short)%00%(objectname)%00%(upstream:track)%00%(upstream:remotename)%00%(upstream:remoteref) refs/heads/main refs/remotes/main [1ms]
2024-01-12 14:19:29.324 [info] > git status -z -uall [2ms]
2024-01-12 14:19:32.266 [info] > git config --get commit.template [23ms]
2024-01-12 14:19:32.280 [info] > git ls-files --stage -- /home/neutron/Documents/spacestuff/git/instrument-magnitude/main.py [18ms]
2024-01-12 14:19:32.291 [info] > git for-each-ref --format=%(refname)%00%(upstream:short)%00%(objectname)%00%(upstream:track)%00%(upstream:remotename)%00%(upstream:remoteref) refs/heads/main refs/remotes/main [12ms]
2024-01-12 14:19:32.292 [info] > git cat-file -s e863cd36eccbd0c04502b82610458f2a6068604b [2ms]
2024-01-12 14:19:32.313 [info] > git show --textconv :main.py [8ms]
2024-01-12 14:19:32.313 [info] > git status -z -uall [2ms]
2024-01-12 14:22:54.791 [info] > git fetch [144ms]
2024-01-12 14:22:54.814 [info] > git config --get commit.template [12ms]
2024-01-12 14:22:54.815 [info] > git for-each-ref --format=%(refname)%00%(upstream:short)%00%(objectname)%00%(upstream:track)%00%(upstream:remotename)%00%(upstream:remoteref) refs/heads/main refs/remotes/main [2ms]
2024-01-12 14:22:54.830 [info] > git status -z -uall [2ms]
2024-01-12 14:22:55.931 [info] > git config --get commit.template [9ms]
2024-01-12 14:22:55.933 [info] > git for-each-ref --format=%(refname)%00%(upstream:short)%00%(objectname)%00%(upstream:track)%00%(upstream:remotename)%00%(upstream:remoteref) refs/heads/main refs/remotes/main [1ms]
2024-01-12 14:22:55.943 [info] > git status -z -uall [2ms]
2024-01-12 14:22:56.025 [info] > git ls-files --stage -- /home/neutron/Documents/spacestuff/git/instrument-magnitude/main.py [1ms]
2024-01-12 14:22:56.035 [info] > git cat-file -s e863cd36eccbd0c04502b82610458f2a6068604b [2ms]
2024-01-12 14:22:56.046 [info] > git show --textconv :main.py [2ms]
2024-01-12 14:42:52.804 [info] > git fetch [146ms]
2024-01-12 14:42:52.826 [info] > git config --get commit.template [11ms]
2024-01-12 14:42:52.828 [info] > git for-each-ref --format=%(refname)%00%(upstream:short)%00%(objectname)%00%(upstream:track)%00%(upstream:remotename)%00%(upstream:remoteref) refs/heads/main refs/remotes/main [3ms]
2024-01-12 14:42:52.841 [info] > git status -z -uall [2ms]
2024-01-12 16:53:44.754 [info] > git config --get commit.template [2ms]
2024-01-12 16:53:44.778 [info] > git ls-files --stage -- /home/neutron/Documents/spacestuff/git/instrument-magnitude/main.py [11ms]
2024-01-12 16:53:44.788 [info] > git for-each-ref --format=%(refname)%00%(upstream:short)%00%(objectname)%00%(upstream:track)%00%(upstream:remotename)%00%(upstream:remoteref) refs/heads/main refs/remotes/main [11ms]
2024-01-12 16:53:44.789 [info] > git cat-file -s e863cd36eccbd0c04502b82610458f2a6068604b [2ms]
2024-01-12 16:53:44.810 [info] > git status -z -uall [10ms]
2024-01-12 16:53:44.812 [info] > git show --textconv :main.py [3ms]
2024-01-12 16:53:44.873 [info] > git fetch [136ms]
2024-01-12 16:53:44.889 [info] > git config --get commit.template [7ms]
2024-01-12 16:53:44.889 [info] > git for-each-ref --format=%(refname)%00%(upstream:short)%00%(objectname)%00%(upstream:track)%00%(upstream:remotename)%00%(upstream:remoteref) refs/heads/main refs/remotes/main [1ms]
2024-01-12 16:53:44.900 [info] > git status -z -uall [2ms]
