2024-01-18 09:18:59.983 [info] Reading sessions from keychain...
2024-01-18 09:18:59.983 [info] Getting sessions for all scopes...
2024-01-18 09:18:59.986 [info] Getting sessions for read:user,repo,user:email,workflow...
2024-01-18 09:18:59.986 [info] Got 0 sessions for ...
2024-01-18 09:18:59.986 [info] Got 0 sessions for read:user,repo,user:email,workflow...
2024-01-18 09:18:59.987 [info] Getting sessions for all scopes...
2024-01-18 09:18:59.987 [info] Got 0 sessions for ...
2024-01-18 09:25:47.798 [info] Getting sessions for read:user,repo,user:email,workflow...
2024-01-18 09:25:47.798 [info] Got 0 sessions for read:user,repo,user:email,workflow...
2024-01-18 09:25:49.524 [info] Logging in for the following scopes: read:user repo user:email workflow
2024-01-18 09:25:49.545 [info] Trying device code flow... (read:user repo user:email workflow)
2024-01-18 09:26:20.021 [info] Getting user info...
2024-01-18 09:26:20.250 [info] Got account info!
2024-01-18 09:26:20.251 [info] Storing 1 sessions...
2024-01-18 09:26:25.277 [info] Reading sessions from keychain...
2024-01-18 09:26:25.277 [info] Stored 1 sessions!
2024-01-18 09:26:25.277 [info] Login success!
2024-01-18 09:26:25.303 [info] Got stored sessions!
2024-01-18 09:26:25.303 [info] Got 1 verified sessions.
2024-01-18 09:26:25.561 [info] Getting sessions for read:user,repo,user:email,workflow...
2024-01-18 09:26:25.561 [info] Got 1 sessions for read:user,repo,user:email,workflow...
2024-01-18 09:29:35.264 [info] Getting sessions for project,read:org,read:user,repo,user:email,workflow...
2024-01-18 09:29:35.264 [info] Got 0 sessions for project,read:org,read:user,repo,user:email,workflow...
2024-01-18 09:29:35.266 [info] Getting sessions for read:user,repo,user:email,workflow...
2024-01-18 09:29:35.266 [info] Got 1 sessions for read:user,repo,user:email,workflow...
2024-01-18 09:29:35.267 [info] Getting sessions for read:user,repo,user:email...
2024-01-18 09:29:35.267 [info] Got 0 sessions for read:user,repo,user:email...
2024-01-18 09:29:35.268 [info] Getting sessions for read:user,repo,user:email,workflow...
2024-01-18 09:29:35.268 [info] Got 1 sessions for read:user,repo,user:email,workflow...
2024-01-18 09:32:24.591 [info] Getting sessions for read:user,repo,user:email,workflow...
2024-01-18 09:32:24.591 [info] Got 1 sessions for read:user,repo,user:email,workflow...
