2024-01-05 14:07:44.685 [info] Added views:workbench.panel.markers.view in workbench.panel.markers
2024-01-05 14:07:44.685 [info] Added views:terminal in terminal
2024-01-05 14:07:44.685 [info] Added views:outline in workbench.view.explorer
2024-01-05 14:07:44.685 [info] Added views:workbench.scm in workbench.view.scm
2024-01-05 14:07:44.685 [info] Added views:workbench.view.search in workbench.view.search
2024-01-05 14:07:44.685 [info] Added views:workbench.panel.output in workbench.views.service.panel.2370aed2-384e-457a-b7b8-729fddeb515f
2024-01-05 14:07:44.685 [info] Added views:timeline in workbench.view.explorer
2024-01-05 14:07:44.685 [info] Added views:workbench.explorer.fileView in workbench.view.explorer
2024-01-05 14:07:44.914 [info] Added views:workbench.debug.welcome in workbench.view.debug
2024-01-05 14:07:45.371 [info] Added views:workbench.panel.repl.view in workbench.panel.repl
2024-01-05 14:07:45.640 [info] Added views:~remote.forwardedPorts in ~remote.forwardedPortsContainer
2024-01-05 14:07:45.790 [info] Added views:workbench.view.testing in workbench.view.extension.test
2024-01-05 14:08:49.231 [info] Added views:workbench.views.extensions.installed,workbench.views.extensions.popular,extensions.recommendedList in workbench.view.extensions
2024-01-05 14:08:49.235 [info] Removed views:workbench.views.extensions.popular from workbench.view.extensions
2024-01-05 14:08:50.895 [info] Removed views:workbench.view.testing from workbench.view.extension.test
2024-01-05 14:08:52.189 [info] Added views:workbench.panel.markers.view in workbench.panel.markers
2024-01-05 14:08:52.189 [info] Added views:terminal in terminal
2024-01-05 14:08:52.189 [info] Added views:outline in workbench.view.explorer
2024-01-05 14:08:52.189 [info] Added views:workbench.scm in workbench.view.scm
2024-01-05 14:08:52.189 [info] Added views:workbench.view.search in workbench.view.search
2024-01-05 14:08:52.189 [info] Added views:workbench.panel.output in workbench.views.service.panel.2370aed2-384e-457a-b7b8-729fddeb515f
2024-01-05 14:08:52.189 [info] Added views:timeline in workbench.view.explorer
2024-01-05 14:08:52.189 [info] Added views:workbench.explorer.fileView in workbench.view.explorer
2024-01-05 14:08:52.323 [info] Added views:workbench.debug.welcome in workbench.view.debug
2024-01-05 14:08:52.829 [info] Added views:workbench.panel.repl.view in workbench.panel.repl
2024-01-05 14:08:52.985 [info] Added views:~remote.forwardedPorts in ~remote.forwardedPortsContainer
2024-01-05 14:08:53.096 [info] Added views:workbench.views.extensions.installed,extensions.recommendedList in workbench.view.extensions
2024-01-05 14:08:53.176 [info] Added views:workbench.view.testing in workbench.view.extension.test
2024-01-05 14:42:19.596 [info] Removed views:workbench.view.testing from workbench.view.extension.test
