2024-01-21 13:31:25.216 [info] Added views:workbench.panel.markers.view in workbench.panel.markers
2024-01-21 13:31:25.216 [info] Added views:terminal in terminal
2024-01-21 13:31:25.216 [info] Added views:outline in workbench.view.explorer
2024-01-21 13:31:25.216 [info] Added views:workbench.scm in workbench.view.scm
2024-01-21 13:31:25.216 [info] Added views:workbench.view.search in workbench.view.search
2024-01-21 13:31:25.216 [info] Added views:workbench.panel.output in workbench.views.service.panel.2370aed2-384e-457a-b7b8-729fddeb515f
2024-01-21 13:31:25.216 [info] Added views:timeline in workbench.view.explorer
2024-01-21 13:31:25.216 [info] Added views:workbench.explorer.fileView in workbench.view.explorer
2024-01-21 13:31:25.445 [info] Added views:workbench.debug.welcome in workbench.view.debug
2024-01-21 13:31:25.999 [info] Added views:workbench.panel.repl.view in workbench.panel.repl
2024-01-21 13:31:26.291 [info] Added views:~remote.forwardedPorts in ~remote.forwardedPortsContainer
2024-01-21 13:31:26.468 [info] Added views:workbench.view.testing in workbench.view.extension.test
2024-01-21 13:32:03.145 [info] Added views:workbench.views.extensions.installed,workbench.views.extensions.popular,extensions.recommendedList in workbench.view.extensions
2024-01-21 13:32:03.149 [info] Removed views:workbench.views.extensions.popular from workbench.view.extensions
2024-01-21 13:32:17.526 [info] Removed views:extensions.recommendedList,workbench.views.extensions.installed from workbench.view.extensions
2024-01-21 13:32:17.537 [info] Added views:workbench.views.extensions.marketplace in workbench.view.extensions
2024-01-21 13:32:30.819 [info] Added views:gitlens.views.home,gitlens.views.drafts,gitlens.views.workspaces,gitlens.views.account in workbench.view.extension.gitlens
2024-01-21 13:32:30.822 [info] Added views:gitlens.views.commitDetails,gitlens.views.lineHistory,gitlens.views.fileHistory,gitlens.views.searchAndCompare in workbench.view.extension.gitlensInspect
2024-01-21 13:32:30.823 [info] Added views:gitlens.views.commits,gitlens.views.branches,gitlens.views.remotes,gitlens.views.stashes,gitlens.views.tags,gitlens.views.contributors in workbench.view.scm
2024-01-21 13:32:31.232 [info] Removed views:gitlens.views.searchAndCompare,gitlens.views.fileHistory,gitlens.views.lineHistory,gitlens.views.commitDetails from workbench.view.extension.gitlensInspect
2024-01-21 13:32:31.234 [info] Removed views:gitlens.views.contributors,gitlens.views.tags,gitlens.views.stashes,gitlens.views.remotes,gitlens.views.branches,gitlens.views.commits from workbench.view.scm
2024-01-21 13:32:31.438 [info] Added views:gitlens.views.commitDetails,gitlens.views.lineHistory,gitlens.views.fileHistory,gitlens.views.searchAndCompare in workbench.view.extension.gitlensInspect
2024-01-21 13:32:31.440 [info] Added views:gitlens.views.commits,gitlens.views.branches,gitlens.views.remotes,gitlens.views.stashes,gitlens.views.tags,gitlens.views.contributors in workbench.view.scm
2024-01-21 13:32:32.556 [info] Added views:gitlens.views.graph,gitlens.views.graphDetails in workbench.view.extension.gitlensPanel
2024-01-21 13:32:32.557 [info] Added views:gitlens.views.timeline in workbench.view.extension.gitlensInspect
2024-01-21 13:32:32.558 [info] Added views:gitlens.views.worktrees in workbench.view.scm
2024-01-21 14:11:10.348 [info] Removed views:workbench.view.testing from workbench.view.extension.test
