2023-11-30 14:37:17 Loading main app package /usr/lib/obsidian/obsidian.asar
2023-11-30 14:37:17 Checking for update using Github
2023-11-30 14:37:17 Success.
2023-11-30 14:37:17 Latest version is 1.4.16
2023-11-30 14:37:17 App is up to date.
2023-11-30 14:37:31 Loading main app package /usr/lib/obsidian/obsidian.asar
2023-11-30 14:37:31 Checking for update using Github
2023-11-30 14:37:31 Success.
2023-11-30 14:37:31 Latest version is 1.4.16
2023-11-30 14:37:31 App is up to date.
2023-11-30 14:37:50 Loading main app package /usr/lib/obsidian/obsidian.asar
2023-11-30 14:37:51 Checking for update using Github
2023-11-30 14:37:51 Success.
2023-11-30 14:37:51 Latest version is 1.4.16
2023-11-30 14:37:51 App is up to date.
2023-11-30 14:50:19 Loading main app package /usr/lib/obsidian/obsidian.asar
2023-11-30 14:50:19 Checking for update using Github
2023-11-30 14:50:19 Success.
2023-11-30 14:50:19 Latest version is 1.4.16
2023-11-30 14:50:19 App is up to date.
2023-11-30 14:53:04 Loading main app package /usr/lib/obsidian/obsidian.asar
2023-11-30 14:53:04 Checking for update using Github
2023-11-30 14:53:04 Success.
2023-11-30 14:53:04 Latest version is 1.4.16
2023-11-30 14:53:04 App is up to date.
2023-11-30 15:51:55 Loading main app package /usr/lib/obsidian/obsidian.asar
2023-11-30 15:51:55 Checking for update using Github
2023-11-30 15:51:55 Success.
2023-11-30 15:51:55 Latest version is 1.4.16
2023-11-30 15:51:55 App is up to date.
2023-11-30 16:21:30 Loading main app package /usr/lib/obsidian/obsidian.asar
2023-11-30 16:21:30 Checking for update using Github
2023-11-30 16:21:30 Success.
2023-11-30 16:21:30 Latest version is 1.4.16
2023-11-30 16:21:30 App is up to date.
2023-11-30 16:32:14 Loading main app package /usr/lib/obsidian/obsidian.asar
2023-11-30 16:32:14 Checking for update using Github
2023-11-30 16:32:14 Failed to check for update using Github (net::ERR_NETWORK_CHANGED)
2023-11-30 16:32:14 Checking for update using obsidian.md
2023-11-30 16:32:15 Success.
2023-11-30 16:32:15 Latest version is 1.4.16
2023-11-30 16:32:15 App is up to date.
2023-11-30 16:35:30 Loading main app package /usr/lib/obsidian/obsidian.asar
2023-11-30 16:35:30 Checking for update using Github
2023-11-30 16:35:30 Success.
2023-11-30 16:35:30 Latest version is 1.4.16
2023-11-30 16:35:30 App is up to date.
2023-11-30 16:41:22 Loading main app package /usr/lib/obsidian/obsidian.asar
2023-11-30 16:41:22 Checking for update using Github
2023-11-30 16:41:23 Failed to check for update using Github (net::ERR_NETWORK_CHANGED)
2023-11-30 16:41:23 Checking for update using obsidian.md
2023-11-30 16:41:23 Success.
2023-11-30 16:41:23 Latest version is 1.4.16
2023-11-30 16:41:23 App is up to date.
2023-11-30 16:54:08 Loading main app package /usr/lib/obsidian/obsidian.asar
2023-11-30 16:54:09 Checking for update using Github
2023-11-30 16:54:09 Success.
2023-11-30 16:54:09 Latest version is 1.4.16
2023-11-30 16:54:09 App is up to date.
2023-11-30 17:16:23 Loading main app package /usr/lib/obsidian/obsidian.asar
2023-11-30 17:16:23 Checking for update using Github
2023-11-30 17:16:23 Success.
2023-11-30 17:16:23 Latest version is 1.4.16
2023-11-30 17:16:23 App is up to date.
2023-11-30 18:26:05 Loading main app package /usr/lib/obsidian/obsidian.asar
2023-11-30 18:26:05 Checking for update using Github
2023-11-30 18:26:05 Success.
2023-11-30 18:26:05 Latest version is 1.4.16
2023-11-30 18:26:05 App is up to date.
2023-11-30 18:26:17 Loading main app package /usr/lib/obsidian/obsidian.asar
2023-11-30 18:26:17 Checking for update using Github
2023-11-30 18:26:17 Success.
2023-11-30 18:26:17 Latest version is 1.4.16
2023-11-30 18:26:17 App is up to date.
2023-11-30 22:32:45 Loading main app package /usr/lib/obsidian/obsidian.asar
2023-11-30 22:32:45 Checking for update using Github
2023-11-30 22:32:45 Success.
2023-11-30 22:32:45 Latest version is 1.4.16
2023-11-30 22:32:45 App is up to date.
2023-11-30 23:01:47 Loading main app package /usr/lib/obsidian/obsidian.asar
2023-11-30 23:01:48 Checking for update using Github
2023-11-30 23:01:48 Success.
2023-11-30 23:01:48 Latest version is 1.4.16
2023-11-30 23:01:48 App is up to date.
2023-11-30 23:03:35 Loading main app package /usr/lib/obsidian/obsidian.asar
2023-11-30 23:03:35 Checking for update using Github
2023-11-30 23:03:35 Success.
2023-11-30 23:03:35 Latest version is 1.4.16
2023-11-30 23:03:35 App is up to date.
2023-11-30 23:05:22 Loading main app package /usr/lib/obsidian/obsidian.asar
2023-11-30 23:05:23 Checking for update using Github
2023-11-30 23:05:23 Success.
2023-11-30 23:05:23 Latest version is 1.4.16
2023-11-30 23:05:23 App is up to date.
2023-12-01 13:03:52 Loading main app package /usr/lib/obsidian/obsidian.asar
2023-12-01 13:03:53 Checking for update using Github
2023-12-01 13:03:54 Success.
2023-12-01 13:03:54 Latest version is 1.4.16
2023-12-01 13:03:54 App is up to date.
2023-12-01 13:06:36 Loading main app package /usr/lib/obsidian/obsidian.asar
2023-12-01 13:06:36 Checking for update using Github
2023-12-01 13:06:36 Success.
2023-12-01 13:06:36 Latest version is 1.4.16
2023-12-01 13:06:36 App is up to date.
2023-12-01 14:47:37 Checking for update using Github
2023-12-01 14:47:38 Success.
2023-12-01 14:47:38 Latest version is 1.4.16
2023-12-01 14:47:38 App is up to date.
2023-12-01 18:03:39 Loading main app package /usr/lib/obsidian/obsidian.asar
2023-12-01 18:03:39 Checking for update using Github
2023-12-01 18:03:39 Success.
2023-12-01 18:03:39 Latest version is 1.4.16
2023-12-01 18:03:39 App is up to date.
2023-12-01 18:37:49 Loading main app package /usr/lib/obsidian/obsidian.asar
2023-12-01 18:37:49 Checking for update using Github
2023-12-01 18:38:46 Loading main app package /usr/lib/obsidian/obsidian.asar
2023-12-01 18:38:46 Checking for update using Github
2023-12-01 18:39:13 Loading main app package /usr/lib/obsidian/obsidian.asar
2023-12-01 18:39:13 Checking for update using Github
2023-12-02 05:27:15 Loading main app package /usr/lib/obsidian/obsidian.asar
2023-12-02 05:27:15 Checking for update using Github
2023-12-02 05:27:15 Success.
2023-12-02 05:27:15 Latest version is 1.4.16
2023-12-02 05:27:15 App is up to date.
2023-12-02 17:50:54 Loading main app package /usr/lib/obsidian/obsidian.asar
2023-12-02 17:50:54 Checking for update using Github
2023-12-02 17:50:54 Success.
2023-12-02 17:50:54 Latest version is 1.4.16
2023-12-02 17:50:54 App is up to date.
2023-12-04 15:46:39 Loading main app package /usr/lib/obsidian/obsidian.asar
2023-12-04 15:46:39 Checking for update using Github
2023-12-04 15:46:39 Success.
2023-12-04 15:46:39 Latest version is 1.4.16
2023-12-04 15:46:39 App is up to date.
2023-12-04 17:29:07 Loading main app package /usr/lib/obsidian/obsidian.asar
2023-12-04 17:29:07 Checking for update using Github
2023-12-04 17:29:07 Success.
2023-12-04 17:29:07 Latest version is 1.4.16
2023-12-04 17:29:07 App is up to date.
2023-12-05 15:30:11 Loading main app package /usr/lib/obsidian/obsidian.asar
2023-12-05 15:30:11 Checking for update using Github
2023-12-05 15:30:11 Success.
2023-12-05 15:30:11 Latest version is 1.4.16
2023-12-05 15:30:11 App is up to date.
2023-12-05 16:37:25 Checking for update using Github
2023-12-05 16:37:25 Success.
2023-12-05 16:37:25 Latest version is 1.4.16
2023-12-05 16:37:25 App is up to date.
2023-12-05 17:37:25 Checking for update using Github
2023-12-05 17:37:25 Success.
2023-12-05 17:37:25 Latest version is 1.4.16
2023-12-05 17:37:25 App is up to date.
2023-12-05 21:19:08 Checking for update using Github
2023-12-05 21:19:08 Success.
2023-12-05 21:19:08 Latest version is 1.4.16
2023-12-05 21:19:08 App is up to date.
2023-12-05 22:19:08 Checking for update using Github
2023-12-05 22:19:08 Success.
2023-12-05 22:19:08 Latest version is 1.4.16
2023-12-05 22:19:08 App is up to date.
2023-12-05 23:19:08 Checking for update using Github
2023-12-05 23:19:08 Success.
2023-12-05 23:19:08 Latest version is 1.4.16
2023-12-05 23:19:08 App is up to date.
2023-12-06 00:19:08 Checking for update using Github
2023-12-06 00:19:08 Success.
2023-12-06 00:19:08 Latest version is 1.4.16
2023-12-06 00:19:08 App is up to date.
2023-12-06 01:19:08 Checking for update using Github
2023-12-06 01:19:08 Success.
2023-12-06 01:19:08 Latest version is 1.4.16
2023-12-06 01:19:08 App is up to date.
2023-12-06 03:15:47 Loading main app package /usr/lib/obsidian/obsidian.asar
2023-12-06 03:15:47 Checking for update using Github
2023-12-06 03:15:47 Success.
2023-12-06 03:15:47 Latest version is 1.4.16
2023-12-06 03:15:47 App is up to date.
2023-12-06 13:02:47 Loading main app package /usr/lib/obsidian/obsidian.asar
2023-12-06 13:02:48 Checking for update using Github
2023-12-06 13:02:48 Success.
2023-12-06 13:02:48 Latest version is 1.4.16
2023-12-06 13:02:48 App is up to date.
2023-12-06 14:20:48 Checking for update using Github
2023-12-06 14:20:48 Success.
2023-12-06 14:20:48 Latest version is 1.4.16
2023-12-06 14:20:48 App is up to date.
2023-12-06 16:24:15 Checking for update using Github
2023-12-06 16:24:16 Success.
2023-12-06 16:24:16 Latest version is 1.4.16
2023-12-06 16:24:16 App is up to date.
2023-12-06 17:25:13 Checking for update using Github
2023-12-06 17:25:14 Success.
2023-12-06 17:25:14 Latest version is 1.4.16
2023-12-06 17:25:14 App is up to date.
2023-12-06 18:28:51 Checking for update using Github
2023-12-06 18:28:51 Success.
2023-12-06 18:28:51 Latest version is 1.4.16
2023-12-06 18:28:51 App is up to date.
2023-12-06 20:06:03 Checking for update using Github
2023-12-06 20:06:03 Success.
2023-12-06 20:06:03 Latest version is 1.4.16
2023-12-06 20:06:03 App is up to date.
2023-12-06 21:17:07 Checking for update using Github
2023-12-06 21:17:07 Success.
2023-12-06 21:17:07 Latest version is 1.4.16
2023-12-06 21:17:07 App is up to date.
2023-12-06 21:51:24 Loading main app package /usr/lib/obsidian/obsidian.asar
2023-12-06 21:51:24 Checking for update using Github
2023-12-06 22:17:07 Checking for update using Github
2023-12-06 22:17:07 Success.
2023-12-06 22:17:07 Latest version is 1.4.16
2023-12-06 22:17:07 App is up to date.
2023-12-07 01:07:06 Checking for update using Github
2023-12-07 01:07:06 Success.
2023-12-07 01:07:06 Latest version is 1.4.16
2023-12-07 01:07:06 App is up to date.
2023-12-07 02:41:32 Checking for update using Github
2023-12-07 02:41:32 Failed to check for update using Github (net::ERR_INTERNET_DISCONNECTED)
2023-12-07 02:41:32 Checking for update using obsidian.md
2023-12-07 02:41:32 Failed to check for update using obsidian.md (net::ERR_INTERNET_DISCONNECTED)
2023-12-07 14:52:23 Loading main app package /usr/lib/obsidian/obsidian.asar
2023-12-07 14:52:23 Checking for update using Github
2023-12-07 14:52:24 Success.
2023-12-07 14:52:24 Latest version is 1.4.16
2023-12-07 14:52:24 App is up to date.
2023-12-07 15:55:42 Checking for update using Github
2023-12-07 15:55:43 Success.
2023-12-07 15:55:43 Latest version is 1.4.16
2023-12-07 15:55:43 App is up to date.
2023-12-07 17:09:52 Checking for update using Github
2023-12-07 17:09:52 Success.
2023-12-07 17:09:52 Latest version is 1.4.16
2023-12-07 17:09:52 App is up to date.
2023-12-07 18:16:25 Checking for update using Github
2023-12-07 18:16:26 Success.
2023-12-07 18:16:26 Latest version is 1.4.16
2023-12-07 18:16:26 App is up to date.
2023-12-07 19:16:26 Checking for update using Github
2023-12-07 19:16:26 Success.
2023-12-07 19:16:26 Latest version is 1.4.16
2023-12-07 19:16:26 App is up to date.
2023-12-07 21:53:51 Loading main app package /usr/lib/obsidian/obsidian.asar
2023-12-07 21:53:51 Checking for update using Github
2023-12-07 21:53:51 Success.
2023-12-07 21:53:51 Latest version is 1.4.16
2023-12-07 21:53:51 App is up to date.
2023-12-07 22:53:52 Checking for update using Github
2023-12-07 22:53:52 Success.
2023-12-07 22:53:52 Latest version is 1.4.16
2023-12-07 22:53:52 App is up to date.
2023-12-08 00:14:49 Checking for update using Github
2023-12-08 00:14:49 Success.
2023-12-08 00:14:49 Latest version is 1.4.16
2023-12-08 00:14:49 App is up to date.
2023-12-08 14:15:23 Loading main app package /usr/lib/obsidian/obsidian.asar
2023-12-08 14:15:24 Checking for update using Github
2023-12-08 14:15:25 Success.
2023-12-08 14:15:25 Latest version is 1.4.16
2023-12-08 14:15:25 App is up to date.
2023-12-08 16:20:28 Checking for update using Github
2023-12-08 16:20:28 Success.
2023-12-08 16:20:28 Latest version is 1.4.16
2023-12-08 16:20:28 App is up to date.
2023-12-08 17:20:28 Checking for update using Github
2023-12-08 17:20:28 Success.
2023-12-08 17:20:28 Latest version is 1.4.16
2023-12-08 17:20:28 App is up to date.
2023-12-08 18:28:03 Checking for update using Github
2023-12-08 18:28:03 Success.
2023-12-08 18:28:03 Latest version is 1.4.16
2023-12-08 18:28:03 App is up to date.
2023-12-10 20:19:11 Loading main app package /usr/lib/obsidian/obsidian.asar
2023-12-10 20:19:11 Checking for update using Github
2023-12-10 20:19:11 Success.
2023-12-10 20:19:11 Latest version is 1.4.16
2023-12-10 20:19:11 App is up to date.
2023-12-10 21:19:11 Checking for update using Github
2023-12-10 21:19:11 Success.
2023-12-10 21:19:11 Latest version is 1.4.16
2023-12-10 21:19:11 App is up to date.
2023-12-10 22:19:11 Checking for update using Github
2023-12-10 22:19:11 Success.
2023-12-10 22:19:11 Latest version is 1.4.16
2023-12-10 22:19:11 App is up to date.
2023-12-11 14:35:58 Loading main app package /usr/lib/obsidian/obsidian.asar
2023-12-11 14:35:59 Checking for update using Github
2023-12-11 14:36:00 Success.
2023-12-11 14:36:00 Latest version is 1.4.16
2023-12-11 14:36:00 App is up to date.
2023-12-11 16:44:18 Checking for update using Github
2023-12-11 16:44:18 Success.
2023-12-11 16:44:18 Latest version is 1.4.16
2023-12-11 16:44:18 App is up to date.
2023-12-11 18:14:27 Checking for update using Github
2023-12-11 18:14:27 Success.
2023-12-11 18:14:27 Latest version is 1.4.16
2023-12-11 18:14:27 App is up to date.
2023-12-11 19:29:19 Checking for update using Github
2023-12-11 19:29:19 Success.
2023-12-11 19:29:19 Latest version is 1.4.16
2023-12-11 19:29:19 App is up to date.
2023-12-11 20:31:31 Checking for update using Github
2023-12-11 20:31:31 Success.
2023-12-11 20:31:31 Latest version is 1.4.16
2023-12-11 20:31:31 App is up to date.
2023-12-12 15:02:39 Loading main app package /usr/lib/obsidian/obsidian.asar
2023-12-12 15:02:40 Checking for update using Github
2023-12-12 15:02:40 Success.
2023-12-12 15:02:40 Latest version is 1.4.16
2023-12-12 15:02:40 App is up to date.
2023-12-12 16:09:07 Checking for update using Github
2023-12-12 16:09:07 Success.
2023-12-12 16:09:07 Latest version is 1.4.16
2023-12-12 16:09:07 App is up to date.
2023-12-12 17:13:18 Checking for update using Github
2023-12-12 17:13:18 Success.
2023-12-12 17:13:18 Latest version is 1.4.16
2023-12-12 17:13:18 App is up to date.
2023-12-12 20:05:23 Checking for update using Github
2023-12-12 20:05:23 Success.
2023-12-12 20:05:23 Latest version is 1.4.16
2023-12-12 20:05:23 App is up to date.
2023-12-12 21:12:21 Checking for update using Github
2023-12-12 21:12:21 Success.
2023-12-12 21:12:21 Latest version is 1.4.16
2023-12-12 21:12:21 App is up to date.
2023-12-12 22:12:22 Checking for update using Github
2023-12-12 22:12:22 Success.
2023-12-12 22:12:22 Latest version is 1.4.16
2023-12-12 22:12:22 App is up to date.
2023-12-12 23:12:32 Checking for update using Github
2023-12-12 23:12:32 Success.
2023-12-12 23:12:32 Latest version is 1.4.16
2023-12-12 23:12:32 App is up to date.
2023-12-13 00:12:33 Checking for update using Github
2023-12-13 00:12:33 Success.
2023-12-13 00:12:33 Latest version is 1.4.16
2023-12-13 00:12:33 App is up to date.
2023-12-13 01:17:10 Checking for update using Github
2023-12-13 01:17:10 Success.
2023-12-13 01:17:10 Latest version is 1.4.16
2023-12-13 01:17:10 App is up to date.
2023-12-13 20:29:07 Loading main app package /usr/lib/obsidian/obsidian.asar
2023-12-13 20:29:08 Checking for update using Github
2023-12-13 20:29:08 Success.
2023-12-13 20:29:08 Latest version is 1.4.16
2023-12-13 20:29:08 App is up to date.
2023-12-13 21:29:07 Checking for update using Github
2023-12-13 21:29:07 Success.
2023-12-13 21:29:07 Latest version is 1.4.16
2023-12-13 21:29:07 App is up to date.
2023-12-13 22:30:33 Checking for update using Github
2023-12-13 22:30:33 Success.
2023-12-13 22:30:33 Latest version is 1.4.16
2023-12-13 22:30:33 App is up to date.
2023-12-13 23:30:33 Checking for update using Github
2023-12-13 23:30:33 Success.
2023-12-13 23:30:33 Latest version is 1.4.16
2023-12-13 23:30:33 App is up to date.
2023-12-14 19:29:18 Loading main app package /usr/lib/obsidian/obsidian.asar
2023-12-14 19:29:18 Checking for update using Github
2023-12-14 19:29:18 Success.
2023-12-14 19:29:18 Latest version is 1.4.16
2023-12-14 19:29:18 App is up to date.
2023-12-14 20:32:21 Checking for update using Github
2023-12-14 20:32:21 Success.
2023-12-14 20:32:21 Latest version is 1.4.16
2023-12-14 20:32:21 App is up to date.
2023-12-14 21:02:20 Loading main app package /usr/lib/obsidian/obsidian.asar
2023-12-14 21:02:20 Checking for update using Github
2023-12-14 21:02:21 Success.
2023-12-14 21:02:21 Latest version is 1.4.16
2023-12-14 21:02:21 App is up to date.
2023-12-15 02:48:13 Checking for update using Github
2023-12-15 02:48:13 Success.
2023-12-15 02:48:13 Latest version is 1.4.16
2023-12-15 02:48:13 App is up to date.
2023-12-15 15:53:55 Loading main app package /usr/lib/obsidian/obsidian.asar
2023-12-15 15:53:55 Checking for update using Github
2023-12-15 15:53:55 Success.
2023-12-15 15:53:55 Latest version is 1.4.16
2023-12-15 15:53:55 App is up to date.
2023-12-15 16:53:55 Checking for update using Github
2023-12-15 16:53:55 Success.
2023-12-15 16:53:55 Latest version is 1.4.16
2023-12-15 16:53:55 App is up to date.
2023-12-15 17:53:55 Checking for update using Github
2023-12-15 17:53:55 Success.
2023-12-15 17:53:55 Latest version is 1.4.16
2023-12-15 17:53:55 App is up to date.
2023-12-18 00:16:36 Loading main app package /usr/lib/obsidian/obsidian.asar
2023-12-18 00:16:36 Checking for update using Github
2023-12-18 00:16:37 Success.
2023-12-18 00:16:37 Latest version is 1.4.16
2023-12-18 00:16:37 App is up to date.
2023-12-18 13:05:52 Loading main app package /usr/lib/obsidian/obsidian.asar
2023-12-18 13:05:53 Checking for update using Github
2023-12-18 13:05:54 Success.
2023-12-18 13:05:54 Latest version is 1.4.16
2023-12-18 13:05:54 App is up to date.
2023-12-18 14:05:52 Checking for update using Github
2023-12-18 14:05:52 Success.
2023-12-18 14:05:52 Latest version is 1.4.16
2023-12-18 14:05:52 App is up to date.
2023-12-18 19:46:58 Checking for update using Github
2023-12-18 19:46:58 Success.
2023-12-18 19:46:58 Latest version is 1.4.16
2023-12-18 19:46:58 App is up to date.
2023-12-19 19:55:42 Loading main app package /usr/lib/obsidian/obsidian.asar
2023-12-19 19:55:43 Checking for update using Github
2023-12-19 19:55:43 Success.
2023-12-19 19:55:43 Latest version is 1.4.16
2023-12-19 19:55:43 App is up to date.
2023-12-19 21:26:05 Checking for update using Github
2023-12-19 21:26:05 Success.
2023-12-19 21:26:05 Latest version is 1.4.16
2023-12-19 21:26:05 App is up to date.
2023-12-19 22:26:05 Checking for update using Github
2023-12-19 22:26:05 Success.
2023-12-19 22:26:05 Latest version is 1.4.16
2023-12-19 22:26:05 App is up to date.
2023-12-19 23:15:11 Loading main app package /usr/lib/obsidian/obsidian.asar
2023-12-19 23:15:11 Checking for update using Github
2023-12-19 23:15:11 Success.
2023-12-19 23:15:11 Latest version is 1.4.16
2023-12-19 23:15:11 App is up to date.
2023-12-20 14:02:11 Loading main app package /usr/lib/obsidian/obsidian.asar
2023-12-20 14:02:11 Checking for update using Github
2023-12-20 14:02:11 Success.
2023-12-20 14:02:11 Latest version is 1.4.16
2023-12-20 14:02:11 App is up to date.
2023-12-20 17:21:53 Loading main app package /usr/lib/obsidian/obsidian.asar
2023-12-20 17:21:53 Checking for update using Github
2023-12-20 17:21:53 Success.
2023-12-20 17:21:53 Latest version is 1.4.16
2023-12-20 17:21:53 App is up to date.
2023-12-20 18:21:53 Checking for update using Github
2023-12-20 18:21:53 Success.
2023-12-20 18:21:53 Latest version is 1.4.16
2023-12-20 18:21:53 App is up to date.
2023-12-20 19:26:30 Checking for update using Github
2023-12-20 19:26:30 Success.
2023-12-20 19:26:30 Latest version is 1.4.16
2023-12-20 19:26:30 App is up to date.
2023-12-20 20:26:39 Checking for update using Github
2023-12-20 20:26:39 Success.
2023-12-20 20:26:39 Latest version is 1.4.16
2023-12-20 20:26:39 App is up to date.
2023-12-20 21:29:55 Checking for update using Github
2023-12-20 21:29:55 Success.
2023-12-20 21:29:55 Latest version is 1.4.16
2023-12-20 21:29:55 App is up to date.
2023-12-20 22:29:55 Checking for update using Github
2023-12-20 22:29:55 Success.
2023-12-20 22:29:55 Latest version is 1.4.16
2023-12-20 22:29:55 App is up to date.
2023-12-22 15:18:16 Loading main app package /usr/lib/obsidian/obsidian.asar
2023-12-22 15:18:17 Checking for update using Github
2023-12-22 15:18:17 Success.
2023-12-22 15:18:17 Latest version is 1.4.16
2023-12-22 15:18:17 App is up to date.
2023-12-26 13:53:37 Loading main app package /usr/lib/obsidian/obsidian.asar
2023-12-26 13:53:37 Checking for update using Github
2023-12-26 13:53:37 Success.
2023-12-26 13:53:37 Latest version is 1.5.3
2023-12-26 13:53:37 App is up to date.
2023-12-26 14:53:37 Checking for update using Github
2023-12-26 14:53:37 Success.
2023-12-26 14:53:37 Latest version is 1.5.3
2023-12-26 14:53:37 App is up to date.
2023-12-26 15:53:37 Checking for update using Github
2023-12-26 15:53:37 Success.
2023-12-26 15:53:37 Latest version is 1.5.3
2023-12-26 15:53:37 App is up to date.
2023-12-27 16:57:40 Loading main app package /usr/lib/obsidian/obsidian.asar
2023-12-27 16:57:41 Checking for update using Github
2023-12-27 16:57:41 Success.
2023-12-27 16:57:41 Latest version is 1.5.3
2023-12-27 16:57:41 App is up to date.
2023-12-28 00:19:18 Loading main app package /usr/lib/obsidian/obsidian.asar
2023-12-28 00:19:18 Checking for update using Github
2023-12-28 00:19:18 Success.
2023-12-28 00:19:18 Latest version is 1.5.3
2023-12-28 00:19:18 App is up to date.
2024-01-04 17:52:32 Loading main app package /usr/lib/obsidian/obsidian.asar
2024-01-04 17:52:34 Checking for update using Github
2024-01-04 17:52:34 Success.
2024-01-04 17:52:34 Latest version is 1.5.3
2024-01-04 17:52:34 App is up to date.
2024-01-04 18:52:33 Checking for update using Github
2024-01-04 18:52:33 Success.
2024-01-04 18:52:33 Latest version is 1.5.3
2024-01-04 18:52:33 App is up to date.
2024-01-04 20:08:37 Checking for update using Github
2024-01-04 20:08:37 Success.
2024-01-04 20:08:37 Latest version is 1.5.3
2024-01-04 20:08:37 App is up to date.
2024-01-04 23:18:15 Checking for update using Github
2024-01-04 23:18:15 Success.
2024-01-04 23:18:15 Latest version is 1.5.3
2024-01-04 23:18:15 App is up to date.
2024-01-05 00:18:15 Checking for update using Github
2024-01-05 00:18:15 Success.
2024-01-05 00:18:15 Latest version is 1.5.3
2024-01-05 00:18:15 App is up to date.
2024-01-05 01:18:15 Checking for update using Github
2024-01-05 01:18:15 Success.
2024-01-05 01:18:15 Latest version is 1.5.3
2024-01-05 01:18:15 App is up to date.
2024-01-05 14:43:05 Loading main app package /usr/lib/obsidian/obsidian.asar
2024-01-05 14:43:06 Checking for update using Github
2024-01-05 14:43:06 Success.
2024-01-05 14:43:06 Latest version is 1.5.3
2024-01-05 14:43:06 App is up to date.
2024-01-05 18:53:29 Loading main app package /usr/lib/obsidian/obsidian.asar
2024-01-05 18:53:30 Checking for update using Github
2024-01-05 18:53:31 Success.
2024-01-05 18:53:31 Latest version is 1.5.3
2024-01-05 18:53:31 App is up to date.
2024-01-05 21:00:25 Loading main app package /usr/lib/obsidian/obsidian.asar
2024-01-05 21:00:25 Checking for update using Github
2024-01-05 21:00:25 Success.
2024-01-05 21:00:25 Latest version is 1.5.3
2024-01-05 21:00:25 App is up to date.
2024-01-10 22:43:08 Loading main app package /usr/lib/obsidian/obsidian.asar
2024-01-10 22:43:08 Checking for update using Github
2024-01-10 22:43:08 Success.
2024-01-10 22:43:08 Latest version is 1.5.3
2024-01-10 22:43:08 App is up to date.
2024-01-11 18:06:51 Loading main app package /usr/lib/obsidian/obsidian.asar
2024-01-11 18:06:51 Checking for update using Github
2024-01-11 18:06:51 Success.
2024-01-11 18:06:51 Latest version is 1.5.3
2024-01-11 18:06:51 App is up to date.
2024-01-12 19:05:22 Loading main app package /usr/lib/obsidian/obsidian.asar
2024-01-12 19:05:23 Checking for update using Github
2024-01-12 19:05:23 Success.
2024-01-12 19:05:23 Latest version is 1.5.3
2024-01-12 19:05:23 App is up to date.
2024-01-12 20:05:23 Checking for update using Github
2024-01-12 20:05:23 Success.
2024-01-12 20:05:23 Latest version is 1.5.3
2024-01-12 20:05:23 App is up to date.
2024-01-12 21:13:31 Checking for update using Github
2024-01-12 21:13:31 Success.
2024-01-12 21:13:31 Latest version is 1.5.3
2024-01-12 21:13:31 App is up to date.
2024-01-13 15:10:33 Loading main app package /usr/lib/obsidian/obsidian.asar
2024-01-13 15:10:33 Checking for update using Github
2024-01-13 15:10:33 Success.
2024-01-13 15:10:33 Latest version is 1.5.3
2024-01-13 15:10:33 App is up to date.
2024-01-13 15:22:53 Loading main app package /usr/lib/obsidian/obsidian.asar
2024-01-13 15:22:53 Checking for update using Github
2024-01-13 16:27:03 Checking for update using Github
2024-01-13 16:27:03 Success.
2024-01-13 16:27:03 Latest version is 1.5.3
2024-01-13 16:27:03 App is up to date.
2024-01-13 18:05:57 Checking for update using Github
2024-01-13 18:05:57 Success.
2024-01-13 18:05:57 Latest version is 1.5.3
2024-01-13 18:05:57 App is up to date.
2024-01-13 19:35:20 Checking for update using Github
2024-01-13 19:35:20 Success.
2024-01-13 19:35:20 Latest version is 1.5.3
2024-01-13 19:35:20 App is up to date.
2024-01-15 01:21:10 Loading main app package /usr/lib/obsidian/obsidian.asar
2024-01-15 01:21:10 Checking for update using Github
2024-01-15 01:21:10 Success.
2024-01-15 01:21:10 Latest version is 1.5.3
2024-01-15 01:21:10 App is up to date.
2024-01-17 20:45:42 Loading main app package /usr/lib/obsidian/obsidian.asar
2024-01-17 20:45:43 Checking for update using Github
2024-01-17 20:45:44 Success.
2024-01-17 20:45:44 Latest version is 1.5.3
2024-01-17 20:45:44 App is up to date.
2024-01-18 22:09:01 Loading main app package /usr/lib/obsidian/obsidian.asar
2024-01-18 22:09:01 Checking for update using Github
2024-01-18 22:09:01 Success.
2024-01-18 22:09:01 Latest version is 1.5.3
2024-01-18 22:09:01 App is up to date.
2024-01-18 23:09:01 Checking for update using Github
2024-01-18 23:09:01 Success.
2024-01-18 23:09:01 Latest version is 1.5.3
2024-01-18 23:09:01 App is up to date.
2024-01-19 00:09:01 Checking for update using Github
2024-01-19 00:09:01 Success.
2024-01-19 00:09:01 Latest version is 1.5.3
2024-01-19 00:09:01 App is up to date.
2024-01-19 01:09:01 Checking for update using Github
2024-01-19 01:09:01 Success.
2024-01-19 01:09:01 Latest version is 1.5.3
2024-01-19 01:09:01 App is up to date.
2024-01-19 02:09:01 Checking for update using Github
2024-01-19 02:09:01 Success.
2024-01-19 02:09:01 Latest version is 1.5.3
2024-01-19 02:09:01 App is up to date.
2024-01-19 19:38:02 Loading main app package /usr/lib/obsidian/obsidian.asar
2024-01-19 19:38:02 Checking for update using Github
2024-01-19 19:38:03 Success.
2024-01-19 19:38:03 Latest version is 1.5.3
2024-01-19 19:38:03 App is up to date.
2024-01-19 20:17:13 Loading main app package /usr/lib/obsidian/obsidian.asar
2024-01-19 20:17:13 Checking for update using Github
2024-01-19 20:17:13 Success.
2024-01-19 20:17:13 Latest version is 1.5.3
2024-01-19 20:17:13 App is up to date.
2024-01-19 21:17:13 Checking for update using Github
2024-01-19 21:17:13 Success.
2024-01-19 21:17:13 Latest version is 1.5.3
2024-01-19 21:17:13 App is up to date.
2024-01-20 19:03:20 Loading main app package /usr/lib/obsidian/obsidian.asar
2024-01-20 19:03:20 Checking for update using Github
2024-01-20 19:03:20 Success.
2024-01-20 19:03:20 Latest version is 1.5.3
2024-01-20 19:03:20 App is up to date.
2024-01-20 20:03:20 Checking for update using Github
2024-01-20 20:03:20 Success.
2024-01-20 20:03:20 Latest version is 1.5.3
2024-01-20 20:03:20 App is up to date.
2024-01-20 21:03:20 Checking for update using Github
2024-01-20 21:03:20 Success.
2024-01-20 21:03:20 Latest version is 1.5.3
2024-01-20 21:03:20 App is up to date.
2024-01-20 22:03:20 Checking for update using Github
2024-01-20 22:03:20 Success.
2024-01-20 22:03:20 Latest version is 1.5.3
2024-01-20 22:03:20 App is up to date.
2024-01-20 23:03:20 Checking for update using Github
2024-01-20 23:03:20 Success.
2024-01-20 23:03:20 Latest version is 1.5.3
2024-01-20 23:03:20 App is up to date.
2024-01-21 00:03:20 Checking for update using Github
2024-01-21 00:03:20 Success.
2024-01-21 00:03:20 Latest version is 1.5.3
2024-01-21 00:03:20 App is up to date.
2024-01-21 01:03:20 Checking for update using Github
2024-01-21 01:03:20 Success.
2024-01-21 01:03:20 Latest version is 1.5.3
2024-01-21 01:03:20 App is up to date.
2024-01-21 02:03:20 Checking for update using Github
2024-01-21 02:03:20 Success.
2024-01-21 02:03:20 Latest version is 1.5.3
2024-01-21 02:03:20 App is up to date.
2024-01-21 03:03:20 Checking for update using Github
2024-01-21 03:03:21 Success.
2024-01-21 03:03:21 Latest version is 1.5.3
2024-01-21 03:03:21 App is up to date.
2024-01-21 17:49:57 Loading main app package /usr/lib/obsidian/obsidian.asar
2024-01-21 17:49:58 Checking for update using Github
2024-01-21 17:49:59 Success.
2024-01-21 17:49:59 Latest version is 1.5.3
2024-01-21 17:49:59 App is up to date.
2024-01-21 18:49:57 Checking for update using Github
2024-01-21 18:49:57 Success.
2024-01-21 18:49:57 Latest version is 1.5.3
2024-01-21 18:49:57 App is up to date.
2024-01-21 18:51:13 Loading main app package /usr/lib/obsidian/obsidian.asar
2024-01-21 18:51:14 Checking for update using Github
2024-01-21 18:51:14 Success.
2024-01-21 18:51:14 Latest version is 1.5.3
2024-01-21 18:51:14 App is up to date.
2024-01-21 19:51:13 Checking for update using Github
2024-01-21 19:51:13 Success.
2024-01-21 19:51:13 Latest version is 1.5.3
2024-01-21 19:51:13 App is up to date.
2024-01-21 20:51:13 Checking for update using Github
2024-01-21 20:51:13 Success.
2024-01-21 20:51:13 Latest version is 1.5.3
2024-01-21 20:51:13 App is up to date.
2024-01-21 21:51:13 Checking for update using Github
2024-01-21 21:51:14 Success.
2024-01-21 21:51:14 Latest version is 1.5.3
2024-01-21 21:51:14 App is up to date.
2024-01-22 15:32:47 Loading main app package /usr/lib/obsidian/obsidian.asar
2024-01-22 15:32:47 Checking for update using Github
2024-01-22 15:32:47 Success.
2024-01-22 15:32:47 Latest version is 1.5.3
2024-01-22 15:32:47 App is up to date.
2024-01-22 16:29:37 Loading main app package /usr/lib/obsidian/obsidian.asar
2024-01-22 16:29:37 Checking for update using Github
2024-01-22 16:29:38 Success.
2024-01-22 16:29:38 Latest version is 1.5.3
2024-01-22 16:29:38 App is up to date.
2024-01-22 17:29:37 Checking for update using Github
2024-01-22 17:29:37 Success.
2024-01-22 17:29:37 Latest version is 1.5.3
2024-01-22 17:29:37 App is up to date.
2024-01-22 18:45:47 Checking for update using Github
2024-01-22 18:45:47 Success.
2024-01-22 18:45:47 Latest version is 1.5.3
2024-01-22 18:45:47 App is up to date.
2024-01-22 19:45:47 Checking for update using Github
2024-01-22 19:45:47 Success.
2024-01-22 19:45:47 Latest version is 1.5.3
2024-01-22 19:45:47 App is up to date.
2024-01-22 20:57:30 Checking for update using Github
2024-01-22 20:57:30 Success.
2024-01-22 20:57:30 Latest version is 1.5.3
2024-01-22 20:57:30 App is up to date.
2024-01-22 21:57:31 Checking for update using Github
2024-01-22 21:57:31 Success.
2024-01-22 21:57:31 Latest version is 1.5.3
2024-01-22 21:57:31 App is up to date.
2024-01-24 14:55:21 Loading main app package /usr/lib/obsidian/obsidian.asar
2024-01-24 14:55:22 Checking for update using Github
2024-01-24 14:55:22 Success.
2024-01-24 14:55:22 Latest version is 1.5.3
2024-01-24 14:55:22 App is up to date.
2024-01-24 16:14:52 Checking for update using Github
2024-01-24 16:14:52 Success.
2024-01-24 16:14:52 Latest version is 1.5.3
2024-01-24 16:14:52 App is up to date.
2024-01-24 21:31:04 Loading main app package /usr/lib/obsidian/obsidian.asar
2024-01-24 21:31:04 Checking for update using Github
2024-01-24 21:31:04 Success.
2024-01-24 21:31:04 Latest version is 1.5.3
2024-01-24 21:31:04 App is up to date.
2024-01-24 21:45:09 Loading main app package /usr/lib/obsidian/obsidian.asar
2024-01-24 21:45:10 Checking for update using Github
2024-01-24 21:45:11 Success.
2024-01-24 21:45:11 Latest version is 1.5.3
2024-01-24 21:45:11 App is up to date.
2024-01-29 12:53:35 Loading main app package /usr/lib/obsidian/obsidian.asar
2024-01-29 12:53:35 Checking for update using Github
2024-01-29 12:53:36 Success.
2024-01-29 12:53:36 Latest version is 1.5.3
2024-01-29 12:53:36 App is up to date.
2024-01-29 13:53:35 Checking for update using Github
2024-01-29 13:53:35 Success.
2024-01-29 13:53:35 Latest version is 1.5.3
2024-01-29 13:53:35 App is up to date.
2024-01-29 16:01:55 Loading main app package /usr/lib/obsidian/obsidian.asar
2024-01-29 16:01:55 Checking for update using Github
2024-01-29 16:01:55 Success.
2024-01-29 16:01:55 Latest version is 1.5.3
2024-01-29 16:01:55 App is up to date.
2024-01-29 17:42:33 Checking for update using Github
2024-01-29 17:42:33 Success.
2024-01-29 17:42:33 Latest version is 1.5.3
2024-01-29 17:42:33 App is up to date.
2024-01-29 17:46:50 Loading main app package /usr/lib/obsidian/obsidian.asar
2024-01-29 17:46:51 Checking for update using Github
2024-01-29 17:46:51 Success.
2024-01-29 17:46:51 Latest version is 1.5.3
2024-01-29 17:46:51 App is up to date.
2024-01-29 17:49:41 Loading main app package /usr/lib/obsidian/obsidian.asar
2024-01-29 17:49:41 Checking for update using Github
2024-01-29 17:49:48 Loading main app package /usr/lib/obsidian/obsidian.asar
2024-01-29 17:49:48 Checking for update using Github
2024-01-29 20:42:00 Loading main app package /usr/lib/obsidian/obsidian.asar
2024-01-29 20:42:00 Checking for update using Github
2024-01-29 20:42:01 Success.
2024-01-29 20:42:01 Latest version is 1.5.3
2024-01-29 20:42:01 App is up to date.
2024-01-29 21:42:03 Checking for update using Github
2024-01-29 21:42:03 Success.
2024-01-29 21:42:03 Latest version is 1.5.3
2024-01-29 21:42:03 App is up to date.
2024-01-29 22:35:51 Loading main app package /usr/lib/obsidian/obsidian.asar
2024-01-29 22:35:51 Checking for update using Github
