2024-01-21 16:46:34.813 [info] Added views:workbench.panel.markers.view in workbench.panel.markers
2024-01-21 16:46:34.813 [info] Added views:terminal in terminal
2024-01-21 16:46:34.813 [info] Added views:outline in workbench.view.explorer
2024-01-21 16:46:34.813 [info] Added views:workbench.scm in workbench.view.scm
2024-01-21 16:46:34.813 [info] Added views:workbench.view.search in workbench.view.search
2024-01-21 16:46:34.813 [info] Added views:workbench.panel.output in workbench.views.service.panel.2370aed2-384e-457a-b7b8-729fddeb515f
2024-01-21 16:46:34.813 [info] Added views:timeline in workbench.view.explorer
2024-01-21 16:46:34.813 [info] Added views:workbench.explorer.emptyView in workbench.view.explorer
2024-01-21 16:46:35.007 [info] Added views:workbench.debug.variablesView,workbench.debug.watchExpressionsView,workbench.debug.callStackView,workbench.debug.breakPointsView in workbench.view.debug
2024-01-21 16:46:35.040 [info] Added views:~remote.forwardedPorts in ~remote.forwardedPortsContainer
2024-01-21 16:46:35.150 [info] Added views:workbench.panel.repl.view in workbench.panel.repl
2024-01-21 16:46:35.151 [info] Removed views:workbench.debug.breakPointsView,workbench.debug.callStackView,workbench.debug.watchExpressionsView,workbench.debug.variablesView from workbench.view.debug
2024-01-21 16:46:35.152 [info] Added views:workbench.debug.welcome in workbench.view.debug
2024-01-21 16:46:51.179 [info] Added views:workbench.panel.markers.view in workbench.panel.markers
2024-01-21 16:46:51.179 [info] Added views:terminal in terminal
2024-01-21 16:46:51.179 [info] Added views:outline in workbench.view.explorer
2024-01-21 16:46:51.179 [info] Added views:workbench.scm in workbench.view.scm
2024-01-21 16:46:51.179 [info] Added views:workbench.view.search in workbench.view.search
2024-01-21 16:46:51.179 [info] Added views:workbench.panel.output in workbench.views.service.panel.2370aed2-384e-457a-b7b8-729fddeb515f
2024-01-21 16:46:51.179 [info] Added views:timeline in workbench.view.explorer
2024-01-21 16:46:51.179 [info] Added views:workbench.explorer.fileView in workbench.view.explorer
2024-01-21 16:46:51.362 [info] Added views:workbench.debug.variablesView,workbench.debug.watchExpressionsView,workbench.debug.callStackView,workbench.debug.breakPointsView in workbench.view.debug
2024-01-21 16:46:51.379 [info] Added views:~remote.forwardedPorts in ~remote.forwardedPortsContainer
2024-01-21 16:46:51.546 [info] Added views:workbench.panel.repl.view in workbench.panel.repl
2024-01-21 16:46:51.548 [info] Removed views:workbench.debug.breakPointsView,workbench.debug.callStackView,workbench.debug.watchExpressionsView,workbench.debug.variablesView from workbench.view.debug
2024-01-21 16:46:51.548 [info] Added views:workbench.debug.welcome in workbench.view.debug
