2024-01-18 09:18:40.596 [info] Added views:workbench.panel.markers.view in workbench.panel.markers
2024-01-18 09:18:40.596 [info] Added views:workbench.panel.output in workbench.panel.output
2024-01-18 09:18:40.596 [info] Added views:terminal in terminal
2024-01-18 09:18:40.596 [info] Added views:outline in workbench.view.explorer
2024-01-18 09:18:40.596 [info] Added views:workbench.scm in workbench.view.scm
2024-01-18 09:18:40.596 [info] Added views:workbench.view.search in workbench.view.search
2024-01-18 09:18:40.596 [info] Added views:timeline in workbench.view.explorer
2024-01-18 09:18:40.596 [info] Added views:workbench.explorer.emptyView in workbench.view.explorer
2024-01-18 09:18:40.733 [info] Added views:workbench.debug.welcome in workbench.view.debug
2024-01-18 09:18:40.889 [info] Added views:~remote.forwardedPorts in ~remote.forwardedPortsContainer
2024-01-18 09:18:40.944 [info] Added views:workbench.panel.repl.view in workbench.panel.repl
2024-01-18 09:18:57.456 [info] Added views:workbench.panel.markers.view in workbench.panel.markers
2024-01-18 09:18:57.456 [info] Added views:workbench.panel.output in workbench.panel.output
2024-01-18 09:18:57.456 [info] Added views:terminal in terminal
2024-01-18 09:18:57.456 [info] Added views:outline in workbench.view.explorer
2024-01-18 09:18:57.456 [info] Added views:workbench.scm in workbench.view.scm
2024-01-18 09:18:57.456 [info] Added views:workbench.view.search in workbench.view.search
2024-01-18 09:18:57.456 [info] Added views:timeline in workbench.view.explorer
2024-01-18 09:18:57.456 [info] Added views:workbench.explorer.fileView in workbench.view.explorer
2024-01-18 09:18:57.485 [info] Added views:workbench.debug.variablesView,workbench.debug.watchExpressionsView,workbench.debug.callStackView,workbench.debug.breakPointsView in workbench.view.debug
2024-01-18 09:18:57.591 [info] Added views:~remote.forwardedPorts in ~remote.forwardedPortsContainer
2024-01-18 09:18:57.798 [info] Added views:workbench.panel.repl.view in workbench.panel.repl
2024-01-18 09:18:57.799 [info] Removed views:workbench.debug.breakPointsView,workbench.debug.callStackView,workbench.debug.watchExpressionsView,workbench.debug.variablesView from workbench.view.debug
2024-01-18 09:18:57.799 [info] Added views:workbench.debug.welcome in workbench.view.debug
2024-01-18 09:29:28.673 [info] Added views:workbench.views.extensions.installed,workbench.views.extensions.popular,extensions.recommendedList in workbench.view.extensions
2024-01-18 09:29:28.679 [info] Removed views:workbench.views.extensions.popular from workbench.view.extensions
2024-01-18 09:29:28.833 [info] Added views:workbench.views.extensions.popular in workbench.view.extensions
2024-01-18 09:29:35.149 [info] Added views:pr:github,issues:github in workbench.view.extension.github-pull-requests
2024-01-18 09:29:36.317 [info] Added views:workbench.view.testing in workbench.view.extension.test
2024-01-18 09:29:39.842 [info] Removed views:extensions.recommendedList,workbench.views.extensions.popular,workbench.views.extensions.installed from workbench.view.extensions
2024-01-18 09:29:39.847 [info] Added views:workbench.views.extensions.marketplace in workbench.view.extensions
2024-01-18 09:46:33.549 [info] Removed views:workbench.view.testing from workbench.view.extension.test
