2024-01-04 14:14:40.794 [info] Log level: Info
2024-01-04 14:14:40.794 [info] Validating found git in: "git"
2024-01-04 14:14:40.794 [info] Using git "2.43.0" from "git"
2024-01-04 14:14:40.794 [info] > git rev-parse --show-toplevel [26ms]
2024-01-04 14:14:40.794 [info] > git rev-parse --git-dir --git-common-dir [17ms]
2024-01-04 14:14:40.794 [info] Open repository: /home/neutron/Documents/spacestuff/git/instrument-magnitude
2024-01-04 14:14:40.869 [info] > git config --get commit.template [61ms]
2024-01-04 14:14:40.929 [info] > git for-each-ref --format=%(refname)%00%(upstream:short)%00%(objectname)%00%(upstream:track)%00%(upstream:remotename)%00%(upstream:remoteref) refs/heads/main refs/remotes/main [35ms]
2024-01-04 14:14:41.124 [info] > git status -z -uall [155ms]
2024-01-04 14:14:41.166 [info] > git config --get commit.template [6ms]
2024-01-04 14:14:41.256 [info] > git for-each-ref --format=%(refname)%00%(upstream:short)%00%(objectname)%00%(upstream:track)%00%(upstream:remotename)%00%(upstream:remoteref) refs/heads/main refs/remotes/main [29ms]
2024-01-04 14:14:41.323 [info] > git status -z -uall [57ms]
2024-01-04 14:14:41.445 [info] > git check-ignore -v -z --stdin [1ms]
2024-01-04 14:14:41.468 [info] > git show --textconv :main.py [9ms]
2024-01-04 14:14:41.469 [info] > git ls-files --stage -- /home/neutron/Documents/spacestuff/git/instrument-magnitude/main.py [2ms]
2024-01-04 14:14:41.478 [info] > git cat-file -s e863cd36eccbd0c04502b82610458f2a6068604b [1ms]
2024-01-04 14:17:18.215 [info] > git merge-base refs/heads/main refs/remotes/origin/main [6ms]
2024-01-04 14:17:18.234 [info] > git rev-list --count --left-right refs/heads/main...refs/remotes/origin/main [2ms]
2024-01-04 14:17:18.444 [info] > git ls-files --stage -- /home/neutron/Documents/spacestuff/git/instrument-magnitude/main.py [2ms]
2024-01-04 14:17:18.459 [info] > git cat-file -s e863cd36eccbd0c04502b82610458f2a6068604b [2ms]
2024-01-04 14:17:18.477 [info] > git show --textconv :main.py [3ms]
2024-01-04 14:17:24.484 [info] > git fetch [7250ms]
2024-01-04 14:17:24.506 [info] > git config --get commit.template [10ms]
2024-01-04 14:17:24.507 [info] > git for-each-ref --format=%(refname)%00%(upstream:short)%00%(objectname)%00%(upstream:track)%00%(upstream:remotename)%00%(upstream:remoteref) refs/heads/main refs/remotes/main [3ms]
2024-01-04 14:17:24.520 [info] > git status -z -uall [2ms]
2024-01-04 14:20:40.220 [info] > git config --get commit.template [3ms]
2024-01-04 14:20:40.259 [info] > git ls-files --stage -- /home/neutron/Documents/spacestuff/git/instrument-magnitude/main.py [22ms]
2024-01-04 14:20:40.279 [info] > git for-each-ref --format=%(refname)%00%(upstream:short)%00%(objectname)%00%(upstream:track)%00%(upstream:remotename)%00%(upstream:remoteref) refs/heads/main refs/remotes/main [21ms]
2024-01-04 14:20:40.280 [info] > git cat-file -s e863cd36eccbd0c04502b82610458f2a6068604b [6ms]
2024-01-04 14:20:40.305 [info] > git status -z -uall [3ms]
2024-01-04 14:20:40.368 [info] > git fetch [172ms]
2024-01-04 14:20:40.396 [info] > git for-each-ref --format=%(refname)%00%(upstream:short)%00%(objectname)%00%(upstream:track)%00%(upstream:remotename)%00%(upstream:remoteref) refs/heads/main refs/remotes/main [2ms]
2024-01-04 14:20:40.396 [info] > git config --get commit.template [11ms]
2024-01-04 14:20:40.417 [info] > git status -z -uall [10ms]
2024-01-04 14:20:40.417 [info] > git show --textconv :main.py [1ms]
2024-01-04 14:20:41.604 [info] > git ls-files --stage -- /home/neutron/Documents/spacestuff/git/instrument-magnitude/main.py [2ms]
2024-01-04 14:20:41.614 [info] > git cat-file -s e863cd36eccbd0c04502b82610458f2a6068604b [2ms]
2024-01-04 14:20:41.628 [info] > git show --textconv :main.py [4ms]
2024-01-04 14:20:45.335 [info] > git config --get commit.template [11ms]
2024-01-04 14:20:45.335 [info] > git for-each-ref --format=%(refname)%00%(upstream:short)%00%(objectname)%00%(upstream:track)%00%(upstream:remotename)%00%(upstream:remoteref) refs/heads/main refs/remotes/main [1ms]
2024-01-04 14:20:45.346 [info] > git status -z -uall [1ms]
2024-01-04 14:23:51.826 [info] > git fetch [175ms]
2024-01-04 14:23:51.861 [info] > git config --get commit.template [17ms]
2024-01-04 14:23:51.862 [info] > git for-each-ref --format=%(refname)%00%(upstream:short)%00%(objectname)%00%(upstream:track)%00%(upstream:remotename)%00%(upstream:remoteref) refs/heads/main refs/remotes/main [3ms]
2024-01-04 14:23:51.877 [info] > git status -z -uall [2ms]
2024-01-04 14:23:54.869 [info] > git config --get commit.template [2ms]
2024-01-04 14:23:54.907 [info] > git ls-files --stage -- /home/neutron/Documents/spacestuff/git/instrument-magnitude/main.py [20ms]
2024-01-04 14:23:54.926 [info] > git for-each-ref --format=%(refname)%00%(upstream:short)%00%(objectname)%00%(upstream:track)%00%(upstream:remotename)%00%(upstream:remoteref) refs/heads/main refs/remotes/main [21ms]
2024-01-04 14:23:54.927 [info] > git cat-file -s e863cd36eccbd0c04502b82610458f2a6068604b [3ms]
2024-01-04 14:23:54.969 [info] > git status -z -uall [22ms]
2024-01-04 14:23:54.975 [info] > git show --textconv :main.py [7ms]
2024-01-04 14:27:56.098 [info] > git fetch [323ms]
2024-01-04 14:27:56.120 [info] > git config --get commit.template [10ms]
2024-01-04 14:27:56.121 [info] > git for-each-ref --format=%(refname)%00%(upstream:short)%00%(objectname)%00%(upstream:track)%00%(upstream:remotename)%00%(upstream:remoteref) refs/heads/main refs/remotes/main [2ms]
2024-01-04 14:27:56.133 [info] > git status -z -uall [2ms]
2024-01-04 14:27:58.111 [info] > git ls-files --stage -- /home/neutron/Documents/spacestuff/git/instrument-magnitude/main.py [2ms]
2024-01-04 14:27:58.119 [info] > git config --get commit.template [19ms]
2024-01-04 14:27:58.129 [info] > git cat-file -s e863cd36eccbd0c04502b82610458f2a6068604b [10ms]
2024-01-04 14:27:58.130 [info] > git for-each-ref --format=%(refname)%00%(upstream:short)%00%(objectname)%00%(upstream:track)%00%(upstream:remotename)%00%(upstream:remoteref) refs/heads/main refs/remotes/main [2ms]
2024-01-04 14:27:58.155 [info] > git show --textconv :main.py [13ms]
2024-01-04 14:27:58.156 [info] > git status -z -uall [2ms]
2024-01-04 14:32:00.649 [info] > git fetch [146ms]
2024-01-04 14:32:00.680 [info] > git config --get commit.template [15ms]
2024-01-04 14:32:00.681 [info] > git for-each-ref --format=%(refname)%00%(upstream:short)%00%(objectname)%00%(upstream:track)%00%(upstream:remotename)%00%(upstream:remoteref) refs/heads/main refs/remotes/main [2ms]
2024-01-04 14:32:00.693 [info] > git status -z -uall [3ms]
2024-01-04 14:35:29.997 [info] > git config --get commit.template [2ms]
2024-01-04 14:35:30.033 [info] > git ls-files --stage -- /home/neutron/Documents/spacestuff/git/instrument-magnitude/main.py [17ms]
2024-01-04 14:35:30.049 [info] > git for-each-ref --format=%(refname)%00%(upstream:short)%00%(objectname)%00%(upstream:track)%00%(upstream:remotename)%00%(upstream:remoteref) refs/heads/main refs/remotes/main [18ms]
2024-01-04 14:35:30.051 [info] > git cat-file -s e863cd36eccbd0c04502b82610458f2a6068604b [4ms]
2024-01-04 14:35:30.087 [info] > git status -z -uall [19ms]
2024-01-04 14:35:30.093 [info] > git show --textconv :main.py [7ms]
2024-01-04 14:35:30.140 [info] > git fetch [167ms]
2024-01-04 14:35:30.176 [info] > git config --get commit.template [16ms]
2024-01-04 14:35:30.177 [info] > git for-each-ref --format=%(refname)%00%(upstream:short)%00%(objectname)%00%(upstream:track)%00%(upstream:remotename)%00%(upstream:remoteref) refs/heads/main refs/remotes/main [3ms]
2024-01-04 14:35:30.198 [info] > git status -z -uall [3ms]
2024-01-04 14:35:31.436 [info] > git ls-files --stage -- /home/neutron/Documents/spacestuff/git/instrument-magnitude/main.py [2ms]
2024-01-04 14:35:31.447 [info] > git cat-file -s e863cd36eccbd0c04502b82610458f2a6068604b [2ms]
2024-01-04 14:35:31.460 [info] > git show --textconv :main.py [2ms]
2024-01-04 14:35:35.118 [info] > git config --get commit.template [9ms]
2024-01-04 14:35:35.118 [info] > git for-each-ref --format=%(refname)%00%(upstream:short)%00%(objectname)%00%(upstream:track)%00%(upstream:remotename)%00%(upstream:remoteref) refs/heads/main refs/remotes/main [1ms]
2024-01-04 14:35:35.129 [info] > git status -z -uall [2ms]
2024-01-04 14:35:47.916 [info] > git config --get commit.template [2ms]
2024-01-04 14:35:47.928 [info] > git for-each-ref --format=%(refname)%00%(upstream:short)%00%(objectname)%00%(upstream:track)%00%(upstream:remotename)%00%(upstream:remoteref) refs/heads/main refs/remotes/main [2ms]
2024-01-04 14:35:47.938 [info] > git status -z -uall [1ms]
2024-01-04 14:38:42.966 [info] > git fetch [170ms]
2024-01-04 14:38:42.995 [info] > git config --get commit.template [15ms]
2024-01-04 14:38:42.996 [info] > git for-each-ref --format=%(refname)%00%(upstream:short)%00%(objectname)%00%(upstream:track)%00%(upstream:remotename)%00%(upstream:remoteref) refs/heads/main refs/remotes/main [3ms]
2024-01-04 14:38:43.016 [info] > git status -z -uall [3ms]
2024-01-04 14:38:44.105 [info] > git config --get commit.template [2ms]
2024-01-04 14:38:44.120 [info] > git for-each-ref --format=%(refname)%00%(upstream:short)%00%(objectname)%00%(upstream:track)%00%(upstream:remotename)%00%(upstream:remoteref) refs/heads/main refs/remotes/main [3ms]
2024-01-04 14:38:44.138 [info] > git status -z -uall [4ms]
2024-01-04 14:38:44.206 [info] > git ls-files --stage -- /home/neutron/Documents/spacestuff/git/instrument-magnitude/main.py [3ms]
2024-01-04 14:38:44.223 [info] > git cat-file -s e863cd36eccbd0c04502b82610458f2a6068604b [3ms]
2024-01-04 14:38:44.241 [info] > git show --textconv :main.py [2ms]
2024-01-04 15:01:48.779 [info] > git fetch [128ms]
2024-01-04 15:01:48.797 [info] > git config --get commit.template [9ms]
2024-01-04 15:01:48.798 [info] > git for-each-ref --format=%(refname)%00%(upstream:short)%00%(objectname)%00%(upstream:track)%00%(upstream:remotename)%00%(upstream:remoteref) refs/heads/main refs/remotes/main [2ms]
2024-01-04 15:01:48.806 [info] > git status -z -uall [1ms]
2024-01-04 15:01:49.925 [info] > git config --get commit.template [10ms]
2024-01-04 15:01:49.927 [info] > git for-each-ref --format=%(refname)%00%(upstream:short)%00%(objectname)%00%(upstream:track)%00%(upstream:remotename)%00%(upstream:remoteref) refs/heads/main refs/remotes/main [1ms]
2024-01-04 15:01:49.938 [info] > git status -z -uall [1ms]
2024-01-04 15:01:50.014 [info] > git ls-files --stage -- /home/neutron/Documents/spacestuff/git/instrument-magnitude/main.py [2ms]
2024-01-04 15:01:50.026 [info] > git cat-file -s e863cd36eccbd0c04502b82610458f2a6068604b [2ms]
2024-01-04 15:01:50.040 [info] > git show --textconv :main.py [2ms]
2024-01-04 15:05:16.720 [info] > git fetch [150ms]
2024-01-04 15:05:16.741 [info] > git config --get commit.template [10ms]
2024-01-04 15:05:16.742 [info] > git for-each-ref --format=%(refname)%00%(upstream:short)%00%(objectname)%00%(upstream:track)%00%(upstream:remotename)%00%(upstream:remoteref) refs/heads/main refs/remotes/main [1ms]
2024-01-04 15:05:16.754 [info] > git status -z -uall [2ms]
2024-01-04 15:05:17.861 [info] > git config --get commit.template [10ms]
2024-01-04 15:05:17.862 [info] > git for-each-ref --format=%(refname)%00%(upstream:short)%00%(objectname)%00%(upstream:track)%00%(upstream:remotename)%00%(upstream:remoteref) refs/heads/main refs/remotes/main [1ms]
2024-01-04 15:05:17.875 [info] > git status -z -uall [3ms]
2024-01-04 15:05:17.955 [info] > git ls-files --stage -- /home/neutron/Documents/spacestuff/git/instrument-magnitude/main.py [2ms]
2024-01-04 15:05:17.965 [info] > git cat-file -s e863cd36eccbd0c04502b82610458f2a6068604b [2ms]
2024-01-04 15:05:17.982 [info] > git show --textconv :main.py [2ms]
2024-01-04 15:08:19.116 [info] > git fetch [164ms]
2024-01-04 15:08:19.137 [info] > git config --get commit.template [10ms]
2024-01-04 15:08:19.137 [info] > git for-each-ref --format=%(refname)%00%(upstream:short)%00%(objectname)%00%(upstream:track)%00%(upstream:remotename)%00%(upstream:remoteref) refs/heads/main refs/remotes/main [2ms]
2024-01-04 15:08:19.149 [info] > git status -z -uall [3ms]
2024-01-04 15:08:20.263 [info] > git config --get commit.template [9ms]
2024-01-04 15:08:20.264 [info] > git for-each-ref --format=%(refname)%00%(upstream:short)%00%(objectname)%00%(upstream:track)%00%(upstream:remotename)%00%(upstream:remoteref) refs/heads/main refs/remotes/main [2ms]
2024-01-04 15:08:20.274 [info] > git status -z -uall [2ms]
2024-01-04 15:08:20.354 [info] > git ls-files --stage -- /home/neutron/Documents/spacestuff/git/instrument-magnitude/main.py [2ms]
2024-01-04 15:08:20.362 [info] > git cat-file -s e863cd36eccbd0c04502b82610458f2a6068604b [1ms]
2024-01-04 15:08:20.373 [info] > git show --textconv :main.py [2ms]
2024-01-04 15:12:41.935 [info] > git fetch [152ms]
2024-01-04 15:12:41.950 [info] > git config --get commit.template [7ms]
2024-01-04 15:12:41.951 [info] > git for-each-ref --format=%(refname)%00%(upstream:short)%00%(objectname)%00%(upstream:track)%00%(upstream:remotename)%00%(upstream:remoteref) refs/heads/main refs/remotes/main [1ms]
2024-01-04 15:12:41.959 [info] > git status -z -uall [1ms]
2024-01-04 15:12:43.091 [info] > git config --get commit.template [9ms]
2024-01-04 15:12:43.092 [info] > git for-each-ref --format=%(refname)%00%(upstream:short)%00%(objectname)%00%(upstream:track)%00%(upstream:remotename)%00%(upstream:remoteref) refs/heads/main refs/remotes/main [2ms]
2024-01-04 15:12:43.102 [info] > git status -z -uall [2ms]
2024-01-04 15:12:43.185 [info] > git ls-files --stage -- /home/neutron/Documents/spacestuff/git/instrument-magnitude/main.py [1ms]
2024-01-04 15:12:43.194 [info] > git cat-file -s e863cd36eccbd0c04502b82610458f2a6068604b [1ms]
2024-01-04 15:12:43.205 [info] > git show --textconv :main.py [1ms]
2024-01-04 15:16:28.844 [info] > git fetch [165ms]
2024-01-04 15:16:28.866 [info] > git config --get commit.template [10ms]
2024-01-04 15:16:28.868 [info] > git for-each-ref --format=%(refname)%00%(upstream:short)%00%(objectname)%00%(upstream:track)%00%(upstream:remotename)%00%(upstream:remoteref) refs/heads/main refs/remotes/main [2ms]
2024-01-04 15:16:28.882 [info] > git status -z -uall [2ms]
2024-01-04 15:17:18.364 [info] > git config --get commit.template [18ms]
2024-01-04 15:17:18.382 [info] > git ls-files --stage -- /home/neutron/Documents/spacestuff/git/instrument-magnitude/main.py [21ms]
2024-01-04 15:17:18.396 [info] > git for-each-ref --format=%(refname)%00%(upstream:short)%00%(objectname)%00%(upstream:track)%00%(upstream:remotename)%00%(upstream:remoteref) refs/heads/main refs/remotes/main [14ms]
2024-01-04 15:17:18.397 [info] > git cat-file -s e863cd36eccbd0c04502b82610458f2a6068604b [3ms]
2024-01-04 15:17:18.422 [info] > git status -z -uall [12ms]
2024-01-04 15:17:18.422 [info] > git show --textconv :main.py [2ms]
2024-01-04 15:21:01.909 [info] > git fetch [151ms]
2024-01-04 15:21:01.931 [info] > git config --get commit.template [11ms]
2024-01-04 15:21:01.931 [info] > git for-each-ref --format=%(refname)%00%(upstream:short)%00%(objectname)%00%(upstream:track)%00%(upstream:remotename)%00%(upstream:remoteref) refs/heads/main refs/remotes/main [1ms]
2024-01-04 15:21:01.945 [info] > git status -z -uall [2ms]
2024-01-04 15:23:15.094 [info] > git config --get commit.template [4ms]
2024-01-04 15:23:15.115 [info] > git ls-files --stage -- /home/neutron/Documents/spacestuff/git/instrument-magnitude/main.py [8ms]
2024-01-04 15:23:15.120 [info] > git for-each-ref --format=%(refname)%00%(upstream:short)%00%(objectname)%00%(upstream:track)%00%(upstream:remotename)%00%(upstream:remoteref) refs/heads/main refs/remotes/main [6ms]
2024-01-04 15:23:15.121 [info] > git cat-file -s e863cd36eccbd0c04502b82610458f2a6068604b [1ms]
2024-01-04 15:23:15.132 [info] > git status -z -uall [6ms]
2024-01-04 15:23:15.133 [info] > git show --textconv :main.py [2ms]
2024-01-04 15:24:09.795 [info] > git fetch [115ms]
2024-01-04 15:24:09.806 [info] > git config --get commit.template [5ms]
2024-01-04 15:24:09.807 [info] > git for-each-ref --format=%(refname)%00%(upstream:short)%00%(objectname)%00%(upstream:track)%00%(upstream:remotename)%00%(upstream:remoteref) refs/heads/main refs/remotes/main [1ms]
2024-01-04 15:24:09.814 [info] > git status -z -uall [1ms]
2024-01-04 15:24:10.929 [info] > git config --get commit.template [1ms]
2024-01-04 15:24:10.936 [info] > git for-each-ref --format=%(refname)%00%(upstream:short)%00%(objectname)%00%(upstream:track)%00%(upstream:remotename)%00%(upstream:remoteref) refs/heads/main refs/remotes/main [2ms]
2024-01-04 15:24:10.943 [info] > git status -z -uall [1ms]
2024-01-04 15:24:14.424 [info] > git ls-files --stage -- /home/neutron/Documents/spacestuff/git/instrument-magnitude/main.py [1ms]
2024-01-04 15:24:14.430 [info] > git cat-file -s e863cd36eccbd0c04502b82610458f2a6068604b [1ms]
2024-01-04 15:24:14.437 [info] > git show --textconv :main.py [2ms]
2024-01-04 15:32:34.798 [info] > git fetch [158ms]
2024-01-04 15:32:34.809 [info] > git config --get commit.template [6ms]
2024-01-04 15:32:34.810 [info] > git for-each-ref --format=%(refname)%00%(upstream:short)%00%(objectname)%00%(upstream:track)%00%(upstream:remotename)%00%(upstream:remoteref) refs/heads/main refs/remotes/main [2ms]
2024-01-04 15:32:34.815 [info] > git status -z -uall [1ms]
2024-01-04 15:35:12.486 [info] > git config --get commit.template [18ms]
2024-01-04 15:35:12.486 [info] > git ls-files --stage -- /home/neutron/Documents/spacestuff/git/instrument-magnitude/main.py [6ms]
2024-01-04 15:35:12.491 [info] > git for-each-ref --format=%(refname)%00%(upstream:short)%00%(objectname)%00%(upstream:track)%00%(upstream:remotename)%00%(upstream:remoteref) refs/heads/main refs/remotes/main [6ms]
2024-01-04 15:35:12.497 [info] > git cat-file -s e863cd36eccbd0c04502b82610458f2a6068604b [6ms]
2024-01-04 15:35:12.497 [info] > git status -z -uall [1ms]
2024-01-04 15:35:12.505 [info] > git show --textconv :main.py [1ms]
2024-01-04 15:39:57.941 [info] > git fetch [137ms]
2024-01-04 15:39:57.961 [info] > git config --get commit.template [9ms]
2024-01-04 15:39:57.962 [info] > git for-each-ref --format=%(refname)%00%(upstream:short)%00%(objectname)%00%(upstream:track)%00%(upstream:remotename)%00%(upstream:remoteref) refs/heads/main refs/remotes/main [3ms]
2024-01-04 15:39:57.973 [info] > git status -z -uall [2ms]
2024-01-04 15:39:59.088 [info] > git config --get commit.template [9ms]
2024-01-04 15:39:59.089 [info] > git for-each-ref --format=%(refname)%00%(upstream:short)%00%(objectname)%00%(upstream:track)%00%(upstream:remotename)%00%(upstream:remoteref) refs/heads/main refs/remotes/main [2ms]
2024-01-04 15:39:59.099 [info] > git status -z -uall [2ms]
2024-01-04 15:39:59.178 [info] > git ls-files --stage -- /home/neutron/Documents/spacestuff/git/instrument-magnitude/main.py [2ms]
2024-01-04 15:39:59.186 [info] > git cat-file -s e863cd36eccbd0c04502b82610458f2a6068604b [1ms]
2024-01-04 15:39:59.197 [info] > git show --textconv :main.py [1ms]
2024-01-04 15:43:57.382 [info] > git fetch [145ms]
2024-01-04 15:43:57.403 [info] > git config --get commit.template [9ms]
2024-01-04 15:43:57.404 [info] > git for-each-ref --format=%(refname)%00%(upstream:short)%00%(objectname)%00%(upstream:track)%00%(upstream:remotename)%00%(upstream:remoteref) refs/heads/main refs/remotes/main [2ms]
2024-01-04 15:43:57.415 [info] > git status -z -uall [1ms]
2024-01-04 15:44:03.341 [info] > git config --get commit.template [1ms]
2024-01-04 15:44:03.352 [info] > git ls-files --stage -- /home/neutron/Documents/spacestuff/git/instrument-magnitude/main.py [5ms]
2024-01-04 15:44:03.357 [info] > git for-each-ref --format=%(refname)%00%(upstream:short)%00%(objectname)%00%(upstream:track)%00%(upstream:remotename)%00%(upstream:remoteref) refs/heads/main refs/remotes/main [6ms]
2024-01-04 15:44:03.357 [info] > git cat-file -s e863cd36eccbd0c04502b82610458f2a6068604b [1ms]
2024-01-04 15:44:03.369 [info] > git status -z -uall [6ms]
2024-01-04 15:44:03.371 [info] > git show --textconv :main.py [2ms]
2024-01-04 15:47:53.355 [info] > git fetch [117ms]
2024-01-04 15:47:53.368 [info] > git config --get commit.template [6ms]
2024-01-04 15:47:53.368 [info] > git for-each-ref --format=%(refname)%00%(upstream:short)%00%(objectname)%00%(upstream:track)%00%(upstream:remotename)%00%(upstream:remoteref) refs/heads/main refs/remotes/main [1ms]
2024-01-04 15:47:53.374 [info] > git status -z -uall [1ms]
2024-01-04 15:47:54.899 [info] > git config --get commit.template [11ms]
2024-01-04 15:47:54.912 [info] > git ls-files --stage -- /home/neutron/Documents/spacestuff/git/instrument-magnitude/main.py [14ms]
2024-01-04 15:47:54.923 [info] > git for-each-ref --format=%(refname)%00%(upstream:short)%00%(objectname)%00%(upstream:track)%00%(upstream:remotename)%00%(upstream:remoteref) refs/heads/main refs/remotes/main [12ms]
2024-01-04 15:47:54.924 [info] > git cat-file -s e863cd36eccbd0c04502b82610458f2a6068604b [3ms]
2024-01-04 15:47:54.951 [info] > git status -z -uall [13ms]
2024-01-04 15:47:54.954 [info] > git show --textconv :main.py [4ms]
2024-01-04 15:51:06.570 [info] > git fetch [142ms]
2024-01-04 15:51:06.581 [info] > git config --get commit.template [5ms]
2024-01-04 15:51:06.582 [info] > git for-each-ref --format=%(refname)%00%(upstream:short)%00%(objectname)%00%(upstream:track)%00%(upstream:remotename)%00%(upstream:remoteref) refs/heads/main refs/remotes/main [1ms]
2024-01-04 15:51:06.587 [info] > git status -z -uall [1ms]
2024-01-04 15:51:09.680 [info] > git config --get commit.template [12ms]
2024-01-04 15:51:09.687 [info] > git ls-files --stage -- /home/neutron/Documents/spacestuff/git/instrument-magnitude/main.py [8ms]
2024-01-04 15:51:09.697 [info] > git for-each-ref --format=%(refname)%00%(upstream:short)%00%(objectname)%00%(upstream:track)%00%(upstream:remotename)%00%(upstream:remoteref) refs/heads/main refs/remotes/main [11ms]
2024-01-04 15:51:09.698 [info] > git cat-file -s e863cd36eccbd0c04502b82610458f2a6068604b [2ms]
2024-01-04 15:51:09.722 [info] > git status -z -uall [16ms]
2024-01-04 15:51:09.728 [info] > git show --textconv :main.py [7ms]
2024-01-04 15:52:10.795 [info] > git config --get commit.template [6ms]
2024-01-04 15:52:10.796 [info] > git for-each-ref --format=%(refname)%00%(upstream:short)%00%(objectname)%00%(upstream:track)%00%(upstream:remotename)%00%(upstream:remoteref) refs/heads/main refs/remotes/main [1ms]
2024-01-04 15:52:10.803 [info] > git status -z -uall [1ms]
