2024-01-05 14:07:46.423 [info] Log level: Info
2024-01-05 14:07:46.423 [info] Validating found git in: "git"
2024-01-05 14:07:46.423 [info] Using git "2.43.0" from "git"
2024-01-05 14:07:46.423 [info] > git rev-parse --show-toplevel [22ms]
2024-01-05 14:07:46.424 [info] > git rev-parse --git-dir --git-common-dir [19ms]
2024-01-05 14:07:46.424 [info] Open repository: /home/neutron/Documents/spacestuff/git/instrument-magnitude
2024-01-05 14:07:46.437 [info] > git config --get commit.template [29ms]
2024-01-05 14:07:46.602 [info] > git fetch [205ms]
2024-01-05 14:07:46.618 [info] > git for-each-ref --format=%(refname)%00%(upstream:short)%00%(objectname)%00%(upstream:track)%00%(upstream:remotename)%00%(upstream:remoteref) refs/heads/main refs/remotes/main [23ms]
2024-01-05 14:07:46.639 [info] > git config --get commit.template [28ms]
2024-01-05 14:07:46.709 [info] > git for-each-ref --format=%(refname)%00%(upstream:short)%00%(objectname)%00%(upstream:track)%00%(upstream:remotename)%00%(upstream:remoteref) refs/heads/main refs/remotes/main [52ms]
2024-01-05 14:07:46.725 [info] > git config --get commit.template [10ms]
2024-01-05 14:07:46.787 [info] > git for-each-ref --format=%(refname)%00%(upstream:short)%00%(objectname)%00%(upstream:track)%00%(upstream:remotename)%00%(upstream:remoteref) refs/heads/main refs/remotes/main [2ms]
2024-01-05 14:07:46.799 [info] > git status -z -uall [3ms]
2024-01-05 14:07:46.950 [info] > git check-ignore -v -z --stdin [9ms]
2024-01-05 14:07:47.026 [info] > git show --textconv :main.py [8ms]
2024-01-05 14:07:47.028 [info] > git ls-files --stage -- /home/neutron/Documents/spacestuff/git/instrument-magnitude/main.py [2ms]
2024-01-05 14:07:47.035 [info] > git cat-file -s e863cd36eccbd0c04502b82610458f2a6068604b [1ms]
2024-01-05 14:07:47.840 [info] > git ls-files --stage -- /home/neutron/Documents/spacestuff/git/instrument-magnitude/main.py [2ms]
2024-01-05 14:07:47.848 [info] > git cat-file -s e863cd36eccbd0c04502b82610458f2a6068604b [2ms]
2024-01-05 14:07:47.858 [info] > git show --textconv :main.py [2ms]
2024-01-05 14:08:53.685 [info] Log level: Info
2024-01-05 14:08:53.685 [info] Validating found git in: "git"
2024-01-05 14:08:53.685 [info] Using git "2.43.0" from "git"
2024-01-05 14:08:53.685 [info] > git rev-parse --show-toplevel [54ms]
2024-01-05 14:08:53.705 [info] > git rev-parse --git-dir --git-common-dir [14ms]
2024-01-05 14:08:53.722 [info] Open repository: /home/neutron/Documents/spacestuff/git/instrument-magnitude
2024-01-05 14:08:53.752 [info] > git config --get commit.template [20ms]
2024-01-05 14:08:53.774 [info] > git for-each-ref --format=%(refname)%00%(upstream:short)%00%(objectname)%00%(upstream:track)%00%(upstream:remotename)%00%(upstream:remoteref) refs/heads/main refs/remotes/main [10ms]
2024-01-05 14:08:53.785 [info] > git status -z -uall [3ms]
2024-01-05 14:08:53.799 [info] > git config --get commit.template [1ms]
2024-01-05 14:08:53.810 [info] > git for-each-ref --format=%(refname)%00%(upstream:short)%00%(objectname)%00%(upstream:track)%00%(upstream:remotename)%00%(upstream:remoteref) refs/heads/main refs/remotes/main [2ms]
2024-01-05 14:08:54.017 [info] > git fetch [296ms]
2024-01-05 14:08:54.042 [info] > git config --get commit.template [4ms]
2024-01-05 14:08:54.057 [info] > git show --textconv :main.py [9ms]
2024-01-05 14:08:54.058 [info] > git ls-files --stage -- /home/neutron/Documents/spacestuff/git/instrument-magnitude/main.py [2ms]
2024-01-05 14:08:54.083 [info] > git cat-file -s e863cd36eccbd0c04502b82610458f2a6068604b [19ms]
2024-01-05 14:08:54.155 [info] > git for-each-ref --format=%(refname)%00%(upstream:short)%00%(objectname)%00%(upstream:track)%00%(upstream:remotename)%00%(upstream:remoteref) refs/heads/main refs/remotes/main [84ms]
2024-01-05 14:08:54.178 [info] > git status -z -uall [1ms]
2024-01-05 14:08:54.251 [info] > git check-ignore -v -z --stdin [2ms]
2024-01-05 14:08:55.143 [info] > git ls-files --stage -- /home/neutron/Documents/spacestuff/git/instrument-magnitude/main.py [2ms]
2024-01-05 14:08:55.151 [info] > git cat-file -s e863cd36eccbd0c04502b82610458f2a6068604b [2ms]
2024-01-05 14:08:55.162 [info] > git show --textconv :main.py [4ms]
2024-01-05 14:22:09.708 [info] > git fetch [186ms]
2024-01-05 14:22:09.729 [info] > git config --get commit.template [11ms]
2024-01-05 14:22:09.730 [info] > git for-each-ref --format=%(refname)%00%(upstream:short)%00%(objectname)%00%(upstream:track)%00%(upstream:remotename)%00%(upstream:remoteref) refs/heads/main refs/remotes/main [2ms]
2024-01-05 14:22:09.745 [info] > git status -z -uall [3ms]
2024-01-05 14:42:16.747 [info] > git config --get commit.template [2ms]
2024-01-05 14:42:16.773 [info] > git ls-files --stage -- /home/neutron/Documents/spacestuff/git/instrument-magnitude/main.py [12ms]
2024-01-05 14:42:16.785 [info] > git for-each-ref --format=%(refname)%00%(upstream:short)%00%(objectname)%00%(upstream:track)%00%(upstream:remotename)%00%(upstream:remoteref) refs/heads/main refs/remotes/main [13ms]
2024-01-05 14:42:16.786 [info] > git cat-file -s e863cd36eccbd0c04502b82610458f2a6068604b [2ms]
2024-01-05 14:42:16.810 [info] > git show --textconv :main.py [10ms]
2024-01-05 14:42:16.810 [info] > git status -z -uall [2ms]
2024-01-05 14:42:16.904 [info] > git fetch [177ms]
2024-01-05 14:42:16.920 [info] > git config --get commit.template [9ms]
2024-01-05 14:42:16.921 [info] > git for-each-ref --format=%(refname)%00%(upstream:short)%00%(objectname)%00%(upstream:track)%00%(upstream:remotename)%00%(upstream:remoteref) refs/heads/main refs/remotes/main [2ms]
2024-01-05 14:42:16.935 [info] > git status -z -uall [3ms]
2024-01-05 14:42:18.147 [info] > git ls-files --stage -- /home/neutron/Documents/spacestuff/git/instrument-magnitude/main.py [1ms]
2024-01-05 14:42:18.155 [info] > git cat-file -s e863cd36eccbd0c04502b82610458f2a6068604b [1ms]
2024-01-05 14:42:18.167 [info] > git show --textconv :main.py [3ms]
