2024-01-04 18:56:13.574 [info] Reading sessions from keychain...
2024-01-04 18:56:13.574 [info] Getting sessions for all scopes...
2024-01-04 18:56:13.574 [info] Getting sessions for read:user,repo,user:email,workflow...
2024-01-04 18:56:13.574 [info] Got stored sessions!
2024-01-04 18:56:13.574 [info] Got 1 verified sessions.
2024-01-04 18:56:13.574 [info] Got 1 sessions for ...
2024-01-04 18:56:13.574 [info] Got 1 sessions for read:user,repo,user:email,workflow...
2024-01-04 18:56:13.574 [info] Getting sessions for all scopes...
2024-01-04 18:56:13.574 [info] Got 1 sessions for ...
2024-01-04 18:56:13.805 [info] Getting sessions for read:user,repo,user:email,workflow...
2024-01-04 18:56:13.805 [info] Got 1 sessions for read:user,repo,user:email,workflow...
2024-01-04 18:56:53.573 [info] Reading sessions from keychain...
2024-01-04 18:56:53.573 [info] Getting sessions for all scopes...
2024-01-04 18:56:53.573 [info] Getting sessions for all scopes...
2024-01-04 18:56:53.573 [info] Got stored sessions!
2024-01-04 18:56:53.573 [info] Got 1 verified sessions.
2024-01-04 18:56:53.573 [info] Got 1 sessions for ...
2024-01-04 18:56:53.573 [info] Got 1 sessions for ...
2024-01-04 18:56:53.573 [info] Getting sessions for read:user,repo,user:email,workflow...
2024-01-04 18:56:53.573 [info] Got 1 sessions for read:user,repo,user:email,workflow...
2024-01-04 18:56:53.801 [info] Getting sessions for read:user,repo,user:email,workflow...
2024-01-04 18:56:53.801 [info] Got 1 sessions for read:user,repo,user:email,workflow...
