2024-01-12 14:00:03.353 [info] Added views:workbench.panel.markers.view in workbench.panel.markers
2024-01-12 14:00:03.353 [info] Added views:terminal in terminal
2024-01-12 14:00:03.353 [info] Added views:outline in workbench.view.explorer
2024-01-12 14:00:03.353 [info] Added views:workbench.scm in workbench.view.scm
2024-01-12 14:00:03.353 [info] Added views:workbench.view.search in workbench.view.search
2024-01-12 14:00:03.353 [info] Added views:workbench.panel.output in workbench.views.service.panel.2370aed2-384e-457a-b7b8-729fddeb515f
2024-01-12 14:00:03.353 [info] Added views:timeline in workbench.view.explorer
2024-01-12 14:00:03.353 [info] Added views:workbench.explorer.fileView in workbench.view.explorer
2024-01-12 14:00:03.684 [info] Added views:workbench.debug.welcome in workbench.view.debug
2024-01-12 14:00:04.253 [info] Added views:workbench.panel.repl.view in workbench.panel.repl
2024-01-12 14:00:04.627 [info] Added views:~remote.forwardedPorts in ~remote.forwardedPortsContainer
2024-01-12 14:00:04.728 [info] Added views:workbench.view.testing in workbench.view.extension.test
2024-01-12 14:17:08.508 [info] Added views:workbench.views.extensions.installed,workbench.views.extensions.popular,extensions.recommendedList in workbench.view.extensions
2024-01-12 14:17:08.511 [info] Removed views:workbench.views.extensions.popular from workbench.view.extensions
2024-01-12 14:17:10.412 [info] Removed views:workbench.view.testing from workbench.view.extension.test
2024-01-12 14:17:11.718 [info] Added views:workbench.panel.markers.view in workbench.panel.markers
2024-01-12 14:17:11.718 [info] Added views:terminal in terminal
2024-01-12 14:17:11.718 [info] Added views:outline in workbench.view.explorer
2024-01-12 14:17:11.718 [info] Added views:workbench.scm in workbench.view.scm
2024-01-12 14:17:11.718 [info] Added views:workbench.view.search in workbench.view.search
2024-01-12 14:17:11.718 [info] Added views:workbench.panel.output in workbench.views.service.panel.2370aed2-384e-457a-b7b8-729fddeb515f
2024-01-12 14:17:11.718 [info] Added views:timeline in workbench.view.explorer
2024-01-12 14:17:11.718 [info] Added views:workbench.explorer.fileView in workbench.view.explorer
2024-01-12 14:17:11.847 [info] Added views:workbench.debug.welcome in workbench.view.debug
2024-01-12 14:17:12.356 [info] Added views:workbench.panel.repl.view in workbench.panel.repl
2024-01-12 14:17:12.472 [info] Added views:~remote.forwardedPorts in ~remote.forwardedPortsContainer
2024-01-12 14:17:12.576 [info] Added views:workbench.views.extensions.installed,extensions.recommendedList in workbench.view.extensions
2024-01-12 14:17:12.734 [info] Added views:workbench.view.testing in workbench.view.extension.test
2024-01-12 16:53:45.275 [info] Removed views:workbench.view.testing from workbench.view.extension.test
