2024-01-18 10:03:56.691 [info] Log level: Info
2024-01-18 10:03:56.691 [info] Validating found git in: "git"
2024-01-18 10:03:56.691 [info] Using git "2.43.0" from "git"
2024-01-18 10:03:56.691 [info] > git rev-parse --show-toplevel [6ms]
2024-01-18 10:03:56.691 [info] > git rev-parse --git-dir --git-common-dir [9ms]
2024-01-18 10:03:56.691 [info] Open repository: /home/neutron/Documents/spacestuff/git/FWHMscripts
2024-01-18 10:03:56.712 [info] > git rev-parse --show-toplevel [15ms]
2024-01-18 10:03:56.712 [info] > git config --get commit.template [17ms]
2024-01-18 10:03:56.798 [info] > git rev-parse --show-toplevel [76ms]
2024-01-18 10:03:56.808 [info] > git show --textconv HEAD:main.py [5ms]
2024-01-18 10:03:56.808 [info] > git ls-tree -l HEAD -- /home/neutron/Documents/spacestuff/git/FWHMscripts/main.py [2ms]
2024-01-18 10:03:56.809 [info] > git for-each-ref --format=%(refname)%00%(upstream:short)%00%(objectname)%00%(upstream:track)%00%(upstream:remotename)%00%(upstream:remoteref) refs/heads/main refs/remotes/main [19ms]
2024-01-18 10:03:56.821 [info] > git ls-tree -l HEAD -- /home/neutron/Documents/spacestuff/git/FWHMscripts/main.py [5ms]
2024-01-18 10:03:56.823 [info] > git status -z -uall [2ms]
2024-01-18 10:03:56.831 [info] > git fetch [191ms]
2024-01-18 10:03:56.836 [info] > git config --get commit.template [5ms]
2024-01-18 10:03:56.836 [info] > git config --get commit.template [1ms]
2024-01-18 10:03:56.844 [info] > git for-each-ref --format=%(refname)%00%(upstream:short)%00%(objectname)%00%(upstream:track)%00%(upstream:remotename)%00%(upstream:remoteref) refs/heads/main refs/remotes/main [4ms]
2024-01-18 10:03:56.845 [info] > git for-each-ref --format=%(refname)%00%(upstream:short)%00%(objectname)%00%(upstream:track)%00%(upstream:remotename)%00%(upstream:remoteref) refs/heads/main refs/remotes/main [1ms]
2024-01-18 10:03:56.878 [info] > git status -z -uall [1ms]
2024-01-18 10:03:57.203 [info] > git check-ignore -v -z --stdin [0ms]
2024-01-18 10:03:57.753 [info] > git ls-tree -l HEAD -- /home/neutron/Documents/spacestuff/git/FWHMscripts/main.py [1ms]
2024-01-18 10:04:42.899 [info] > git ls-tree -l HEAD -- /home/neutron/Documents/spacestuff/git/FWHMscripts/main.py [1ms]
2024-01-18 10:05:02.591 [info] > git ls-tree -l HEAD -- /home/neutron/Documents/spacestuff/git/FWHMscripts/main.py [1ms]
2024-01-18 10:06:39.385 [info] > git ls-tree -l HEAD -- /home/neutron/Documents/spacestuff/git/FWHMscripts/main.py [0ms]
2024-01-18 10:06:40.968 [info] > git ls-tree -l HEAD -- /home/neutron/Documents/spacestuff/git/FWHMscripts/main.py [1ms]
2024-01-18 10:06:49.100 [info] > git ls-tree -l HEAD -- /home/neutron/Documents/spacestuff/git/FWHMscripts/main.py [1ms]
2024-01-18 10:07:45.358 [info] > git ls-tree -l HEAD -- /home/neutron/Documents/spacestuff/git/FWHMscripts/main.py [1ms]
2024-01-18 10:07:45.525 [info] > git fetch [173ms]
2024-01-18 10:07:45.533 [info] > git config --get commit.template [4ms]
2024-01-18 10:07:45.534 [info] > git for-each-ref --format=%(refname)%00%(upstream:short)%00%(objectname)%00%(upstream:track)%00%(upstream:remotename)%00%(upstream:remoteref) refs/heads/main refs/remotes/main [1ms]
2024-01-18 10:07:45.538 [info] > git status -z -uall [1ms]
2024-01-18 10:07:46.655 [info] > git config --get commit.template [1ms]
2024-01-18 10:07:46.660 [info] > git for-each-ref --format=%(refname)%00%(upstream:short)%00%(objectname)%00%(upstream:track)%00%(upstream:remotename)%00%(upstream:remoteref) refs/heads/main refs/remotes/main [0ms]
2024-01-18 10:07:46.664 [info] > git status -z -uall [1ms]
2024-01-18 10:07:46.763 [info] > git ls-tree -l HEAD -- /home/neutron/Documents/spacestuff/git/FWHMscripts/main.py [3ms]
2024-01-18 10:07:46.780 [info] > git show --textconv HEAD:main.py [3ms]
2024-01-18 10:07:49.622 [info] > git ls-tree -l HEAD -- /home/neutron/Documents/spacestuff/git/FWHMscripts/main.py [1ms]
2024-01-18 10:07:51.676 [info] > git config --get commit.template [4ms]
2024-01-18 10:07:51.676 [info] > git for-each-ref --format=%(refname)%00%(upstream:short)%00%(objectname)%00%(upstream:track)%00%(upstream:remotename)%00%(upstream:remoteref) refs/heads/main refs/remotes/main [1ms]
2024-01-18 10:07:51.681 [info] > git status -z -uall [1ms]
2024-01-18 10:07:58.489 [info] > git ls-tree -l HEAD -- /home/neutron/Documents/spacestuff/git/FWHMscripts/main.py [1ms]
2024-01-18 10:08:56.488 [info] > git ls-tree -l HEAD -- /home/neutron/Documents/spacestuff/git/FWHMscripts/main.py [0ms]
2024-01-18 10:09:21.401 [info] > git ls-tree -l HEAD -- /home/neutron/Documents/spacestuff/git/FWHMscripts/main.py [1ms]
