2024-01-21 13:31:27.132 [info] Log level: Info
2024-01-21 13:31:27.132 [info] Validating found git in: "git"
2024-01-21 13:31:27.132 [info] Using git "2.43.0" from "git"
2024-01-21 13:31:27.132 [info] > git rev-parse --show-toplevel [30ms]
2024-01-21 13:31:27.132 [info] > git rev-parse --git-dir --git-common-dir [30ms]
2024-01-21 13:31:27.132 [info] Open repository: /home/neutron/Documents/spacestuff/git/instrument-magnitude
2024-01-21 13:31:27.154 [info] > git config --get commit.template [15ms]
2024-01-21 13:31:27.357 [info] > git for-each-ref --format=%(refname)%00%(upstream:short)%00%(objectname)%00%(upstream:track)%00%(upstream:remotename)%00%(upstream:remoteref) refs/heads/main refs/remotes/main [178ms]
2024-01-21 13:31:27.358 [info] > git fetch [229ms]
2024-01-21 13:31:27.391 [info] > git config --get commit.template [24ms]
2024-01-21 13:31:27.446 [info] > git for-each-ref --format=%(refname)%00%(upstream:short)%00%(objectname)%00%(upstream:track)%00%(upstream:remotename)%00%(upstream:remoteref) refs/heads/main refs/remotes/main [38ms]
2024-01-21 13:31:27.456 [info] > git config --get commit.template [29ms]
2024-01-21 13:31:27.528 [info] > git for-each-ref --format=%(refname)%00%(upstream:short)%00%(objectname)%00%(upstream:track)%00%(upstream:remotename)%00%(upstream:remoteref) refs/heads/main refs/remotes/main [11ms]
2024-01-21 13:31:27.540 [info] > git status -z -uall [3ms]
2024-01-21 13:44:24.180 [info] > git fetch [135ms]
2024-01-21 13:44:24.202 [info] > git config --get commit.template [12ms]
2024-01-21 13:44:24.203 [info] > git for-each-ref --format=%(refname)%00%(upstream:short)%00%(objectname)%00%(upstream:track)%00%(upstream:remotename)%00%(upstream:remoteref) refs/heads/main refs/remotes/main [2ms]
2024-01-21 13:44:24.213 [info] > git status -z -uall [2ms]
2024-01-21 14:05:23.112 [info] > git config --get commit.template [9ms]
2024-01-21 14:05:23.112 [info] > git for-each-ref --format=%(refname)%00%(upstream:short)%00%(objectname)%00%(upstream:track)%00%(upstream:remotename)%00%(upstream:remoteref) refs/heads/main refs/remotes/main [1ms]
2024-01-21 14:05:23.124 [info] > git status -z -uall [2ms]
2024-01-21 14:05:23.245 [info] > git fetch [149ms]
2024-01-21 14:05:23.264 [info] > git config --get commit.template [8ms]
2024-01-21 14:05:23.265 [info] > git for-each-ref --format=%(refname)%00%(upstream:short)%00%(objectname)%00%(upstream:track)%00%(upstream:remotename)%00%(upstream:remoteref) refs/heads/main refs/remotes/main [1ms]
2024-01-21 14:05:23.273 [info] > git status -z -uall [1ms]
2024-01-21 14:08:39.184 [info] > git config --get commit.template [15ms]
2024-01-21 14:08:39.186 [info] > git for-each-ref --format=%(refname)%00%(upstream:short)%00%(objectname)%00%(upstream:track)%00%(upstream:remotename)%00%(upstream:remoteref) refs/heads/main refs/remotes/main [2ms]
2024-01-21 14:08:39.200 [info] > git status -z -uall [3ms]
2024-01-21 14:08:39.309 [info] > git fetch [154ms]
2024-01-21 14:08:39.331 [info] > git config --get commit.template [11ms]
2024-01-21 14:08:39.332 [info] > git for-each-ref --format=%(refname)%00%(upstream:short)%00%(objectname)%00%(upstream:track)%00%(upstream:remotename)%00%(upstream:remoteref) refs/heads/main refs/remotes/main [3ms]
2024-01-21 14:08:39.348 [info] > git status -z -uall [4ms]
2024-01-21 14:11:07.755 [info] > git config --get commit.template [19ms]
2024-01-21 14:11:07.758 [info] > git for-each-ref --format=%(refname)%00%(upstream:short)%00%(objectname)%00%(upstream:track)%00%(upstream:remotename)%00%(upstream:remoteref) refs/heads/main refs/remotes/main [3ms]
2024-01-21 14:11:07.777 [info] > git status -z -uall [3ms]
