2024-01-21 14:14:52.327 [info] Extension host with pid 1957821 started
2024-01-21 14:14:52.327 [info] Skipping acquiring lock for /home/neutron/.config/Code - OSS/User/workspaceStorage/8c39811a2dd1f9b192e0d838bac7edb9.
2024-01-21 14:14:52.358 [info] ExtensionService#_doActivateExtension eamodio.gitlens, startup: false, activationEvent: 'onWebviewPanel:gitlens.welcome'
2024-01-21 14:14:52.616 [info] ExtensionService#_doActivateExtension vscode.git-base, startup: false, activationEvent: 'api', root cause: eamodio.gitlens
2024-01-21 14:14:52.634 [info] ExtensionService#_doActivateExtension KnisterPeter.vscode-github, startup: true, activationEvent: '*'
2024-01-21 14:14:52.736 [info] ExtensionService#_doActivateExtension mhutchie.git-graph, startup: true, activationEvent: '*'
2024-01-21 14:14:52.800 [info] ExtensionService#_doActivateExtension vscode.git, startup: false, activationEvent: 'api', root cause: eamodio.gitlens
2024-01-21 14:14:52.893 [info] ExtensionService#_doActivateExtension vscode.github, startup: true, activationEvent: '*'
2024-01-21 14:14:53.053 [info] Eager extensions activated
2024-01-21 14:14:53.166 [info] ExtensionService#_doActivateExtension vscode.debug-auto-launch, startup: false, activationEvent: 'onStartupFinished'
2024-01-21 14:14:53.168 [info] ExtensionService#_doActivateExtension vscode.merge-conflict, startup: false, activationEvent: 'onStartupFinished'
2024-01-21 14:14:53.190 [info] ExtensionService#_doActivateExtension Catppuccin.catppuccin-vsc, startup: false, activationEvent: 'onStartupFinished'
2024-01-21 14:14:53.196 [info] ExtensionService#_doActivateExtension waderyan.gitblame, startup: false, activationEvent: 'onStartupFinished'
2024-01-21 14:14:53.407 [info] ExtensionService#_doActivateExtension vscode.json-language-features, startup: false, activationEvent: 'onLanguage:jsonc'
2024-01-21 14:14:53.475 [info] ExtensionService#_doActivateExtension vscode.typescript-language-features, startup: false, activationEvent: 'onLanguage:jsonc'
2024-01-21 14:14:53.550 [info] ExtensionService#_doActivateExtension vscode.emmet, startup: false, activationEvent: 'onLanguage'
2024-01-21 14:14:53.652 [info] ExtensionService#_doActivateExtension vscode.github-authentication, startup: false, activationEvent: 'onAuthenticationRequest:github'
2024-01-21 14:15:27.060 [info] Extension host terminating: renderer closed the MessagePort
2024-01-21 14:15:27.117 [error] Canceled: Canceled
	at new g (/usr/lib/code/out/vs/workbench/api/node/extensionHostProcess.js:141:110274)
	at l.U (/usr/lib/code/out/vs/workbench/api/node/extensionHostProcess.js:150:10866)
	at P.<computed>.j.charCodeAt.P.<computed> (/usr/lib/code/out/vs/workbench/api/node/extensionHostProcess.js:150:8317)
	at d.g (/usr/lib/code/out/vs/workbench/api/node/extensionHostProcess.js:141:139555)
	at d.executeCommand (/usr/lib/code/out/vs/workbench/api/node/extensionHostProcess.js:141:138993)
	at p.registerCommand.description (/usr/lib/code/out/vs/workbench/api/node/extensionHostProcess.js:141:138317)
	at d.h (/usr/lib/code/out/vs/workbench/api/node/extensionHostProcess.js:141:140094)
	at d.g (/usr/lib/code/out/vs/workbench/api/node/extensionHostProcess.js:141:139086)
	at d.executeCommand (/usr/lib/code/out/vs/workbench/api/node/extensionHostProcess.js:141:138993)
	at Object.executeCommand (/usr/lib/code/out/vs/workbench/api/node/extensionHostProcess.js:158:21333)
	at f.I [as value] (/usr/lib/code/extensions/git/dist/main.js:2:924696)
	at n.y (/usr/lib/code/out/vs/workbench/api/node/extensionHostProcess.js:80:1902)
	at n.z (/usr/lib/code/out/vs/workbench/api/node/extensionHostProcess.js:80:1972)
	at n.fire (/usr/lib/code/out/vs/workbench/api/node/extensionHostProcess.js:80:2188)
	at Object.m [as dispose] (/usr/lib/code/extensions/git/dist/main.js:2:940613)
	at /usr/lib/code/extensions/git/dist/main.js:2:945566
	at Array.forEach (<anonymous>)
	at p.dispose (/usr/lib/code/extensions/git/dist/main.js:2:945552)
	at u.<anonymous> (/usr/lib/code/out/vs/workbench/api/node/extensionHostProcess.js:137:3620)
	at u.dispose (/usr/lib/code/out/vs/workbench/api/node/extensionHostProcess.js:137:3717)
	at u.<anonymous> (/usr/lib/code/extensions/git/dist/main.js:2:926708)
	at u.dispose (/usr/lib/code/out/vs/workbench/api/node/extensionHostProcess.js:137:3717)
	at s (/usr/lib/code/out/vs/workbench/api/node/extensionHostProcess.js:30:754)
	at f.cb (/usr/lib/code/out/vs/workbench/api/node/extensionHostProcess.js:154:9873)
	at /usr/lib/code/out/vs/workbench/api/node/extensionHostProcess.js:154:7808
	at Array.map (<anonymous>)
	at f.Y (/usr/lib/code/out/vs/workbench/api/node/extensionHostProcess.js:154:7795)
	at f.terminate (/usr/lib/code/out/vs/workbench/api/node/extensionHostProcess.js:154:8068)
	at s.terminate (/usr/lib/code/out/vs/workbench/api/node/extensionHostProcess.js:158:1513)
	at a (/usr/lib/code/out/vs/workbench/api/node/extensionHostProcess.js:171:9802)
	at MessagePortMain.<anonymous> (/usr/lib/code/out/vs/workbench/api/node/extensionHostProcess.js:171:6227)
	at MessagePortMain.emit (node:events:513:28)
	at MessagePortMain._internalPort.emit (node:electron/js2c/utility_init:2:367) setContext undefined
2024-01-21 14:15:27.119 [error] Canceled: Canceled
	at new g (/usr/lib/code/out/vs/workbench/api/node/extensionHostProcess.js:141:110274)
	at l.U (/usr/lib/code/out/vs/workbench/api/node/extensionHostProcess.js:150:10866)
	at P.<computed>.j.charCodeAt.P.<computed> (/usr/lib/code/out/vs/workbench/api/node/extensionHostProcess.js:150:8317)
	at d.g (/usr/lib/code/out/vs/workbench/api/node/extensionHostProcess.js:141:139555)
	at d.executeCommand (/usr/lib/code/out/vs/workbench/api/node/extensionHostProcess.js:141:138993)
	at p.registerCommand.description (/usr/lib/code/out/vs/workbench/api/node/extensionHostProcess.js:141:138317)
	at d.h (/usr/lib/code/out/vs/workbench/api/node/extensionHostProcess.js:141:140094)
	at d.g (/usr/lib/code/out/vs/workbench/api/node/extensionHostProcess.js:141:139086)
	at d.executeCommand (/usr/lib/code/out/vs/workbench/api/node/extensionHostProcess.js:141:138993)
	at Object.executeCommand (/usr/lib/code/out/vs/workbench/api/node/extensionHostProcess.js:158:21333)
	at set b [as b] (/usr/lib/code/extensions/github/dist/extension.js:2:322364)
	at /usr/lib/code/extensions/github/dist/extension.js:2:323005
	at f.value (/usr/lib/code/extensions/git/dist/main.js:2:1016450)
	at n.y (/usr/lib/code/out/vs/workbench/api/node/extensionHostProcess.js:80:1902)
	at n.z (/usr/lib/code/out/vs/workbench/api/node/extensionHostProcess.js:80:1972)
	at n.fire (/usr/lib/code/out/vs/workbench/api/node/extensionHostProcess.js:80:2188)
	at Object.m [as dispose] (/usr/lib/code/extensions/git/dist/main.js:2:940613)
	at /usr/lib/code/extensions/git/dist/main.js:2:945566
	at Array.forEach (<anonymous>)
	at p.dispose (/usr/lib/code/extensions/git/dist/main.js:2:945552)
	at u.<anonymous> (/usr/lib/code/out/vs/workbench/api/node/extensionHostProcess.js:137:3620)
	at u.dispose (/usr/lib/code/out/vs/workbench/api/node/extensionHostProcess.js:137:3717)
	at u.<anonymous> (/usr/lib/code/extensions/git/dist/main.js:2:926708)
	at u.dispose (/usr/lib/code/out/vs/workbench/api/node/extensionHostProcess.js:137:3717)
	at s (/usr/lib/code/out/vs/workbench/api/node/extensionHostProcess.js:30:754)
	at f.cb (/usr/lib/code/out/vs/workbench/api/node/extensionHostProcess.js:154:9873)
	at /usr/lib/code/out/vs/workbench/api/node/extensionHostProcess.js:154:7808
	at Array.map (<anonymous>)
	at f.Y (/usr/lib/code/out/vs/workbench/api/node/extensionHostProcess.js:154:7795)
	at f.terminate (/usr/lib/code/out/vs/workbench/api/node/extensionHostProcess.js:154:8068)
	at s.terminate (/usr/lib/code/out/vs/workbench/api/node/extensionHostProcess.js:158:1513)
	at a (/usr/lib/code/out/vs/workbench/api/node/extensionHostProcess.js:171:9802)
	at MessagePortMain.<anonymous> (/usr/lib/code/out/vs/workbench/api/node/extensionHostProcess.js:171:6227)
	at MessagePortMain.emit (node:events:513:28)
	at MessagePortMain._internalPort.emit (node:electron/js2c/utility_init:2:367) setContext undefined
2024-01-21 14:15:27.125 [error] Canceled: Canceled
	at new g (/usr/lib/code/out/vs/workbench/api/node/extensionHostProcess.js:141:110274)
	at l.U (/usr/lib/code/out/vs/workbench/api/node/extensionHostProcess.js:150:10866)
	at P.<computed>.j.charCodeAt.P.<computed> (/usr/lib/code/out/vs/workbench/api/node/extensionHostProcess.js:150:8317)
	at d.g (/usr/lib/code/out/vs/workbench/api/node/extensionHostProcess.js:141:139555)
	at d.executeCommand (/usr/lib/code/out/vs/workbench/api/node/extensionHostProcess.js:141:138993)
	at p.registerCommand.description (/usr/lib/code/out/vs/workbench/api/node/extensionHostProcess.js:141:138317)
	at d.h (/usr/lib/code/out/vs/workbench/api/node/extensionHostProcess.js:141:140094)
	at d.g (/usr/lib/code/out/vs/workbench/api/node/extensionHostProcess.js:141:139086)
	at d.executeCommand (/usr/lib/code/out/vs/workbench/api/node/extensionHostProcess.js:141:138993)
	at Object.executeCommand (/usr/lib/code/out/vs/workbench/api/node/extensionHostProcess.js:158:21333)
	at w (/home/neutron/.vscode-oss/extensions/eamodio.gitlens-14.7.0-universal/dist/gitlens.js:1077:40655)
	at h (/home/neutron/.vscode-oss/extensions/eamodio.gitlens-14.7.0-universal/dist/gitlens.js:1077:45702)
	at ActionRunners._updateContextKeys (/home/neutron/.vscode-oss/extensions/eamodio.gitlens-14.7.0-universal/dist/gitlens.js:663:17573)
	at s (/home/neutron/.vscode-oss/extensions/eamodio.gitlens-14.7.0-universal/dist/gitlens.js:663:16017)
	at RegisteredActionRunner.unregister (/home/neutron/.vscode-oss/extensions/eamodio.gitlens-14.7.0-universal/dist/gitlens.js:663:16160)
	at RegisteredActionRunner.dispose (/home/neutron/.vscode-oss/extensions/eamodio.gitlens-14.7.0-universal/dist/gitlens.js:663:14813)
	at ActionRunners.dispose (/home/neutron/.vscode-oss/extensions/eamodio.gitlens-14.7.0-universal/dist/gitlens.js:663:15600)
	at /home/neutron/.vscode-oss/extensions/eamodio.gitlens-14.7.0-universal/dist/gitlens.js:1037:19287
	at Array.forEach (<anonymous>)
	at Object.dispose (/home/neutron/.vscode-oss/extensions/eamodio.gitlens-14.7.0-universal/dist/gitlens.js:1037:19269)
	at s (/usr/lib/code/out/vs/workbench/api/node/extensionHostProcess.js:30:754)
	at f.cb (/usr/lib/code/out/vs/workbench/api/node/extensionHostProcess.js:154:9873)
	at /usr/lib/code/out/vs/workbench/api/node/extensionHostProcess.js:154:7808
	at Array.map (<anonymous>)
	at f.Y (/usr/lib/code/out/vs/workbench/api/node/extensionHostProcess.js:154:7795)
	at f.terminate (/usr/lib/code/out/vs/workbench/api/node/extensionHostProcess.js:154:8068)
	at s.terminate (/usr/lib/code/out/vs/workbench/api/node/extensionHostProcess.js:158:1513)
	at a (/usr/lib/code/out/vs/workbench/api/node/extensionHostProcess.js:171:9802)
	at MessagePortMain.<anonymous> (/usr/lib/code/out/vs/workbench/api/node/extensionHostProcess.js:171:6227)
	at MessagePortMain.emit (node:events:513:28)
	at MessagePortMain._internalPort.emit (node:electron/js2c/utility_init:2:367) setContext undefined
2024-01-21 14:15:27.125 [error] Canceled: Canceled
	at new g (/usr/lib/code/out/vs/workbench/api/node/extensionHostProcess.js:141:110274)
	at l.U (/usr/lib/code/out/vs/workbench/api/node/extensionHostProcess.js:150:10866)
	at P.<computed>.j.charCodeAt.P.<computed> (/usr/lib/code/out/vs/workbench/api/node/extensionHostProcess.js:150:8317)
	at d.g (/usr/lib/code/out/vs/workbench/api/node/extensionHostProcess.js:141:139555)
	at d.executeCommand (/usr/lib/code/out/vs/workbench/api/node/extensionHostProcess.js:141:138993)
	at p.registerCommand.description (/usr/lib/code/out/vs/workbench/api/node/extensionHostProcess.js:141:138317)
	at d.h (/usr/lib/code/out/vs/workbench/api/node/extensionHostProcess.js:141:140094)
	at d.g (/usr/lib/code/out/vs/workbench/api/node/extensionHostProcess.js:141:139086)
	at d.executeCommand (/usr/lib/code/out/vs/workbench/api/node/extensionHostProcess.js:141:138993)
	at Object.executeCommand (/usr/lib/code/out/vs/workbench/api/node/extensionHostProcess.js:158:21333)
	at w (/home/neutron/.vscode-oss/extensions/eamodio.gitlens-14.7.0-universal/dist/gitlens.js:1077:40655)
	at h (/home/neutron/.vscode-oss/extensions/eamodio.gitlens-14.7.0-universal/dist/gitlens.js:1077:45702)
	at ActionRunners._updateContextKeys (/home/neutron/.vscode-oss/extensions/eamodio.gitlens-14.7.0-universal/dist/gitlens.js:663:17573)
	at s (/home/neutron/.vscode-oss/extensions/eamodio.gitlens-14.7.0-universal/dist/gitlens.js:663:16017)
	at RegisteredActionRunner.unregister (/home/neutron/.vscode-oss/extensions/eamodio.gitlens-14.7.0-universal/dist/gitlens.js:663:16160)
	at RegisteredActionRunner.dispose (/home/neutron/.vscode-oss/extensions/eamodio.gitlens-14.7.0-universal/dist/gitlens.js:663:14813)
	at ActionRunners.dispose (/home/neutron/.vscode-oss/extensions/eamodio.gitlens-14.7.0-universal/dist/gitlens.js:663:15600)
	at /home/neutron/.vscode-oss/extensions/eamodio.gitlens-14.7.0-universal/dist/gitlens.js:1037:19287
	at Array.forEach (<anonymous>)
	at Object.dispose (/home/neutron/.vscode-oss/extensions/eamodio.gitlens-14.7.0-universal/dist/gitlens.js:1037:19269)
	at s (/usr/lib/code/out/vs/workbench/api/node/extensionHostProcess.js:30:754)
	at f.cb (/usr/lib/code/out/vs/workbench/api/node/extensionHostProcess.js:154:9873)
	at /usr/lib/code/out/vs/workbench/api/node/extensionHostProcess.js:154:7808
	at Array.map (<anonymous>)
	at f.Y (/usr/lib/code/out/vs/workbench/api/node/extensionHostProcess.js:154:7795)
	at f.terminate (/usr/lib/code/out/vs/workbench/api/node/extensionHostProcess.js:154:8068)
	at s.terminate (/usr/lib/code/out/vs/workbench/api/node/extensionHostProcess.js:158:1513)
	at a (/usr/lib/code/out/vs/workbench/api/node/extensionHostProcess.js:171:9802)
	at MessagePortMain.<anonymous> (/usr/lib/code/out/vs/workbench/api/node/extensionHostProcess.js:171:6227)
	at MessagePortMain.emit (node:events:513:28)
	at MessagePortMain._internalPort.emit (node:electron/js2c/utility_init:2:367) setContext undefined
2024-01-21 14:15:27.126 [error] Canceled: Canceled
	at new g (/usr/lib/code/out/vs/workbench/api/node/extensionHostProcess.js:141:110274)
	at l.U (/usr/lib/code/out/vs/workbench/api/node/extensionHostProcess.js:150:10866)
	at P.<computed>.j.charCodeAt.P.<computed> (/usr/lib/code/out/vs/workbench/api/node/extensionHostProcess.js:150:8317)
	at d.g (/usr/lib/code/out/vs/workbench/api/node/extensionHostProcess.js:141:139555)
	at d.executeCommand (/usr/lib/code/out/vs/workbench/api/node/extensionHostProcess.js:141:138993)
	at p.registerCommand.description (/usr/lib/code/out/vs/workbench/api/node/extensionHostProcess.js:141:138317)
	at d.h (/usr/lib/code/out/vs/workbench/api/node/extensionHostProcess.js:141:140094)
	at d.g (/usr/lib/code/out/vs/workbench/api/node/extensionHostProcess.js:141:139086)
	at d.executeCommand (/usr/lib/code/out/vs/workbench/api/node/extensionHostProcess.js:141:138993)
	at Object.executeCommand (/usr/lib/code/out/vs/workbench/api/node/extensionHostProcess.js:158:21333)
	at w (/home/neutron/.vscode-oss/extensions/eamodio.gitlens-14.7.0-universal/dist/gitlens.js:1077:40655)
	at h (/home/neutron/.vscode-oss/extensions/eamodio.gitlens-14.7.0-universal/dist/gitlens.js:1077:45702)
	at ActionRunners._updateContextKeys (/home/neutron/.vscode-oss/extensions/eamodio.gitlens-14.7.0-universal/dist/gitlens.js:663:17573)
	at s (/home/neutron/.vscode-oss/extensions/eamodio.gitlens-14.7.0-universal/dist/gitlens.js:663:16017)
	at RegisteredActionRunner.unregister (/home/neutron/.vscode-oss/extensions/eamodio.gitlens-14.7.0-universal/dist/gitlens.js:663:16160)
	at RegisteredActionRunner.dispose (/home/neutron/.vscode-oss/extensions/eamodio.gitlens-14.7.0-universal/dist/gitlens.js:663:14813)
	at ActionRunners.dispose (/home/neutron/.vscode-oss/extensions/eamodio.gitlens-14.7.0-universal/dist/gitlens.js:663:15600)
	at /home/neutron/.vscode-oss/extensions/eamodio.gitlens-14.7.0-universal/dist/gitlens.js:1037:19287
	at Array.forEach (<anonymous>)
	at Object.dispose (/home/neutron/.vscode-oss/extensions/eamodio.gitlens-14.7.0-universal/dist/gitlens.js:1037:19269)
	at s (/usr/lib/code/out/vs/workbench/api/node/extensionHostProcess.js:30:754)
	at f.cb (/usr/lib/code/out/vs/workbench/api/node/extensionHostProcess.js:154:9873)
	at /usr/lib/code/out/vs/workbench/api/node/extensionHostProcess.js:154:7808
	at Array.map (<anonymous>)
	at f.Y (/usr/lib/code/out/vs/workbench/api/node/extensionHostProcess.js:154:7795)
	at f.terminate (/usr/lib/code/out/vs/workbench/api/node/extensionHostProcess.js:154:8068)
	at s.terminate (/usr/lib/code/out/vs/workbench/api/node/extensionHostProcess.js:158:1513)
	at a (/usr/lib/code/out/vs/workbench/api/node/extensionHostProcess.js:171:9802)
	at MessagePortMain.<anonymous> (/usr/lib/code/out/vs/workbench/api/node/extensionHostProcess.js:171:6227)
	at MessagePortMain.emit (node:events:513:28)
	at MessagePortMain._internalPort.emit (node:electron/js2c/utility_init:2:367) setContext undefined
2024-01-21 14:15:27.128 [info] Extension host with pid 1957821 exiting with code 0
