2024-01-04 13:20:59.221 [info] Added views:workbench.panel.markers.view in workbench.panel.markers
2024-01-04 13:20:59.221 [info] Added views:terminal in terminal
2024-01-04 13:20:59.221 [info] Added views:outline in workbench.view.explorer
2024-01-04 13:20:59.221 [info] Added views:workbench.scm in workbench.view.scm
2024-01-04 13:20:59.221 [info] Added views:workbench.view.search in workbench.view.search
2024-01-04 13:20:59.221 [info] Added views:workbench.panel.output in workbench.views.service.panel.2370aed2-384e-457a-b7b8-729fddeb515f
2024-01-04 13:20:59.221 [info] Added views:timeline in workbench.view.explorer
2024-01-04 13:20:59.221 [info] Added views:workbench.explorer.fileView in workbench.view.explorer
2024-01-04 13:20:59.523 [info] Added views:workbench.debug.welcome in workbench.view.debug
2024-01-04 13:20:59.997 [info] Added views:workbench.panel.repl.view in workbench.panel.repl
2024-01-04 13:21:00.380 [info] Added views:workbench.view.testing in workbench.view.extension.test
2024-01-04 13:21:00.624 [info] Added views:~remote.forwardedPorts in ~remote.forwardedPortsContainer
2024-01-04 13:21:06.191 [info] Added views:workbench.views.extensions.installed,workbench.views.extensions.popular,extensions.recommendedList in workbench.view.extensions
2024-01-04 13:21:06.194 [info] Removed views:workbench.views.extensions.popular from workbench.view.extensions
2024-01-04 13:21:36.426 [info] Removed views:workbench.view.testing from workbench.view.extension.test
2024-01-04 13:21:37.209 [info] Added views:workbench.panel.markers.view in workbench.panel.markers
2024-01-04 13:21:37.209 [info] Added views:terminal in terminal
2024-01-04 13:21:37.209 [info] Added views:outline in workbench.view.explorer
2024-01-04 13:21:37.209 [info] Added views:workbench.scm in workbench.view.scm
2024-01-04 13:21:37.209 [info] Added views:workbench.view.search in workbench.view.search
2024-01-04 13:21:37.209 [info] Added views:workbench.panel.output in workbench.views.service.panel.2370aed2-384e-457a-b7b8-729fddeb515f
2024-01-04 13:21:37.209 [info] Added views:timeline in workbench.view.explorer
2024-01-04 13:21:37.209 [info] Added views:workbench.explorer.fileView in workbench.view.explorer
2024-01-04 13:21:37.363 [info] Added views:workbench.debug.welcome in workbench.view.debug
2024-01-04 13:21:37.935 [info] Added views:workbench.panel.repl.view in workbench.panel.repl
2024-01-04 13:21:37.986 [info] Added views:~remote.forwardedPorts in ~remote.forwardedPortsContainer
2024-01-04 13:21:38.064 [info] Added views:workbench.views.extensions.installed,extensions.recommendedList in workbench.view.extensions
2024-01-04 13:21:38.332 [info] Added views:workbench.view.testing in workbench.view.extension.test
