2024-01-21 14:15:33.143 [info] Reading sessions from keychain...
2024-01-21 14:15:33.143 [info] Getting sessions for all scopes...
2024-01-21 14:15:33.143 [info] Got stored sessions!
2024-01-21 14:15:33.143 [info] Got 1 verified sessions.
2024-01-21 14:15:33.143 [info] Got 1 sessions for ...
2024-01-21 14:15:33.143 [info] Getting sessions for read:user,repo,user:email,workflow...
2024-01-21 14:15:33.143 [info] Got 1 sessions for read:user,repo,user:email,workflow...
2024-01-21 14:15:33.215 [info] Getting sessions for all scopes...
2024-01-21 14:15:33.215 [info] Got 1 sessions for ...
2024-01-21 14:15:59.847 [info] Reading sessions from keychain...
2024-01-21 14:15:59.847 [info] Getting sessions for all scopes...
2024-01-21 14:15:59.847 [info] Got stored sessions!
2024-01-21 14:15:59.847 [info] Got 1 verified sessions.
2024-01-21 14:15:59.847 [info] Got 1 sessions for ...
2024-01-21 14:15:59.847 [info] Getting sessions for all scopes...
2024-01-21 14:15:59.847 [info] Got 1 sessions for ...
2024-01-21 14:15:59.847 [info] Getting sessions for read:user,repo,user:email,workflow...
2024-01-21 14:15:59.847 [info] Got 1 sessions for read:user,repo,user:email,workflow...
2024-01-21 14:16:00.133 [info] Getting sessions for read:user,repo,user:email,workflow...
2024-01-21 14:16:00.133 [info] Got 1 sessions for read:user,repo,user:email,workflow...
2024-01-21 14:16:17.632 [info] Getting sessions for read:user,repo,user:email...
2024-01-21 14:16:17.632 [info] Got 0 sessions for read:user,repo,user:email...
2024-01-21 14:16:59.495 [info] Reading sessions from keychain...
2024-01-21 14:16:59.495 [info] Getting sessions for all scopes...
2024-01-21 14:16:59.495 [info] Got stored sessions!
2024-01-21 14:16:59.495 [info] Got 1 verified sessions.
2024-01-21 14:16:59.495 [info] Got 1 sessions for ...
2024-01-21 14:16:59.495 [info] Getting sessions for all scopes...
2024-01-21 14:16:59.495 [info] Got 1 sessions for ...
2024-01-21 14:16:59.495 [info] Getting sessions for read:user,repo,user:email,workflow...
2024-01-21 14:16:59.495 [info] Got 1 sessions for read:user,repo,user:email,workflow...
2024-01-21 14:16:59.879 [info] Getting sessions for read:user,repo,user:email,workflow...
2024-01-21 14:16:59.879 [info] Got 1 sessions for read:user,repo,user:email,workflow...
2024-01-21 14:53:55.738 [info] Getting sessions for read:user,repo,user:email,workflow...
2024-01-21 14:53:55.738 [info] Got 1 sessions for read:user,repo,user:email,workflow...
2024-01-21 17:18:13.722 [info] Getting sessions for read:user,repo,user:email,workflow...
2024-01-21 17:18:13.722 [info] Got 1 sessions for read:user,repo,user:email,workflow...
2024-01-21 18:07:09.216 [info] Getting sessions for read:user,repo,user:email,workflow...
2024-01-21 18:07:09.216 [info] Got 1 sessions for read:user,repo,user:email,workflow...
