2024-01-05 14:07:45.267 [info] Extension host with pid 22571 started
2024-01-05 14:07:45.267 [info] Skipping acquiring lock for /home/neutron/.config/Code - OSS/User/workspaceStorage/8c39811a2dd1f9b192e0d838bac7edb9.
2024-01-05 14:07:45.365 [info] ExtensionService#_doActivateExtension vscode.emmet, startup: false, activationEvent: 'onLanguage'
2024-01-05 14:07:45.392 [info] ExtensionService#_doActivateExtension ms-python.python, startup: false, activationEvent: 'onLanguage:python'
2024-01-05 14:07:45.807 [info] ExtensionService#_doActivateExtension vscode.git-base, startup: true, activationEvent: '*', root cause: vscode.git
2024-01-05 14:07:45.812 [info] ExtensionService#_doActivateExtension KnisterPeter.vscode-github, startup: true, activationEvent: '*'
2024-01-05 14:07:46.050 [info] ExtensionService#_doActivateExtension vscode.git, startup: true, activationEvent: '*'
2024-01-05 14:07:46.125 [info] ExtensionService#_doActivateExtension vscode.github, startup: true, activationEvent: '*'
2024-01-05 14:07:46.246 [info] Eager extensions activated
2024-01-05 14:07:46.299 [info] ExtensionService#_doActivateExtension vscode.debug-auto-launch, startup: false, activationEvent: 'onStartupFinished'
2024-01-05 14:07:46.302 [info] ExtensionService#_doActivateExtension vscode.merge-conflict, startup: false, activationEvent: 'onStartupFinished'
2024-01-05 14:07:46.323 [info] ExtensionService#_doActivateExtension Catppuccin.catppuccin-vsc, startup: false, activationEvent: 'onStartupFinished'
2024-01-05 14:07:46.450 [info] ExtensionService#_doActivateExtension vscode.json-language-features, startup: false, activationEvent: 'onLanguage:jsonc'
2024-01-05 14:07:46.515 [info] ExtensionService#_doActivateExtension vscode.typescript-language-features, startup: false, activationEvent: 'onLanguage:jsonc'
2024-01-05 14:07:46.727 [info] ExtensionService#_doActivateExtension vscode.github-authentication, startup: false, activationEvent: 'onAuthenticationRequest:github'
2024-01-05 14:07:47.190 [error] Error: Extension 'ms-python.python' CANNOT use API proposal: testObserver.
Its package.json#enabledApiProposals-property declares:  but NOT testObserver.
 The missing proposal MUST be added and you must start in extension development mode or use the following command line switch: --enable-proposed-api ms-python.python
	at v (/usr/lib/code/out/vs/workbench/api/node/extensionHostProcess.js:138:48007)
	at get testResults [as testResults] (/usr/lib/code/out/vs/workbench/api/node/extensionHostProcess.js:158:23805)
	at T.activate (/home/neutron/.vscode-oss/extensions/ms-python.python-2023.20.0-universal/out/client/extension.js:2:791840)
	at /home/neutron/.vscode-oss/extensions/ms-python.python-2023.20.0-universal/out/client/extension.js:2:2386
	at Array.map (<anonymous>)
	at g.activateWorkspace (/home/neutron/.vscode-oss/extensions/ms-python.python-2023.20.0-universal/out/client/extension.js:2:2376)
2024-01-05 14:08:50.889 [info] Extension host terminating: renderer closed the MessagePort
2024-01-05 14:08:50.912 [error] Canceled: Canceled
	at new g (/usr/lib/code/out/vs/workbench/api/node/extensionHostProcess.js:141:110274)
	at l.U (/usr/lib/code/out/vs/workbench/api/node/extensionHostProcess.js:150:10866)
	at P.<computed>.j.charCodeAt.P.<computed> (/usr/lib/code/out/vs/workbench/api/node/extensionHostProcess.js:150:8317)
	at d.g (/usr/lib/code/out/vs/workbench/api/node/extensionHostProcess.js:141:139555)
	at d.executeCommand (/usr/lib/code/out/vs/workbench/api/node/extensionHostProcess.js:141:138993)
	at p.registerCommand.description (/usr/lib/code/out/vs/workbench/api/node/extensionHostProcess.js:141:138317)
	at d.h (/usr/lib/code/out/vs/workbench/api/node/extensionHostProcess.js:141:140094)
	at d.g (/usr/lib/code/out/vs/workbench/api/node/extensionHostProcess.js:141:139086)
	at d.executeCommand (/usr/lib/code/out/vs/workbench/api/node/extensionHostProcess.js:141:138993)
	at Object.executeCommand (/usr/lib/code/out/vs/workbench/api/node/extensionHostProcess.js:158:21333)
	at f.I [as value] (/usr/lib/code/extensions/git/dist/main.js:2:924696)
	at n.y (/usr/lib/code/out/vs/workbench/api/node/extensionHostProcess.js:80:1902)
	at n.z (/usr/lib/code/out/vs/workbench/api/node/extensionHostProcess.js:80:1972)
	at n.fire (/usr/lib/code/out/vs/workbench/api/node/extensionHostProcess.js:80:2188)
	at Object.m [as dispose] (/usr/lib/code/extensions/git/dist/main.js:2:940613)
	at /usr/lib/code/extensions/git/dist/main.js:2:945566
	at Array.forEach (<anonymous>)
	at p.dispose (/usr/lib/code/extensions/git/dist/main.js:2:945552)
	at u.<anonymous> (/usr/lib/code/out/vs/workbench/api/node/extensionHostProcess.js:137:3620)
	at u.dispose (/usr/lib/code/out/vs/workbench/api/node/extensionHostProcess.js:137:3717)
	at u.<anonymous> (/usr/lib/code/extensions/git/dist/main.js:2:926708)
	at u.dispose (/usr/lib/code/out/vs/workbench/api/node/extensionHostProcess.js:137:3717)
	at s (/usr/lib/code/out/vs/workbench/api/node/extensionHostProcess.js:30:754)
	at f.cb (/usr/lib/code/out/vs/workbench/api/node/extensionHostProcess.js:154:9873)
	at /usr/lib/code/out/vs/workbench/api/node/extensionHostProcess.js:154:7808
	at Array.map (<anonymous>)
	at f.Y (/usr/lib/code/out/vs/workbench/api/node/extensionHostProcess.js:154:7795)
	at f.terminate (/usr/lib/code/out/vs/workbench/api/node/extensionHostProcess.js:154:8068)
	at s.terminate (/usr/lib/code/out/vs/workbench/api/node/extensionHostProcess.js:158:1513)
	at a (/usr/lib/code/out/vs/workbench/api/node/extensionHostProcess.js:171:9802)
	at MessagePortMain.<anonymous> (/usr/lib/code/out/vs/workbench/api/node/extensionHostProcess.js:171:6227)
	at MessagePortMain.emit (node:events:513:28)
	at MessagePortMain._internalPort.emit (node:electron/js2c/utility_init:2:367) setContext undefined
2024-01-05 14:08:50.914 [error] Canceled: Canceled
	at new g (/usr/lib/code/out/vs/workbench/api/node/extensionHostProcess.js:141:110274)
	at l.U (/usr/lib/code/out/vs/workbench/api/node/extensionHostProcess.js:150:10866)
	at P.<computed>.j.charCodeAt.P.<computed> (/usr/lib/code/out/vs/workbench/api/node/extensionHostProcess.js:150:8317)
	at d.g (/usr/lib/code/out/vs/workbench/api/node/extensionHostProcess.js:141:139555)
	at d.executeCommand (/usr/lib/code/out/vs/workbench/api/node/extensionHostProcess.js:141:138993)
	at p.registerCommand.description (/usr/lib/code/out/vs/workbench/api/node/extensionHostProcess.js:141:138317)
	at d.h (/usr/lib/code/out/vs/workbench/api/node/extensionHostProcess.js:141:140094)
	at d.g (/usr/lib/code/out/vs/workbench/api/node/extensionHostProcess.js:141:139086)
	at d.executeCommand (/usr/lib/code/out/vs/workbench/api/node/extensionHostProcess.js:141:138993)
	at Object.executeCommand (/usr/lib/code/out/vs/workbench/api/node/extensionHostProcess.js:158:21333)
	at set b [as b] (/usr/lib/code/extensions/github/dist/extension.js:2:322364)
	at /usr/lib/code/extensions/github/dist/extension.js:2:323005
	at f.value (/usr/lib/code/extensions/git/dist/main.js:2:1016450)
	at n.y (/usr/lib/code/out/vs/workbench/api/node/extensionHostProcess.js:80:1902)
	at n.z (/usr/lib/code/out/vs/workbench/api/node/extensionHostProcess.js:80:1972)
	at n.fire (/usr/lib/code/out/vs/workbench/api/node/extensionHostProcess.js:80:2188)
	at Object.m [as dispose] (/usr/lib/code/extensions/git/dist/main.js:2:940613)
	at /usr/lib/code/extensions/git/dist/main.js:2:945566
	at Array.forEach (<anonymous>)
	at p.dispose (/usr/lib/code/extensions/git/dist/main.js:2:945552)
	at u.<anonymous> (/usr/lib/code/out/vs/workbench/api/node/extensionHostProcess.js:137:3620)
	at u.dispose (/usr/lib/code/out/vs/workbench/api/node/extensionHostProcess.js:137:3717)
	at u.<anonymous> (/usr/lib/code/extensions/git/dist/main.js:2:926708)
	at u.dispose (/usr/lib/code/out/vs/workbench/api/node/extensionHostProcess.js:137:3717)
	at s (/usr/lib/code/out/vs/workbench/api/node/extensionHostProcess.js:30:754)
	at f.cb (/usr/lib/code/out/vs/workbench/api/node/extensionHostProcess.js:154:9873)
	at /usr/lib/code/out/vs/workbench/api/node/extensionHostProcess.js:154:7808
	at Array.map (<anonymous>)
	at f.Y (/usr/lib/code/out/vs/workbench/api/node/extensionHostProcess.js:154:7795)
	at f.terminate (/usr/lib/code/out/vs/workbench/api/node/extensionHostProcess.js:154:8068)
	at s.terminate (/usr/lib/code/out/vs/workbench/api/node/extensionHostProcess.js:158:1513)
	at a (/usr/lib/code/out/vs/workbench/api/node/extensionHostProcess.js:171:9802)
	at MessagePortMain.<anonymous> (/usr/lib/code/out/vs/workbench/api/node/extensionHostProcess.js:171:6227)
	at MessagePortMain.emit (node:events:513:28)
	at MessagePortMain._internalPort.emit (node:electron/js2c/utility_init:2:367) setContext undefined
2024-01-05 14:08:50.921 [info] Extension host with pid 22571 exiting with code 0
2024-01-05 14:08:52.762 [info] Extension host with pid 23903 started
2024-01-05 14:08:52.762 [info] Skipping acquiring lock for /home/neutron/.config/Code - OSS/User/workspaceStorage/8c39811a2dd1f9b192e0d838bac7edb9.
2024-01-05 14:08:52.828 [info] ExtensionService#_doActivateExtension vscode.emmet, startup: false, activationEvent: 'onLanguage'
2024-01-05 14:08:52.852 [info] ExtensionService#_doActivateExtension ms-python.python, startup: false, activationEvent: 'onLanguage:python'
2024-01-05 14:08:53.197 [info] ExtensionService#_doActivateExtension vscode.git-base, startup: true, activationEvent: '*', root cause: vscode.git
2024-01-05 14:08:53.200 [info] ExtensionService#_doActivateExtension KnisterPeter.vscode-github, startup: true, activationEvent: '*'
2024-01-05 14:08:53.439 [info] ExtensionService#_doActivateExtension vscode.git, startup: true, activationEvent: '*'
2024-01-05 14:08:53.518 [info] ExtensionService#_doActivateExtension vscode.github, startup: true, activationEvent: '*'
2024-01-05 14:08:53.597 [info] Eager extensions activated
2024-01-05 14:08:53.627 [info] ExtensionService#_doActivateExtension vscode.debug-auto-launch, startup: false, activationEvent: 'onStartupFinished'
2024-01-05 14:08:53.629 [info] ExtensionService#_doActivateExtension vscode.merge-conflict, startup: false, activationEvent: 'onStartupFinished'
2024-01-05 14:08:53.651 [info] ExtensionService#_doActivateExtension Catppuccin.catppuccin-vsc, startup: false, activationEvent: 'onStartupFinished'
2024-01-05 14:08:53.812 [info] ExtensionService#_doActivateExtension vscode.json-language-features, startup: false, activationEvent: 'onLanguage:jsonc'
2024-01-05 14:08:53.884 [info] ExtensionService#_doActivateExtension vscode.typescript-language-features, startup: false, activationEvent: 'onLanguage:jsonc'
2024-01-05 14:08:53.958 [info] ExtensionService#_doActivateExtension vscode.github-authentication, startup: false, activationEvent: 'onAuthenticationRequest:github'
2024-01-05 14:08:54.376 [error] Error: Extension 'ms-python.python' CANNOT use API proposal: testObserver.
Its package.json#enabledApiProposals-property declares:  but NOT testObserver.
 The missing proposal MUST be added and you must start in extension development mode or use the following command line switch: --enable-proposed-api ms-python.python
	at v (/usr/lib/code/out/vs/workbench/api/node/extensionHostProcess.js:138:48007)
	at get testResults [as testResults] (/usr/lib/code/out/vs/workbench/api/node/extensionHostProcess.js:158:23805)
	at T.activate (/home/neutron/.vscode-oss/extensions/ms-python.python-2023.20.0-universal/out/client/extension.js:2:791840)
	at /home/neutron/.vscode-oss/extensions/ms-python.python-2023.20.0-universal/out/client/extension.js:2:2386
	at Array.map (<anonymous>)
	at g.activateWorkspace (/home/neutron/.vscode-oss/extensions/ms-python.python-2023.20.0-universal/out/client/extension.js:2:2376)
2024-01-05 14:42:19.589 [info] Extension host terminating: renderer closed the MessagePort
2024-01-05 14:42:19.617 [error] Canceled: Canceled
	at new g (/usr/lib/code/out/vs/workbench/api/node/extensionHostProcess.js:141:110274)
	at l.U (/usr/lib/code/out/vs/workbench/api/node/extensionHostProcess.js:150:10866)
	at P.<computed>.j.charCodeAt.P.<computed> (/usr/lib/code/out/vs/workbench/api/node/extensionHostProcess.js:150:8317)
	at d.g (/usr/lib/code/out/vs/workbench/api/node/extensionHostProcess.js:141:139555)
	at d.executeCommand (/usr/lib/code/out/vs/workbench/api/node/extensionHostProcess.js:141:138993)
	at p.registerCommand.description (/usr/lib/code/out/vs/workbench/api/node/extensionHostProcess.js:141:138317)
	at d.h (/usr/lib/code/out/vs/workbench/api/node/extensionHostProcess.js:141:140094)
	at d.g (/usr/lib/code/out/vs/workbench/api/node/extensionHostProcess.js:141:139086)
	at d.executeCommand (/usr/lib/code/out/vs/workbench/api/node/extensionHostProcess.js:141:138993)
	at Object.executeCommand (/usr/lib/code/out/vs/workbench/api/node/extensionHostProcess.js:158:21333)
	at f.I [as value] (/usr/lib/code/extensions/git/dist/main.js:2:924696)
	at n.y (/usr/lib/code/out/vs/workbench/api/node/extensionHostProcess.js:80:1902)
	at n.z (/usr/lib/code/out/vs/workbench/api/node/extensionHostProcess.js:80:1972)
	at n.fire (/usr/lib/code/out/vs/workbench/api/node/extensionHostProcess.js:80:2188)
	at Object.m [as dispose] (/usr/lib/code/extensions/git/dist/main.js:2:940613)
	at /usr/lib/code/extensions/git/dist/main.js:2:945566
	at Array.forEach (<anonymous>)
	at p.dispose (/usr/lib/code/extensions/git/dist/main.js:2:945552)
	at u.<anonymous> (/usr/lib/code/out/vs/workbench/api/node/extensionHostProcess.js:137:3620)
	at u.dispose (/usr/lib/code/out/vs/workbench/api/node/extensionHostProcess.js:137:3717)
	at u.<anonymous> (/usr/lib/code/extensions/git/dist/main.js:2:926708)
	at u.dispose (/usr/lib/code/out/vs/workbench/api/node/extensionHostProcess.js:137:3717)
	at s (/usr/lib/code/out/vs/workbench/api/node/extensionHostProcess.js:30:754)
	at f.cb (/usr/lib/code/out/vs/workbench/api/node/extensionHostProcess.js:154:9873)
	at /usr/lib/code/out/vs/workbench/api/node/extensionHostProcess.js:154:7808
	at Array.map (<anonymous>)
	at f.Y (/usr/lib/code/out/vs/workbench/api/node/extensionHostProcess.js:154:7795)
	at f.terminate (/usr/lib/code/out/vs/workbench/api/node/extensionHostProcess.js:154:8068)
	at s.terminate (/usr/lib/code/out/vs/workbench/api/node/extensionHostProcess.js:158:1513)
	at a (/usr/lib/code/out/vs/workbench/api/node/extensionHostProcess.js:171:9802)
	at MessagePortMain.<anonymous> (/usr/lib/code/out/vs/workbench/api/node/extensionHostProcess.js:171:6227)
	at MessagePortMain.emit (node:events:513:28)
	at MessagePortMain._internalPort.emit (node:electron/js2c/utility_init:2:367) setContext undefined
2024-01-05 14:42:19.619 [error] Canceled: Canceled
	at new g (/usr/lib/code/out/vs/workbench/api/node/extensionHostProcess.js:141:110274)
	at l.U (/usr/lib/code/out/vs/workbench/api/node/extensionHostProcess.js:150:10866)
	at P.<computed>.j.charCodeAt.P.<computed> (/usr/lib/code/out/vs/workbench/api/node/extensionHostProcess.js:150:8317)
	at d.g (/usr/lib/code/out/vs/workbench/api/node/extensionHostProcess.js:141:139555)
	at d.executeCommand (/usr/lib/code/out/vs/workbench/api/node/extensionHostProcess.js:141:138993)
	at p.registerCommand.description (/usr/lib/code/out/vs/workbench/api/node/extensionHostProcess.js:141:138317)
	at d.h (/usr/lib/code/out/vs/workbench/api/node/extensionHostProcess.js:141:140094)
	at d.g (/usr/lib/code/out/vs/workbench/api/node/extensionHostProcess.js:141:139086)
	at d.executeCommand (/usr/lib/code/out/vs/workbench/api/node/extensionHostProcess.js:141:138993)
	at Object.executeCommand (/usr/lib/code/out/vs/workbench/api/node/extensionHostProcess.js:158:21333)
	at set b [as b] (/usr/lib/code/extensions/github/dist/extension.js:2:322364)
	at /usr/lib/code/extensions/github/dist/extension.js:2:323005
	at f.value (/usr/lib/code/extensions/git/dist/main.js:2:1016450)
	at n.y (/usr/lib/code/out/vs/workbench/api/node/extensionHostProcess.js:80:1902)
	at n.z (/usr/lib/code/out/vs/workbench/api/node/extensionHostProcess.js:80:1972)
	at n.fire (/usr/lib/code/out/vs/workbench/api/node/extensionHostProcess.js:80:2188)
	at Object.m [as dispose] (/usr/lib/code/extensions/git/dist/main.js:2:940613)
	at /usr/lib/code/extensions/git/dist/main.js:2:945566
	at Array.forEach (<anonymous>)
	at p.dispose (/usr/lib/code/extensions/git/dist/main.js:2:945552)
	at u.<anonymous> (/usr/lib/code/out/vs/workbench/api/node/extensionHostProcess.js:137:3620)
	at u.dispose (/usr/lib/code/out/vs/workbench/api/node/extensionHostProcess.js:137:3717)
	at u.<anonymous> (/usr/lib/code/extensions/git/dist/main.js:2:926708)
	at u.dispose (/usr/lib/code/out/vs/workbench/api/node/extensionHostProcess.js:137:3717)
	at s (/usr/lib/code/out/vs/workbench/api/node/extensionHostProcess.js:30:754)
	at f.cb (/usr/lib/code/out/vs/workbench/api/node/extensionHostProcess.js:154:9873)
	at /usr/lib/code/out/vs/workbench/api/node/extensionHostProcess.js:154:7808
	at Array.map (<anonymous>)
	at f.Y (/usr/lib/code/out/vs/workbench/api/node/extensionHostProcess.js:154:7795)
	at f.terminate (/usr/lib/code/out/vs/workbench/api/node/extensionHostProcess.js:154:8068)
	at s.terminate (/usr/lib/code/out/vs/workbench/api/node/extensionHostProcess.js:158:1513)
	at a (/usr/lib/code/out/vs/workbench/api/node/extensionHostProcess.js:171:9802)
	at MessagePortMain.<anonymous> (/usr/lib/code/out/vs/workbench/api/node/extensionHostProcess.js:171:6227)
	at MessagePortMain.emit (node:events:513:28)
	at MessagePortMain._internalPort.emit (node:electron/js2c/utility_init:2:367) setContext undefined
2024-01-05 14:42:19.626 [info] Extension host with pid 23903 exiting with code 0
