2024-01-18 09:18:59.893 [info] Log level: Info
2024-01-18 09:18:59.893 [info] Validating found git in: "git"
2024-01-18 09:18:59.893 [info] Using git "2.43.0" from "git"
2024-01-18 09:18:59.893 [info] > git rev-parse --show-toplevel [3ms]
2024-01-18 09:18:59.894 [info] > git rev-parse --git-dir --git-common-dir [0ms]
2024-01-18 09:18:59.901 [info] Open repository: /home/neutron/Documents/spacestuff/git/FWHMscripts
2024-01-18 09:18:59.910 [info] > git rev-parse --show-toplevel [1ms]
2024-01-18 09:18:59.911 [info] > git config --get commit.template [4ms]
2024-01-18 09:18:59.917 [info] > git rev-parse --show-toplevel [3ms]
2024-01-18 09:18:59.918 [info] > git for-each-ref --format=%(refname)%00%(upstream:short)%00%(objectname)%00%(upstream:track)%00%(upstream:remotename)%00%(upstream:remoteref) refs/heads/main refs/remotes/main [1ms]
2024-01-18 09:18:59.924 [info] > git status -z -uall [2ms]
2024-01-18 09:18:59.934 [info] > git config --get commit.template [2ms]
2024-01-18 09:18:59.968 [info] > git for-each-ref --format=%(refname)%00%(upstream:short)%00%(objectname)%00%(upstream:track)%00%(upstream:remotename)%00%(upstream:remoteref) refs/heads/main refs/remotes/main [31ms]
2024-01-18 09:18:59.975 [info] > git status -z -uall [1ms]
2024-01-18 09:19:00.425 [info] > git check-ignore -v -z --stdin [2ms]
2024-01-18 09:19:01.314 [info] > git merge-base refs/heads/main refs/remotes/origin/main [10ms]
2024-01-18 09:19:01.319 [info] > git rev-list --count --left-right refs/heads/main...refs/remotes/origin/main [1ms]
2024-01-18 09:19:01.801 [info] > git check-ignore -v -z --stdin [2ms]
2024-01-18 09:19:02.805 [info] > git show --textconv HEAD:main.py [11ms]
2024-01-18 09:19:02.805 [info] > git ls-tree -l HEAD -- /home/neutron/Documents/spacestuff/git/FWHMscripts/main.py [6ms]
2024-01-18 09:19:09.130 [info] > git show --textconv HEAD:__pycache__/profileFitting.cpython-311.pyc [5ms]
2024-01-18 09:19:09.131 [info] > git ls-tree -l HEAD -- /home/neutron/Documents/spacestuff/git/FWHMscripts/__pycache__/profileFitting.cpython-311.pyc [1ms]
2024-01-18 09:19:09.136 [info] > git ls-tree -l HEAD -- /home/neutron/Documents/spacestuff/git/FWHMscripts/__pycache__/profileFitting.cpython-311.pyc [1ms]
2024-01-18 09:19:09.151 [info] > git ls-tree -l HEAD -- /home/neutron/Documents/spacestuff/git/FWHMscripts/__pycache__/profileFitting.cpython-311.pyc [1ms]
2024-01-18 09:19:11.966 [info] > git show --textconv HEAD:main.py [4ms]
2024-01-18 09:19:11.967 [info] > git ls-tree -l HEAD -- /home/neutron/Documents/spacestuff/git/FWHMscripts/main.py [1ms]
2024-01-18 09:20:19.922 [info] > git ls-tree -l HEAD -- /home/neutron/Documents/spacestuff/git/FWHMscripts/main.py [1ms]
2024-01-18 09:20:33.606 [info] > git ls-tree -l HEAD -- /home/neutron/Documents/spacestuff/git/FWHMscripts/main.py [1ms]
2024-01-18 09:20:50.569 [info] > git ls-tree -l HEAD -- /home/neutron/Documents/spacestuff/git/FWHMscripts/main.py [1ms]
2024-01-18 09:20:54.920 [info] > git ls-tree -l HEAD -- /home/neutron/Documents/spacestuff/git/FWHMscripts/main.py [1ms]
2024-01-18 09:20:54.943 [info] > git add -A -- . [2ms]
2024-01-18 09:20:54.952 [info] > git config --get commit.template [5ms]
2024-01-18 09:20:54.952 [info] > git for-each-ref --format=%(refname)%00%(upstream:short)%00%(objectname)%00%(upstream:track)%00%(upstream:remotename)%00%(upstream:remoteref) refs/heads/main refs/remotes/main [1ms]
2024-01-18 09:20:54.957 [info] > git status -z -uall [1ms]
2024-01-18 09:20:54.965 [info] > git -c user.useConfigOnly=true commit --quiet --allow-empty-message --file - [1ms]
2024-01-18 09:20:54.965 [info] Author identity unknown

*** Please tell me who you are.

Run

  git config --global user.email "you@example.com"
  git config --global user.name "Your Name"

to set your account's default identity.
Omit --global to set the identity only in this repository.

fatal: no email was given and auto-detection is disabled
2024-01-18 09:20:54.969 [info] > git config --get-all user.name [0ms]
2024-01-18 09:20:54.977 [info] > git config --get commit.template [4ms]
2024-01-18 09:20:54.977 [info] > git for-each-ref --format=%(refname)%00%(upstream:short)%00%(objectname)%00%(upstream:track)%00%(upstream:remotename)%00%(upstream:remoteref) refs/heads/main refs/remotes/main [1ms]
2024-01-18 09:20:54.983 [info] > git status -z -uall [2ms]
2024-01-18 09:20:58.043 [info] > git ls-files --stage -- /home/neutron/Documents/spacestuff/git/FWHMscripts/main.py [5ms]
2024-01-18 09:20:58.047 [info] > git config --get commit.template [5ms]
2024-01-18 09:20:58.052 [info] > git cat-file -s ec7d844df0e8a936395ebefd717acd6a3fb6ca8c [6ms]
2024-01-18 09:20:58.052 [info] > git for-each-ref --format=%(refname)%00%(upstream:short)%00%(objectname)%00%(upstream:track)%00%(upstream:remotename)%00%(upstream:remoteref) refs/heads/main refs/remotes/main [1ms]
2024-01-18 09:20:58.057 [info] > git status -z -uall [1ms]
2024-01-18 09:20:58.084 [info] > git ls-files --stage -- /home/neutron/Documents/spacestuff/git/FWHMscripts/main.py [1ms]
2024-01-18 09:20:58.096 [info] > git show --textconv :main.py [1ms]
2024-01-18 09:20:58.097 [info] > git cat-file -s ec7d844df0e8a936395ebefd717acd6a3fb6ca8c [8ms]
2024-01-18 09:20:58.123 [info] > git show --textconv :main.py [1ms]
2024-01-18 09:21:03.090 [info] > git config --get commit.template [13ms]
2024-01-18 09:21:03.091 [info] > git for-each-ref --format=%(refname)%00%(upstream:short)%00%(objectname)%00%(upstream:track)%00%(upstream:remotename)%00%(upstream:remoteref) refs/heads/main refs/remotes/main [2ms]
2024-01-18 09:21:03.099 [info] > git status -z -uall [1ms]
2024-01-18 09:21:30.623 [info] > git ls-files --stage -- /home/neutron/Documents/spacestuff/git/FWHMscripts/main.py [1ms]
2024-01-18 09:21:30.627 [info] > git cat-file -s ec7d844df0e8a936395ebefd717acd6a3fb6ca8c [0ms]
2024-01-18 09:21:51.430 [info] > git ls-files --stage -- /home/neutron/Documents/spacestuff/git/FWHMscripts/main.py [1ms]
2024-01-18 09:21:51.434 [info] > git cat-file -s ec7d844df0e8a936395ebefd717acd6a3fb6ca8c [1ms]
2024-01-18 09:21:52.671 [info] > git ls-files --stage -- /home/neutron/Documents/spacestuff/git/FWHMscripts/main.py [1ms]
2024-01-18 09:21:52.675 [info] > git cat-file -s ec7d844df0e8a936395ebefd717acd6a3fb6ca8c [0ms]
2024-01-18 09:22:45.158 [info] > git ls-files --stage -- /home/neutron/Documents/spacestuff/git/FWHMscripts/main.py [1ms]
2024-01-18 09:22:45.163 [info] > git cat-file -s ec7d844df0e8a936395ebefd717acd6a3fb6ca8c [1ms]
2024-01-18 09:24:30.347 [info] > git ls-files --stage -- /home/neutron/Documents/spacestuff/git/FWHMscripts/main.py [1ms]
2024-01-18 09:24:30.351 [info] > git cat-file -s ec7d844df0e8a936395ebefd717acd6a3fb6ca8c [1ms]
2024-01-18 09:25:16.796 [info] > git ls-files --stage -- /home/neutron/Documents/spacestuff/git/FWHMscripts/main.py [1ms]
2024-01-18 09:25:16.801 [info] > git cat-file -s ec7d844df0e8a936395ebefd717acd6a3fb6ca8c [1ms]
2024-01-18 09:25:18.574 [info] > git -c user.useConfigOnly=true commit --quiet --allow-empty-message --file - [2ms]
2024-01-18 09:25:18.574 [info] Author identity unknown

*** Please tell me who you are.

Run

  git config --global user.email "you@example.com"
  git config --global user.name "Your Name"

to set your account's default identity.
Omit --global to set the identity only in this repository.

fatal: no email was given and auto-detection is disabled
2024-01-18 09:25:18.579 [info] > git config --get-all user.name [1ms]
2024-01-18 09:25:18.584 [info] > git config --get-all user.email [1ms]
2024-01-18 09:25:18.592 [info] > git config --get commit.template [4ms]
2024-01-18 09:25:18.594 [info] > git for-each-ref --format=%(refname)%00%(upstream:short)%00%(objectname)%00%(upstream:track)%00%(upstream:remotename)%00%(upstream:remoteref) refs/heads/main refs/remotes/main [2ms]
2024-01-18 09:25:18.599 [info] > git status -z -uall [1ms]
2024-01-18 09:25:19.097 [info] > git ls-files --stage -- /home/neutron/Documents/spacestuff/git/FWHMscripts/main.py [1ms]
2024-01-18 09:25:19.102 [info] > git cat-file -s ec7d844df0e8a936395ebefd717acd6a3fb6ca8c [1ms]
2024-01-18 09:25:20.455 [info] > git ls-files --stage -- /home/neutron/Documents/spacestuff/git/FWHMscripts/main.py [1ms]
2024-01-18 09:25:20.462 [info] > git cat-file -s ec7d844df0e8a936395ebefd717acd6a3fb6ca8c [1ms]
2024-01-18 09:25:43.370 [info] > git ls-files --stage -- /home/neutron/Documents/spacestuff/git/FWHMscripts/main.py [1ms]
2024-01-18 09:25:43.375 [info] > git cat-file -s ec7d844df0e8a936395ebefd717acd6a3fb6ca8c [1ms]
2024-01-18 09:25:44.001 [info] > git -c user.useConfigOnly=true commit --quiet --allow-empty-message --file - [12ms]
2024-01-18 09:25:44.006 [info] > git config --get commit.template [0ms]
2024-01-18 09:25:44.013 [info] > git config --get commit.template [2ms]
2024-01-18 09:25:44.018 [info] > git for-each-ref --format=%(refname)%00%(upstream:short)%00%(objectname)%00%(upstream:track)%00%(upstream:remotename)%00%(upstream:remoteref) refs/heads/main refs/remotes/main [1ms]
2024-01-18 09:25:44.023 [info] > git status -z -uall [1ms]
2024-01-18 09:25:44.042 [info] > git merge-base refs/heads/main refs/remotes/origin/main [7ms]
2024-01-18 09:25:44.047 [info] > git config --get commit.template [6ms]
2024-01-18 09:25:44.048 [info] > git rev-list --count --left-right refs/heads/main...refs/remotes/origin/main [1ms]
2024-01-18 09:25:44.053 [info] > git for-each-ref --format=%(refname)%00%(upstream:short)%00%(objectname)%00%(upstream:track)%00%(upstream:remotename)%00%(upstream:remoteref) refs/heads/main refs/remotes/main [1ms]
2024-01-18 09:25:44.058 [info] > git status -z -uall [1ms]
2024-01-18 09:25:45.081 [info] > git config --get commit.template [4ms]
2024-01-18 09:25:45.081 [info] > git for-each-ref --format=%(refname)%00%(upstream:short)%00%(objectname)%00%(upstream:track)%00%(upstream:remotename)%00%(upstream:remoteref) refs/heads/main refs/remotes/main [1ms]
2024-01-18 09:25:45.086 [info] > git status -z -uall [1ms]
2024-01-18 09:25:45.636 [info] > git ls-tree -l HEAD -- /home/neutron/Documents/spacestuff/git/FWHMscripts/main.py [5ms]
2024-01-18 09:25:45.636 [info] > git ls-tree -l HEAD -- /home/neutron/Documents/spacestuff/git/FWHMscripts/main.py [1ms]
2024-01-18 09:25:45.646 [info] > git show --textconv HEAD:main.py [4ms]
2024-01-18 09:25:45.647 [info] > git show --textconv HEAD:main.py [1ms]
2024-01-18 09:25:47.292 [info] > git ls-tree -l HEAD -- /home/neutron/Documents/spacestuff/git/FWHMscripts/main.py [1ms]
2024-01-18 09:25:47.423 [info] > git log --oneline --cherry main...main@{upstream} -- [9ms]
2024-01-18 09:25:47.597 [info] > git pull --tags origin main [169ms]
2024-01-18 09:25:47.597 [info] From https://github.com/umbc-research/FWHMscripts
 * branch            main       -> FETCH_HEAD
2024-01-18 09:25:47.872 [info] > git ls-tree -l HEAD -- /home/neutron/Documents/spacestuff/git/FWHMscripts/main.py [1ms]
2024-01-18 09:25:49.551 [info] > git ls-tree -l HEAD -- /home/neutron/Documents/spacestuff/git/FWHMscripts/main.py [11ms]
2024-01-18 09:25:49.551 [info] > git ls-tree -l HEAD -- /home/neutron/Documents/spacestuff/git/FWHMscripts/main.py [1ms]
2024-01-18 09:25:49.560 [info] > git show --textconv HEAD:main.py [5ms]
2024-01-18 09:25:49.561 [info] > git show --textconv HEAD:main.py [1ms]
2024-01-18 09:25:51.988 [info] > git ls-tree -l HEAD -- /home/neutron/Documents/spacestuff/git/FWHMscripts/main.py [1ms]
2024-01-18 09:25:54.385 [info] > git ls-tree -l HEAD -- /home/neutron/Documents/spacestuff/git/FWHMscripts/main.py [1ms]
2024-01-18 09:26:18.403 [info] > git ls-tree -l HEAD -- /home/neutron/Documents/spacestuff/git/FWHMscripts/main.py [1ms]
2024-01-18 09:26:25.255 [info] > git ls-tree -l HEAD -- /home/neutron/Documents/spacestuff/git/FWHMscripts/main.py [1ms]
2024-01-18 09:26:26.033 [info] > git push origin main:main [38431ms]
2024-01-18 09:26:26.034 [info] To https://github.com/umbc-research/FWHMscripts.git
   01a76bd..51e5fae  main -> main
2024-01-18 09:26:26.043 [info] > git config --get commit.template [1ms]
2024-01-18 09:26:26.048 [info] > git for-each-ref --format=%(refname)%00%(upstream:short)%00%(objectname)%00%(upstream:track)%00%(upstream:remotename)%00%(upstream:remoteref) refs/heads/main refs/remotes/main [0ms]
2024-01-18 09:26:26.054 [info] > git status -z -uall [1ms]
2024-01-18 09:26:26.070 [info] > git merge-base refs/heads/main refs/remotes/origin/main [0ms]
2024-01-18 09:26:26.075 [info] > git config --get commit.template [11ms]
2024-01-18 09:26:26.080 [info] > git rev-list --count --left-right refs/heads/main...refs/remotes/origin/main [5ms]
2024-01-18 09:26:26.081 [info] > git for-each-ref --format=%(refname)%00%(upstream:short)%00%(objectname)%00%(upstream:track)%00%(upstream:remotename)%00%(upstream:remoteref) refs/heads/main refs/remotes/main [1ms]
2024-01-18 09:26:26.088 [info] > git status -z -uall [0ms]
2024-01-18 09:26:27.319 [info] > git ls-tree -l HEAD -- /home/neutron/Documents/spacestuff/git/FWHMscripts/main.py [2ms]
2024-01-18 09:26:27.327 [info] > git show --textconv HEAD:main.py [1ms]
2024-01-18 09:26:28.408 [info] > git fetch [174ms]
2024-01-18 09:26:28.419 [info] > git config --get commit.template [1ms]
2024-01-18 09:26:28.426 [info] > git for-each-ref --format=%(refname)%00%(upstream:short)%00%(objectname)%00%(upstream:track)%00%(upstream:remotename)%00%(upstream:remoteref) refs/heads/main refs/remotes/main [1ms]
2024-01-18 09:26:28.431 [info] > git status -z -uall [1ms]
2024-01-18 09:26:29.647 [info] > git ls-tree -l HEAD -- /home/neutron/Documents/spacestuff/git/FWHMscripts/main.py [1ms]
2024-01-18 09:26:29.657 [info] > git show --textconv HEAD:main.py [2ms]
2024-01-18 09:26:52.110 [info] > git config --get commit.template [1ms]
2024-01-18 09:26:52.110 [info] > git ls-tree -l HEAD -- /home/neutron/Documents/spacestuff/git/FWHMscripts/main.py [5ms]
2024-01-18 09:26:52.117 [info] > git for-each-ref --format=%(refname)%00%(upstream:short)%00%(objectname)%00%(upstream:track)%00%(upstream:remotename)%00%(upstream:remoteref) refs/heads/main refs/remotes/main [0ms]
2024-01-18 09:26:52.123 [info] > git status -z -uall [1ms]
2024-01-18 09:26:53.067 [info] > git ls-tree -l HEAD -- /home/neutron/Documents/spacestuff/git/FWHMscripts/main.py [1ms]
2024-01-18 09:27:05.907 [info] > git ls-tree -l HEAD -- /home/neutron/Documents/spacestuff/git/FWHMscripts/main.py [0ms]
2024-01-18 09:27:06.418 [info] > git ls-tree -l HEAD -- /home/neutron/Documents/spacestuff/git/FWHMscripts/main.py [1ms]
2024-01-18 09:27:07.285 [info] > git ls-tree -l HEAD -- /home/neutron/Documents/spacestuff/git/FWHMscripts/main.py [1ms]
2024-01-18 09:27:21.694 [info] > git ls-tree -l HEAD -- /home/neutron/Documents/spacestuff/git/FWHMscripts/main.py [1ms]
2024-01-18 09:27:35.195 [info] > git ls-tree -l HEAD -- /home/neutron/Documents/spacestuff/git/FWHMscripts/main.py [0ms]
2024-01-18 09:27:36.653 [info] > git ls-tree -l HEAD -- /home/neutron/Documents/spacestuff/git/FWHMscripts/main.py [1ms]
2024-01-18 09:27:37.983 [info] > git ls-tree -l HEAD -- /home/neutron/Documents/spacestuff/git/FWHMscripts/main.py [1ms]
2024-01-18 09:27:44.104 [info] > git ls-tree -l HEAD -- /home/neutron/Documents/spacestuff/git/FWHMscripts/main.py [0ms]
2024-01-18 09:27:58.674 [info] > git ls-tree -l HEAD -- /home/neutron/Documents/spacestuff/git/FWHMscripts/main.py [1ms]
2024-01-18 09:28:10.821 [info] > git ls-tree -l HEAD -- /home/neutron/Documents/spacestuff/git/FWHMscripts/main.py [1ms]
2024-01-18 09:28:44.973 [info] > git ls-tree -l HEAD -- /home/neutron/Documents/spacestuff/git/FWHMscripts/main.py [1ms]
2024-01-18 09:28:48.122 [info] > git ls-tree -l HEAD -- /home/neutron/Documents/spacestuff/git/FWHMscripts/main.py [1ms]
2024-01-18 09:28:59.082 [info] > git ls-tree -l HEAD -- /home/neutron/Documents/spacestuff/git/FWHMscripts/main.py [1ms]
2024-01-18 09:29:01.188 [info] > git ls-tree -l HEAD -- /home/neutron/Documents/spacestuff/git/FWHMscripts/main.py [1ms]
2024-01-18 09:29:04.625 [info] > git ls-tree -l HEAD -- /home/neutron/Documents/spacestuff/git/FWHMscripts/main.py [1ms]
2024-01-18 09:29:28.647 [info] > git fetch [180ms]
2024-01-18 09:29:28.672 [info] > git config --get commit.template [12ms]
2024-01-18 09:29:28.672 [info] > git for-each-ref --format=%(refname)%00%(upstream:short)%00%(objectname)%00%(upstream:track)%00%(upstream:remotename)%00%(upstream:remoteref) refs/heads/main refs/remotes/main [1ms]
2024-01-18 09:29:28.679 [info] > git status -z -uall [1ms]
2024-01-18 09:29:29.795 [info] > git config --get commit.template [14ms]
2024-01-18 09:29:29.795 [info] > git for-each-ref --format=%(refname)%00%(upstream:short)%00%(objectname)%00%(upstream:track)%00%(upstream:remotename)%00%(upstream:remoteref) refs/heads/main refs/remotes/main [2ms]
2024-01-18 09:29:29.801 [info] > git status -z -uall [1ms]
2024-01-18 09:29:29.882 [info] > git ls-tree -l HEAD -- /home/neutron/Documents/spacestuff/git/FWHMscripts/main.py [1ms]
2024-01-18 09:29:29.894 [info] > git show --textconv HEAD:main.py [2ms]
2024-01-18 09:29:34.815 [info] > git config --get commit.template [7ms]
2024-01-18 09:29:34.815 [info] > git for-each-ref --format=%(refname)%00%(upstream:short)%00%(objectname)%00%(upstream:track)%00%(upstream:remotename)%00%(upstream:remoteref) refs/heads/main refs/remotes/main [1ms]
2024-01-18 09:29:34.824 [info] > git status -z -uall [1ms]
2024-01-18 09:29:48.935 [info] > git ls-tree -l HEAD -- /home/neutron/Documents/spacestuff/git/FWHMscripts/main.py [1ms]
2024-01-18 09:29:53.717 [info] > git ls-tree -l HEAD -- /home/neutron/Documents/spacestuff/git/FWHMscripts/main.py [1ms]
2024-01-18 09:30:56.655 [info] > git ls-tree -l HEAD -- /home/neutron/Documents/spacestuff/git/FWHMscripts/main.py [1ms]
2024-01-18 09:31:09.772 [info] > git ls-tree -l HEAD -- /home/neutron/Documents/spacestuff/git/FWHMscripts/main.py [1ms]
2024-01-18 09:31:36.075 [info] > git ls-tree -l HEAD -- /home/neutron/Documents/spacestuff/git/FWHMscripts/main.py [0ms]
2024-01-18 09:31:40.003 [info] > git ls-tree -l HEAD -- /home/neutron/Documents/spacestuff/git/FWHMscripts/main.py [1ms]
2024-01-18 09:31:43.819 [info] > git ls-tree -l HEAD -- /home/neutron/Documents/spacestuff/git/FWHMscripts/main.py [1ms]
2024-01-18 09:31:53.144 [info] > git ls-tree -l HEAD -- /home/neutron/Documents/spacestuff/git/FWHMscripts/main.py [0ms]
2024-01-18 09:32:14.755 [info] > git config --get commit.template [7ms]
2024-01-18 09:32:14.755 [info] > git for-each-ref --format=%(refname)%00%(upstream:short)%00%(objectname)%00%(upstream:track)%00%(upstream:remotename)%00%(upstream:remoteref) refs/heads/main refs/remotes/main [1ms]
2024-01-18 09:32:14.762 [info] > git status -z -uall [1ms]
2024-01-18 09:32:17.284 [info] > git ls-tree -l HEAD -- /home/neutron/Documents/spacestuff/git/FWHMscripts/main.py [1ms]
2024-01-18 09:32:22.082 [info] > git add -A -- . [6ms]
2024-01-18 09:32:22.088 [info] > git ls-tree -l HEAD -- /home/neutron/Documents/spacestuff/git/FWHMscripts/main.py [6ms]
2024-01-18 09:32:22.089 [info] > git -c user.useConfigOnly=true commit --quiet --allow-empty-message --file - [2ms]
2024-01-18 09:32:22.096 [info] > git config --get commit.template [2ms]
2024-01-18 09:32:22.102 [info] > git config --get commit.template [1ms]
2024-01-18 09:32:22.109 [info] > git for-each-ref --format=%(refname)%00%(upstream:short)%00%(objectname)%00%(upstream:track)%00%(upstream:remotename)%00%(upstream:remoteref) refs/heads/main refs/remotes/main [1ms]
2024-01-18 09:32:22.115 [info] > git status -z -uall [1ms]
2024-01-18 09:32:22.144 [info] > git config --get commit.template [1ms]
2024-01-18 09:32:22.144 [info] > git merge-base refs/heads/main refs/remotes/origin/main [6ms]
2024-01-18 09:32:22.155 [info] > git rev-list --count --left-right refs/heads/main...refs/remotes/origin/main [5ms]
2024-01-18 09:32:22.162 [info] > git for-each-ref --format=%(refname)%00%(upstream:short)%00%(objectname)%00%(upstream:track)%00%(upstream:remotename)%00%(upstream:remoteref) refs/heads/main refs/remotes/main [1ms]
2024-01-18 09:32:22.169 [info] > git status -z -uall [1ms]
2024-01-18 09:32:23.282 [info] > git ls-tree -l HEAD -- /home/neutron/Documents/spacestuff/git/FWHMscripts/main.py [3ms]
2024-01-18 09:32:23.298 [info] > git show --textconv HEAD:main.py [2ms]
2024-01-18 09:32:24.162 [info] > git log --oneline --cherry main...main@{upstream} -- [2ms]
2024-01-18 09:32:24.379 [info] > git pull --tags origin main [211ms]
2024-01-18 09:32:24.379 [info] From https://github.com/umbc-research/FWHMscripts
 * branch            main       -> FETCH_HEAD
2024-01-18 09:32:25.353 [info] > git push origin main:main [958ms]
2024-01-18 09:32:25.353 [info] To https://github.com/umbc-research/FWHMscripts.git
   51e5fae..10f96e5  main -> main
2024-01-18 09:32:25.381 [info] > git config --get commit.template [13ms]
2024-01-18 09:32:25.381 [info] > git for-each-ref --format=%(refname)%00%(upstream:short)%00%(objectname)%00%(upstream:track)%00%(upstream:remotename)%00%(upstream:remoteref) refs/heads/main refs/remotes/main [1ms]
2024-01-18 09:32:25.388 [info] > git status -z -uall [1ms]
2024-01-18 09:32:25.397 [info] > git config --get commit.template [1ms]
2024-01-18 09:32:25.408 [info] > git merge-base refs/heads/main refs/remotes/origin/main [6ms]
2024-01-18 09:32:25.413 [info] > git for-each-ref --format=%(refname)%00%(upstream:short)%00%(objectname)%00%(upstream:track)%00%(upstream:remotename)%00%(upstream:remoteref) refs/heads/main refs/remotes/main [6ms]
2024-01-18 09:32:25.413 [info] > git rev-list --count --left-right refs/heads/main...refs/remotes/origin/main [0ms]
2024-01-18 09:32:25.420 [info] > git status -z -uall [1ms]
2024-01-18 09:32:45.209 [info] > git config --get commit.template [6ms]
2024-01-18 09:32:45.215 [info] > git ls-tree -l HEAD -- /home/neutron/Documents/spacestuff/git/FWHMscripts/main.py [7ms]
2024-01-18 09:32:45.220 [info] > git ls-tree -l HEAD -- /home/neutron/Documents/spacestuff/git/FWHMscripts/main.py [6ms]
2024-01-18 09:32:45.221 [info] > git for-each-ref --format=%(refname)%00%(upstream:short)%00%(objectname)%00%(upstream:track)%00%(upstream:remotename)%00%(upstream:remoteref) refs/heads/main refs/remotes/main [1ms]
2024-01-18 09:32:45.232 [info] > git show --textconv HEAD:main.py [6ms]
2024-01-18 09:32:45.232 [info] > git show --textconv HEAD:main.py [1ms]
2024-01-18 09:32:45.238 [info] > git status -z -uall [1ms]
2024-01-18 09:32:45.371 [info] > git fetch [174ms]
2024-01-18 09:32:45.381 [info] > git config --get commit.template [5ms]
2024-01-18 09:32:45.382 [info] > git for-each-ref --format=%(refname)%00%(upstream:short)%00%(objectname)%00%(upstream:track)%00%(upstream:remotename)%00%(upstream:remoteref) refs/heads/main refs/remotes/main [1ms]
2024-01-18 09:32:45.387 [info] > git status -z -uall [1ms]
2024-01-18 09:32:50.206 [info] > git ls-tree -l HEAD -- /home/neutron/Documents/spacestuff/git/FWHMscripts/main.py [6ms]
2024-01-18 09:32:50.207 [info] > git ls-tree -l HEAD -- /home/neutron/Documents/spacestuff/git/FWHMscripts/main.py [1ms]
2024-01-18 09:32:50.217 [info] > git show --textconv HEAD:main.py [5ms]
2024-01-18 09:32:50.218 [info] > git show --textconv HEAD:main.py [1ms]
2024-01-18 09:32:50.254 [info] > git config --get commit.template [5ms]
2024-01-18 09:32:50.254 [info] > git for-each-ref --format=%(refname)%00%(upstream:short)%00%(objectname)%00%(upstream:track)%00%(upstream:remotename)%00%(upstream:remoteref) refs/heads/main refs/remotes/main [0ms]
2024-01-18 09:32:50.260 [info] > git status -z -uall [1ms]
2024-01-18 09:34:21.162 [info] > git ls-tree -l HEAD -- /home/neutron/Documents/spacestuff/git/FWHMscripts/main.py [5ms]
2024-01-18 09:34:21.162 [info] > git config --get commit.template [1ms]
2024-01-18 09:34:21.168 [info] > git for-each-ref --format=%(refname)%00%(upstream:short)%00%(objectname)%00%(upstream:track)%00%(upstream:remotename)%00%(upstream:remoteref) refs/heads/main refs/remotes/main [1ms]
2024-01-18 09:34:21.174 [info] > git status -z -uall [1ms]
2024-01-18 09:37:15.761 [info] > git ls-tree -l HEAD -- /home/neutron/Documents/spacestuff/git/FWHMscripts/main.py [1ms]
2024-01-18 09:37:15.929 [info] > git fetch [175ms]
2024-01-18 09:37:15.945 [info] > git config --get commit.template [10ms]
2024-01-18 09:37:15.946 [info] > git for-each-ref --format=%(refname)%00%(upstream:short)%00%(objectname)%00%(upstream:track)%00%(upstream:remotename)%00%(upstream:remoteref) refs/heads/main refs/remotes/main [1ms]
2024-01-18 09:37:15.954 [info] > git status -z -uall [2ms]
2024-01-18 09:37:26.354 [info] > git config --get commit.template [1ms]
2024-01-18 09:37:26.354 [info] > git ls-tree -l HEAD -- /home/neutron/Documents/spacestuff/git/FWHMscripts/main.py [6ms]
2024-01-18 09:37:26.372 [info] > git show --textconv HEAD:main.py [6ms]
2024-01-18 09:37:26.372 [info] > git ls-tree -l HEAD -- /home/neutron/Documents/spacestuff/git/FWHMscripts/main.py [13ms]
2024-01-18 09:37:26.373 [info] > git for-each-ref --format=%(refname)%00%(upstream:short)%00%(objectname)%00%(upstream:track)%00%(upstream:remotename)%00%(upstream:remoteref) refs/heads/main refs/remotes/main [1ms]
2024-01-18 09:37:26.384 [info] > git show --textconv HEAD:main.py [5ms]
2024-01-18 09:37:26.385 [info] > git status -z -uall [1ms]
2024-01-18 09:37:33.751 [info] > git ls-tree -l HEAD -- /home/neutron/Documents/spacestuff/git/FWHMscripts/main.py [1ms]
2024-01-18 09:38:23.834 [info] > git ls-tree -l HEAD -- /home/neutron/Documents/spacestuff/git/FWHMscripts/main.py [0ms]
2024-01-18 09:38:29.264 [info] > git ls-tree -l HEAD -- /home/neutron/Documents/spacestuff/git/FWHMscripts/main.py [1ms]
2024-01-18 09:38:43.166 [info] > git ls-tree -l HEAD -- /home/neutron/Documents/spacestuff/git/FWHMscripts/main.py [1ms]
2024-01-18 09:38:49.920 [info] > git ls-tree -l HEAD -- /home/neutron/Documents/spacestuff/git/FWHMscripts/main.py [1ms]
2024-01-18 09:42:17.248 [info] > git ls-tree -l HEAD -- /home/neutron/Documents/spacestuff/git/FWHMscripts/main.py [1ms]
2024-01-18 09:42:17.445 [info] > git fetch [203ms]
2024-01-18 09:42:17.455 [info] > git config --get commit.template [4ms]
2024-01-18 09:42:17.456 [info] > git for-each-ref --format=%(refname)%00%(upstream:short)%00%(objectname)%00%(upstream:track)%00%(upstream:remotename)%00%(upstream:remoteref) refs/heads/main refs/remotes/main [1ms]
2024-01-18 09:42:17.461 [info] > git status -z -uall [1ms]
2024-01-18 09:42:18.590 [info] > git config --get commit.template [6ms]
2024-01-18 09:42:18.590 [info] > git for-each-ref --format=%(refname)%00%(upstream:short)%00%(objectname)%00%(upstream:track)%00%(upstream:remotename)%00%(upstream:remoteref) refs/heads/main refs/remotes/main [1ms]
2024-01-18 09:42:18.596 [info] > git status -z -uall [1ms]
2024-01-18 09:42:18.692 [info] > git ls-tree -l HEAD -- /home/neutron/Documents/spacestuff/git/FWHMscripts/main.py [3ms]
2024-01-18 09:42:18.708 [info] > git show --textconv HEAD:main.py [1ms]
2024-01-18 09:42:30.441 [info] > git ls-tree -l HEAD -- /home/neutron/Documents/spacestuff/git/FWHMscripts/main.py [5ms]
2024-01-18 09:42:30.442 [info] > git config --get commit.template [1ms]
2024-01-18 09:42:30.447 [info] > git for-each-ref --format=%(refname)%00%(upstream:short)%00%(objectname)%00%(upstream:track)%00%(upstream:remotename)%00%(upstream:remoteref) refs/heads/main refs/remotes/main [1ms]
2024-01-18 09:42:30.453 [info] > git status -z -uall [1ms]
2024-01-18 09:42:40.846 [info] > git ls-tree -l HEAD -- /home/neutron/Documents/spacestuff/git/FWHMscripts/main.py [1ms]
2024-01-18 09:46:33.280 [info] > git ls-tree -l HEAD -- /home/neutron/Documents/spacestuff/git/FWHMscripts/main.py [0ms]
2024-01-18 09:46:33.438 [info] > git fetch [163ms]
2024-01-18 09:46:33.447 [info] > git config --get commit.template [4ms]
2024-01-18 09:46:33.447 [info] > git for-each-ref --format=%(refname)%00%(upstream:short)%00%(objectname)%00%(upstream:track)%00%(upstream:remotename)%00%(upstream:remoteref) refs/heads/main refs/remotes/main [0ms]
2024-01-18 09:46:33.452 [info] > git status -z -uall [1ms]
