2024-01-18 09:29:33.064 [info] Getting Manifest... ms-python.python
2024-01-18 09:29:33.124 [info] Installing extension: ms-python.python
2024-01-18 09:29:33.978 [info] Getting Manifest... github.vscode-pull-request-github
2024-01-18 09:29:34.017 [info] Installing extension: github.vscode-pull-request-github
2024-01-18 09:29:35.013 [info] Extension signature verification is not done: ms-python.python
2024-01-18 09:29:35.013 [info] Extension signature verification is not done: github.vscode-pull-request-github
2024-01-18 09:29:35.072 [info] Extracted extension to file:///home/neutron/.vscode-oss/extensions/github.vscode-pull-request-github-0.78.1-universal: github.vscode-pull-request-github
2024-01-18 09:29:35.075 [info] Renamed to /home/neutron/.vscode-oss/extensions/github.vscode-pull-request-github-0.78.1-universal
2024-01-18 09:29:35.079 [info] Extracting extension completed. github.vscode-pull-request-github
2024-01-18 09:29:35.083 [info] Extension installed successfully: github.vscode-pull-request-github
2024-01-18 09:29:35.159 [error] [uncaught exception in sharedProcess]: Error: ENOENT: no such file or directory, stat '/home/neutron/.vscode-oss/extensions/extensions.json.vsctmp': EntryNotFound (FileSystemError): Error: ENOENT: no such file or directory, stat '/home/neutron/.vscode-oss/extensions/extensions.json.vsctmp'
    at r.create (/usr/lib/code/out/vs/code/node/sharedProcess/sharedProcessMain.js:51:30056)
    at a (/usr/lib/code/out/vs/code/node/sharedProcess/sharedProcessMain.js:51:30170)
    at s.fb (/usr/lib/code/out/vs/code/node/sharedProcess/sharedProcessMain.js:56:36175)
    at s.stat (/usr/lib/code/out/vs/code/node/sharedProcess/sharedProcessMain.js:56:28621)
    at async E.stat (/usr/lib/code/out/vs/code/node/sharedProcess/sharedProcessMain.js:56:15732)
    at async Y.tb (/usr/lib/code/out/vs/code/node/sharedProcess/sharedProcessMain.js:100:111319)
2024-01-18 09:29:36.030 [info] Extracted extension to file:///home/neutron/.vscode-oss/extensions/ms-python.python-2023.22.1-universal: ms-python.python
2024-01-18 09:29:36.044 [info] Renamed to /home/neutron/.vscode-oss/extensions/ms-python.python-2023.22.1-universal
2024-01-18 09:29:36.047 [info] Extracting extension completed. ms-python.python
2024-01-18 09:29:36.051 [info] Extension installed successfully: ms-python.python
2024-01-18 09:29:36.126 [error] [uncaught exception in sharedProcess]: Error: ENOENT: no such file or directory, stat '/home/neutron/.vscode-oss/extensions/extensions.json.vsctmp': EntryNotFound (FileSystemError): Error: ENOENT: no such file or directory, stat '/home/neutron/.vscode-oss/extensions/extensions.json.vsctmp'
    at r.create (/usr/lib/code/out/vs/code/node/sharedProcess/sharedProcessMain.js:51:30056)
    at a (/usr/lib/code/out/vs/code/node/sharedProcess/sharedProcessMain.js:51:30170)
    at s.fb (/usr/lib/code/out/vs/code/node/sharedProcess/sharedProcessMain.js:56:36175)
    at s.stat (/usr/lib/code/out/vs/code/node/sharedProcess/sharedProcessMain.js:56:28621)
    at async E.stat (/usr/lib/code/out/vs/code/node/sharedProcess/sharedProcessMain.js:56:15732)
    at async Y.tb (/usr/lib/code/out/vs/code/node/sharedProcess/sharedProcessMain.js:100:111319)
2024-01-18 09:29:43.556 [info] Getting Manifest... catppuccin.catppuccin-vsc
2024-01-18 09:29:43.598 [info] Installing extension: catppuccin.catppuccin-vsc
2024-01-18 09:29:44.054 [info] Extension signature verification is not done: catppuccin.catppuccin-vsc
2024-01-18 09:29:44.060 [info] Extracted extension to file:///home/neutron/.vscode-oss/extensions/catppuccin.catppuccin-vsc-3.11.0-universal: catppuccin.catppuccin-vsc
2024-01-18 09:29:44.062 [info] Renamed to /home/neutron/.vscode-oss/extensions/catppuccin.catppuccin-vsc-3.11.0-universal
2024-01-18 09:29:44.062 [info] Extracting extension completed. catppuccin.catppuccin-vsc
2024-01-18 09:29:44.066 [info] Extension installed successfully: catppuccin.catppuccin-vsc
2024-01-18 09:29:44.141 [error] [uncaught exception in sharedProcess]: Error: ENOENT: no such file or directory, stat '/home/neutron/.vscode-oss/extensions/extensions.json.vsctmp': EntryNotFound (FileSystemError): Error: ENOENT: no such file or directory, stat '/home/neutron/.vscode-oss/extensions/extensions.json.vsctmp'
    at r.create (/usr/lib/code/out/vs/code/node/sharedProcess/sharedProcessMain.js:51:30056)
    at a (/usr/lib/code/out/vs/code/node/sharedProcess/sharedProcessMain.js:51:30170)
    at s.fb (/usr/lib/code/out/vs/code/node/sharedProcess/sharedProcessMain.js:56:36175)
    at s.stat (/usr/lib/code/out/vs/code/node/sharedProcess/sharedProcessMain.js:56:28621)
    at async E.stat (/usr/lib/code/out/vs/code/node/sharedProcess/sharedProcessMain.js:56:15732)
    at async Y.tb (/usr/lib/code/out/vs/code/node/sharedProcess/sharedProcessMain.js:100:111319)
